**********************
PowerShell transcript start
Start time: 20220809185409
Username: SERVER\server
RunAs User: SERVER\server
Configuration Name: 
Machine: SERVER (Microsoft Windows NT 10.0.19044.0)
Host Application: C:\Program Files\PowerShell\7\pwsh.dll -NoProfile -ExecutionPolicy Bypass -Command Import-Module 'c:\Users\server\.vscode\extensions\ms-vscode.powershell-2022.7.2\modules\PowerShellEditorServices\PowerShellEditorServices.psd1'; Start-EditorServices -HostName 'Visual Studio Code Host' -HostProfileId 'Microsoft.VSCode' -HostVersion '2022.7.2' -AdditionalModules @('PowerShellEditorServices.VSCode') -BundledModulesPath 'c:\Users\server\.vscode\extensions\ms-vscode.powershell-2022.7.2\modules' -EnableConsoleRepl -StartupBanner "PowerShell Extension v2022.7.2
Copyright (c) Microsoft Corporation.

https://aka.ms/vscode-powershell
Type 'help' to get help.
" -LogLevel 'Normal' -LogPath 'c:\Users\server\AppData\Roaming\Code\User\globalStorage\ms-vscode.powershell\logs\1660060903-dd3729fa-4dd4-439f-879f-e3d56200b0c21660060898929\EditorServices.log' -SessionDetailsPath 'c:\Users\server\AppData\Roaming\Code\User\globalStorage\ms-vscode.powershell\sessions\PSES-VSCode-19360-603308.json' -FeatureFlags @() 
Process ID: 20104
PSVersion: 7.2.5
PSEdition: Core
GitCommitId: 7.2.5
OS: Microsoft Windows 10.0.19044
Platform: Win32NT
PSCompatibleVersions: 1.0, 2.0, 3.0, 4.0, 5.0, 5.1.10032.0, 6.0.0, 6.1.0, 6.2.0, 7.0.0, 7.1.0, 7.2.5
PSRemotingProtocolVersion: 2.3
SerializationVersion: 1.1.0.1
WSManStackVersion: 3.0
**********************

#####################################################################################################
#### PROCESANDO NUEVA SERIE: A Righteous Thirst for Vengeance
#####################################################################################################

    >> Lista de ficheros a procesar:

Q:\PRUEBAS\A Righteous Thirst for Vengeance (Image)(2021)(comics 8 continua)\A Righteous Thirst for Vengeance #01.cbz
Q:\PRUEBAS\A Righteous Thirst for Vengeance (Image)(2021)(comics 8 continua)\A Righteous Thirst for Vengeance #02.cbr
Q:\PRUEBAS\A Righteous Thirst for Vengeance (Image)(2021)(comics 8 continua)\A Righteous Thirst for Vengeance #03.cbr
Q:\PRUEBAS\A Righteous Thirst for Vengeance (Image)(2021)(comics 8 continua)\A Righteous Thirst for Vengeance #04.cbr
Q:\PRUEBAS\A Righteous Thirst for Vengeance (Image)(2021)(comics 8 continua)\A Righteous Thirst for Vengeance #05.cbr
Q:\PRUEBAS\A Righteous Thirst for Vengeance (Image)(2021)(comics 8 continua)\A Righteous Thirst for Vengeance #06.cbr
Q:\PRUEBAS\A Righteous Thirst for Vengeance (Image)(2021)(comics 8 continua)\A Righteous Thirst for Vengeance #07.cbr
Q:\PRUEBAS\A Righteous Thirst for Vengeance (Image)(2021)(comics 8 continua)\A Righteous Thirst for Vengeance #08.cbr
Q:\PRUEBAS\A Righteous Thirst for Vengeance (Image)(2021)(comics 8 continua)\A Righteous Thirst for Vengeance #09.cbr

MUEVO TODOS LOS COMIS AL DIRECTORIO RAIZ DE LA SERIE Y BORRO DIRECTORIOS VACIOS RECURSIVAMENTE


LIMPIO EL NOMBRE DEL COMIC

#####################################################################################################
#### PROCESANDO NUEVO COMIC: Q:\PRUEBAS\A Righteous Thirst for Vengeance (Image)(2021)(comics 8 continua)\A Righteous Thirst for Vengeance #01.cbz
#####################################################################################################
DESCOMPRIMO EL COMIC
    >> Borro los directorios temporales
    >> Descomprimo el comic
    >> Cambio los atributos a los ficheros para poder tener acceso
EJECUTO UNA LIMPIEZA DEL COMIC
    >> Borro todos los ficheros menores de 5k que son thumbnais y los visores de comics no entienden
    >> Quito directorios de MACOSX
    >> Elimino todos los ficheros que nos son jpg, png, xml ó webp
CONVIERTO LOS FICHEROS DE IMAGENES DEL COMIC A UN FORMATO ADECUADO
    >> Convirtiendo imagenes.... ( ¡Espere!, este proceso puede durar varios minutos )
ELIMINO LAS IMAGENES DE CREDITOS
    >> Borro ciertas imagenes que añaden lo recopiladores
    >> Genero las ultimas 7 miniaturas en formato 32x32
    >> Buscando creditos en las 7 ultimas imagenes del comic
ENCONTRADO VOLUMEN:  A Righteous Thirst For Vengeance
CUMPLE TODOS LOS PARAMETROS
Identificador: 0
COMIC:  A Righteous Thirst For Vengeance
ISSUE: 001
AÑO:  2021
NUMERO DE COMICS:  10
EDITORIAL:  Image
ID:  139442
URL:  https://comicvine.gamespot.com/api/volume/4050-139442/
ID:  139442
**********************
Command start time: 20220809185448
**********************
PS C:\scripts\Folderwatch> CommandInvocation(Get-Variable): "Get-Variable"
>> ParameterBinding(Get-Variable): name="Scope"; value="Global"
**********************
Command start time: 20220809185448
**********************
PS C:\scripts\Folderwatch> CommandInvocation(Get-Variable): "Get-Variable"
>> ParameterBinding(Get-Variable): name="Scope"; value="Global"
**********************
Command start time: 20220809185448
**********************
PS C:\scripts\Folderwatch> CommandInvocation(Get-Variable): "Get-Variable"
>> ParameterBinding(Get-Variable): name="Scope"; value="Global"
**********************
Command start time: 20220809185448
**********************
PS C:\scripts\Folderwatch> CommandInvocation(Get-Variable): "Get-Variable"
>> ParameterBinding(Get-Variable): name="Scope"; value="Global"
**********************
Command start time: 20220809185448
**********************
PS C:\scripts\Folderwatch> CommandInvocation(Get-Variable): "Get-Variable"
>> ParameterBinding(Get-Variable): name="Scope"; value="Global"
**********************
Command start time: 20220809185448
**********************
PS C:\scripts\Folderwatch> CommandInvocation(Get-Variable): "Get-Variable"
>> ParameterBinding(Get-Variable): name="Scope"; value="Global"
**********************
Command start time: 20220809185448
**********************
PS C:\scripts\Folderwatch> CommandInvocation(Get-Variable): "Get-Variable"
>> ParameterBinding(Get-Variable): name="Scope"; value="Global"
**********************
Command start time: 20220809185448
**********************
PS C:\scripts\Folderwatch> CommandInvocation(Get-Variable): "Get-Variable"
>> ParameterBinding(Get-Variable): name="Scope"; value="Global"
**********************
Command start time: 20220809185448
**********************
PS C:\scripts\Folderwatch> CommandInvocation(Get-Variable): "Get-Variable"
>> ParameterBinding(Get-Variable): name="Scope"; value="Global"
**********************
Command start time: 20220809185448
**********************
PS C:\scripts\Folderwatch> CommandInvocation(Get-Variable): "Get-Variable"
>> ParameterBinding(Get-Variable): name="Scope"; value="Global"
**********************
Command start time: 20220809185448
**********************
PS C:\scripts\Folderwatch> CommandInvocation(Get-Variable): "Get-Variable"
>> ParameterBinding(Get-Variable): name="Scope"; value="Global"
**********************
Command start time: 20220809185448
**********************
PS C:\scripts\Folderwatch> CommandInvocation(Get-Variable): "Get-Variable"
>> ParameterBinding(Get-Variable): name="Scope"; value="Script"
**********************
Command start time: 20220809185448
**********************
PS C:\scripts\Folderwatch> CommandInvocation(Get-Variable): "Get-Variable"
>> ParameterBinding(Get-Variable): name="Scope"; value="Script"
**********************
Command start time: 20220809185448
**********************
PS C:\scripts\Folderwatch> CommandInvocation(Get-Variable): "Get-Variable"
>> ParameterBinding(Get-Variable): name="Scope"; value="Script"
**********************
Command start time: 20220809185448
**********************
PS C:\scripts\Folderwatch> CommandInvocation(Get-Variable): "Get-Variable"
>> ParameterBinding(Get-Variable): name="Scope"; value="Script"
**********************
Command start time: 20220809185448
**********************
PS C:\scripts\Folderwatch> CommandInvocation(Get-Variable): "Get-Variable"
>> ParameterBinding(Get-Variable): name="Scope"; value="Script"
**********************
Command start time: 20220809185448
**********************
PS C:\scripts\Folderwatch> CommandInvocation(Get-Variable): "Get-Variable"
>> ParameterBinding(Get-Variable): name="Scope"; value="Script"
**********************
Command start time: 20220809185448
**********************
PS C:\scripts\Folderwatch> CommandInvocation(Get-Variable): "Get-Variable"
>> ParameterBinding(Get-Variable): name="Scope"; value="Script"
**********************
Command start time: 20220809185448
**********************
PS C:\scripts\Folderwatch> CommandInvocation(Get-Variable): "Get-Variable"
>> ParameterBinding(Get-Variable): name="Scope"; value="Script"
**********************
Command start time: 20220809185448
**********************
PS C:\scripts\Folderwatch> CommandInvocation(Get-Variable): "Get-Variable"
>> ParameterBinding(Get-Variable): name="Scope"; value="Script"
**********************
Command start time: 20220809185448
**********************
PS C:\scripts\Folderwatch> CommandInvocation(Get-Variable): "Get-Variable"
>> ParameterBinding(Get-Variable): name="Scope"; value="Script"
**********************
Command start time: 20220809185448
**********************
PS C:\scripts\Folderwatch> CommandInvocation(Get-Variable): "Get-Variable"
>> ParameterBinding(Get-Variable): name="Scope"; value="Script"
**********************
Command start time: 20220809185448
**********************
PS C:\scripts\Folderwatch> CommandInvocation(Get-Variable): "Get-Variable"
>> ParameterBinding(Get-Variable): name="Scope"; value="Local"
**********************
Command start time: 20220809185448
**********************
PS C:\scripts\Folderwatch> CommandInvocation(Get-Variable): "Get-Variable"
>> ParameterBinding(Get-Variable): name="Scope"; value="Local"
**********************
Command start time: 20220809185448
**********************
PS C:\scripts\Folderwatch> CommandInvocation(Get-Variable): "Get-Variable"
>> ParameterBinding(Get-Variable): name="Scope"; value="Local"
**********************
Command start time: 20220809185448
**********************
PS C:\scripts\Folderwatch> CommandInvocation(Get-Variable): "Get-Variable"
>> ParameterBinding(Get-Variable): name="Scope"; value="Local"
**********************
Command start time: 20220809185448
**********************
PS C:\scripts\Folderwatch> CommandInvocation(Get-Variable): "Get-Variable"
>> ParameterBinding(Get-Variable): name="Scope"; value="Local"
**********************
Command start time: 20220809185448
**********************
PS C:\scripts\Folderwatch> CommandInvocation(Get-Variable): "Get-Variable"
>> ParameterBinding(Get-Variable): name="Scope"; value="Local"
**********************
Command start time: 20220809185448
**********************
PS C:\scripts\Folderwatch> CommandInvocation(Get-Variable): "Get-Variable"
>> ParameterBinding(Get-Variable): name="Scope"; value="Local"
**********************
Command start time: 20220809185448
**********************
PS C:\scripts\Folderwatch> CommandInvocation(Get-Variable): "Get-Variable"
>> ParameterBinding(Get-Variable): name="Scope"; value="Local"
**********************
Command start time: 20220809185448
**********************
PS C:\scripts\Folderwatch> CommandInvocation(Get-Variable): "Get-Variable"
>> ParameterBinding(Get-Variable): name="Scope"; value="Local"
**********************
Command start time: 20220809185448
**********************
PS C:\scripts\Folderwatch> CommandInvocation(Get-Variable): "Get-Variable"
>> ParameterBinding(Get-Variable): name="Scope"; value="Local"
**********************
Command start time: 20220809185448
**********************
PS C:\scripts\Folderwatch> CommandInvocation(Get-Variable): "Get-Variable"
>> ParameterBinding(Get-Variable): name="Scope"; value="Local"
**********************
Command start time: 20220809185448
**********************
PS C:\scripts\Folderwatch> CommandInvocation(Get-Variable): "Get-Variable"
>> ParameterBinding(Get-Variable): name="Scope"; value="Local"
**********************
Command start time: 20220809185448
**********************
PS C:\scripts\Folderwatch> CommandInvocation(Get-Variable): "Get-Variable"
>> ParameterBinding(Get-Variable): name="Scope"; value="Local"
**********************
Command start time: 20220809185448
**********************
PS C:\scripts\Folderwatch> CommandInvocation(Get-Variable): "Get-Variable"
>> ParameterBinding(Get-Variable): name="Scope"; value="Local"
**********************
Command start time: 20220809185448
**********************
PS C:\scripts\Folderwatch> CommandInvocation(Get-Variable): "Get-Variable"
>> ParameterBinding(Get-Variable): name="Scope"; value="Local"
**********************
Command start time: 20220809185448
**********************
PS C:\scripts\Folderwatch> CommandInvocation(Get-Variable): "Get-Variable"
>> ParameterBinding(Get-Variable): name="Scope"; value="Local"
**********************
Command start time: 20220809185448
**********************
PS C:\scripts\Folderwatch> CommandInvocation(Get-Variable): "Get-Variable"
>> ParameterBinding(Get-Variable): name="Scope"; value="Local"
**********************
Command start time: 20220809185448
**********************
PS C:\scripts\Folderwatch> CommandInvocation(Get-Variable): "Get-Variable"
>> ParameterBinding(Get-Variable): name="Scope"; value="Local"
**********************
Command start time: 20220809185448
**********************
PS C:\scripts\Folderwatch> CommandInvocation(Get-Variable): "Get-Variable"
>> ParameterBinding(Get-Variable): name="Scope"; value="Local"
**********************
Command start time: 20220809185448
**********************
PS C:\scripts\Folderwatch> CommandInvocation(Get-Variable): "Get-Variable"
>> ParameterBinding(Get-Variable): name="Scope"; value="Local"
**********************
Command start time: 20220809185448
**********************
PS C:\scripts\Folderwatch> CommandInvocation(Get-Variable): "Get-Variable"
>> ParameterBinding(Get-Variable): name="Scope"; value="Local"
**********************
Command start time: 20220809185448
**********************
PS C:\scripts\Folderwatch> CommandInvocation(Get-Variable): "Get-Variable"
>> ParameterBinding(Get-Variable): name="Scope"; value="Local"
**********************
Command start time: 20220809185502
**********************
PS C:\scripts\Folderwatch> $out_imagen
>> CommandInvocation(Out-String): "Out-String"
>> ParameterBinding(Out-String): name="Stream"; value="True"
**********************
Command start time: 20220809185506
**********************
PS C:\scripts\Folderwatch> $out_image
>> CommandInvocation(Out-String): "Out-String"
>> ParameterBinding(Out-String): name="Stream"; value="True"
>> ParameterBinding(Out-String): name="InputObject"; value="C:\scripts\convierte\scrapping_cacheA Righteous Thirst For Vengeance #1 de 10 (139442 , 4050-139442)(Image)(2021).jpg"
**********************
Command start time: 20220809185540
**********************
C:\scripts\convierte\scrapping_cacheA Righteous Thirst For Vengeance #1 de 10 (139442 , 4050-139442)(Image)(2021).jpgCommandInvocation(Get-Command): "Get-Command"
>> ParameterBinding(Get-Command): name="ListImported"; value="True"
>> ParameterBinding(Get-Command): name="CommandType"; value="Alias"
**********************
Command start time: 20220809185555
**********************
C:\scripts\convierte\scrapping_cacheA Righteous Thirst For Vengeance #1 de 10 (139442 , 4050-139442)(Image)(2021).jpg& $mogrify -resize 32x32^! -colorspace Gray -verbose -path $scrapping_temp_dir $out_image
>> CommandInvocation(Out-String): "Out-String"
>> ParameterBinding(Out-String): name="Stream"; value="True"
**********************
Command start time: 20220809185555
**********************
C:\scripts\convierte\scrapping_cacheA Righteous Thirst For Vengeance #1 de 10 (139442 , 4050-139442)(Image)(2021).jpg JPEG 1988x3056 1988x3056+0+0 8-bit sRGB 1.36103MiB 0.063u 0:00.078
ParameterBinding(Out-String): name="InputObject"; value="C:\scripts\convierte\scrapping_cacheA Righteous Thirst For Vengeance #1 de 10 (139442 , 4050-139442)(Image)(2021).jpg JPEG 1988x3056 1988x3056+0+0 8-bit sRGB 1.36103MiB 0.063u 0:00.078"
**********************
Command start time: 20220809185555
**********************
C:\scripts\convierte\scrapping_cacheA Righteous Thirst For Vengeance #1 de 10 (139442 , 4050-139442)(Image)(2021).jpg JPEG 1988x3056 1988x3056+0+0 8-bit sRGB 1.36103MiB 0.063u 0:00.078ParameterBinding(Out-String): name="InputObject"; value="C:\scripts\convierte\scrapping_cacheA Righteous Thirst For Vengeance #1 de 10 (139442 , 4050-139442)(Image)(2021).jpg=>C:\scripts\convierte\scrapping_temp\scrapping_cacheA Righteous Thirst For Vengeance #1 de 10 (139442 , 4050-139442)(Image)(2021).jpg JPEG 1988x3056=>32x32 32x32+0+0 8-bit Grayscale Gray 627B 0.234u 0:00.238"
**********************
Command start time: 20220809185907
**********************
SITE DETAIL URL:  https://comicvine.gamespot.com/a-righteous-thirst-for-vengeance/4050-139442/CommandInvocation(Get-Variable): "Get-Variable"
>> ParameterBinding(Get-Variable): name="Scope"; value="Global"
**********************
Command start time: 20220809185907
**********************
SITE DETAIL URL:  https://comicvine.gamespot.com/a-righteous-thirst-for-vengeance/4050-139442/CommandInvocation(Get-Variable): "Get-Variable"
>> ParameterBinding(Get-Variable): name="Scope"; value="Global"
**********************
Command start time: 20220809185907
**********************
SITE DETAIL URL:  https://comicvine.gamespot.com/a-righteous-thirst-for-vengeance/4050-139442/CommandInvocation(Get-Variable): "Get-Variable"
>> ParameterBinding(Get-Variable): name="Scope"; value="Global"
**********************
Command start time: 20220809185907
**********************
SITE DETAIL URL:  https://comicvine.gamespot.com/a-righteous-thirst-for-vengeance/4050-139442/CommandInvocation(Get-Variable): "Get-Variable"
>> ParameterBinding(Get-Variable): name="Scope"; value="Global"
**********************
Command start time: 20220809185907
**********************
SITE DETAIL URL:  https://comicvine.gamespot.com/a-righteous-thirst-for-vengeance/4050-139442/CommandInvocation(Get-Variable): "Get-Variable"
>> ParameterBinding(Get-Variable): name="Scope"; value="Global"
**********************
Command start time: 20220809185907
**********************
SITE DETAIL URL:  https://comicvine.gamespot.com/a-righteous-thirst-for-vengeance/4050-139442/CommandInvocation(Get-Variable): "Get-Variable"
>> ParameterBinding(Get-Variable): name="Scope"; value="Global"
**********************
Command start time: 20220809185907
**********************
SITE DETAIL URL:  https://comicvine.gamespot.com/a-righteous-thirst-for-vengeance/4050-139442/CommandInvocation(Get-Variable): "Get-Variable"
>> ParameterBinding(Get-Variable): name="Scope"; value="Global"
**********************
Command start time: 20220809185907
**********************
SITE DETAIL URL:  https://comicvine.gamespot.com/a-righteous-thirst-for-vengeance/4050-139442/CommandInvocation(Get-Variable): "Get-Variable"
>> ParameterBinding(Get-Variable): name="Scope"; value="Global"
**********************
Command start time: 20220809185907
**********************
SITE DETAIL URL:  https://comicvine.gamespot.com/a-righteous-thirst-for-vengeance/4050-139442/CommandInvocation(Get-Variable): "Get-Variable"
>> ParameterBinding(Get-Variable): name="Scope"; value="Global"
**********************
Command start time: 20220809185907
**********************
SITE DETAIL URL:  https://comicvine.gamespot.com/a-righteous-thirst-for-vengeance/4050-139442/CommandInvocation(Get-Variable): "Get-Variable"
>> ParameterBinding(Get-Variable): name="Scope"; value="Global"
**********************
Command start time: 20220809185907
**********************
SITE DETAIL URL:  https://comicvine.gamespot.com/a-righteous-thirst-for-vengeance/4050-139442/CommandInvocation(Get-Variable): "Get-Variable"
>> ParameterBinding(Get-Variable): name="Scope"; value="Global"
**********************
Command start time: 20220809185907
**********************
SITE DETAIL URL:  https://comicvine.gamespot.com/a-righteous-thirst-for-vengeance/4050-139442/CommandInvocation(Get-Variable): "Get-Variable"
>> ParameterBinding(Get-Variable): name="Scope"; value="Script"
**********************
Command start time: 20220809185907
**********************
SITE DETAIL URL:  https://comicvine.gamespot.com/a-righteous-thirst-for-vengeance/4050-139442/CommandInvocation(Get-Variable): "Get-Variable"
>> ParameterBinding(Get-Variable): name="Scope"; value="Script"
**********************
Command start time: 20220809185907
**********************
SITE DETAIL URL:  https://comicvine.gamespot.com/a-righteous-thirst-for-vengeance/4050-139442/CommandInvocation(Get-Variable): "Get-Variable"
>> ParameterBinding(Get-Variable): name="Scope"; value="Script"
**********************
Command start time: 20220809185907
**********************
SITE DETAIL URL:  https://comicvine.gamespot.com/a-righteous-thirst-for-vengeance/4050-139442/CommandInvocation(Get-Variable): "Get-Variable"
>> ParameterBinding(Get-Variable): name="Scope"; value="Script"
**********************
Command start time: 20220809185907
**********************
SITE DETAIL URL:  https://comicvine.gamespot.com/a-righteous-thirst-for-vengeance/4050-139442/CommandInvocation(Get-Variable): "Get-Variable"
>> ParameterBinding(Get-Variable): name="Scope"; value="Script"
**********************
Command start time: 20220809185907
**********************
SITE DETAIL URL:  https://comicvine.gamespot.com/a-righteous-thirst-for-vengeance/4050-139442/CommandInvocation(Get-Variable): "Get-Variable"
>> ParameterBinding(Get-Variable): name="Scope"; value="Script"
**********************
Command start time: 20220809185907
**********************
SITE DETAIL URL:  https://comicvine.gamespot.com/a-righteous-thirst-for-vengeance/4050-139442/CommandInvocation(Get-Variable): "Get-Variable"
>> ParameterBinding(Get-Variable): name="Scope"; value="Script"
**********************
Command start time: 20220809185907
**********************
SITE DETAIL URL:  https://comicvine.gamespot.com/a-righteous-thirst-for-vengeance/4050-139442/CommandInvocation(Get-Variable): "Get-Variable"
>> ParameterBinding(Get-Variable): name="Scope"; value="Script"
**********************
Command start time: 20220809185907
**********************
SITE DETAIL URL:  https://comicvine.gamespot.com/a-righteous-thirst-for-vengeance/4050-139442/CommandInvocation(Get-Variable): "Get-Variable"
>> ParameterBinding(Get-Variable): name="Scope"; value="Script"
**********************
Command start time: 20220809185907
**********************
SITE DETAIL URL:  https://comicvine.gamespot.com/a-righteous-thirst-for-vengeance/4050-139442/CommandInvocation(Get-Variable): "Get-Variable"
>> ParameterBinding(Get-Variable): name="Scope"; value="Script"
**********************
Command start time: 20220809185907
**********************
SITE DETAIL URL:  https://comicvine.gamespot.com/a-righteous-thirst-for-vengeance/4050-139442/CommandInvocation(Get-Variable): "Get-Variable"
>> ParameterBinding(Get-Variable): name="Scope"; value="Script"
**********************
Command start time: 20220809185907
**********************
SITE DETAIL URL:  https://comicvine.gamespot.com/a-righteous-thirst-for-vengeance/4050-139442/CommandInvocation(Get-Variable): "Get-Variable"
>> ParameterBinding(Get-Variable): name="Scope"; value="Local"
**********************
Command start time: 20220809185907
**********************
SITE DETAIL URL:  https://comicvine.gamespot.com/a-righteous-thirst-for-vengeance/4050-139442/CommandInvocation(Get-Variable): "Get-Variable"
>> ParameterBinding(Get-Variable): name="Scope"; value="Local"
**********************
Command start time: 20220809185907
**********************
SITE DETAIL URL:  https://comicvine.gamespot.com/a-righteous-thirst-for-vengeance/4050-139442/CommandInvocation(Get-Variable): "Get-Variable"
>> ParameterBinding(Get-Variable): name="Scope"; value="Local"
**********************
Command start time: 20220809185907
**********************
SITE DETAIL URL:  https://comicvine.gamespot.com/a-righteous-thirst-for-vengeance/4050-139442/CommandInvocation(Get-Variable): "Get-Variable"
>> ParameterBinding(Get-Variable): name="Scope"; value="Local"
**********************
Command start time: 20220809185907
**********************
SITE DETAIL URL:  https://comicvine.gamespot.com/a-righteous-thirst-for-vengeance/4050-139442/CommandInvocation(Get-Variable): "Get-Variable"
>> ParameterBinding(Get-Variable): name="Scope"; value="Local"
**********************
Command start time: 20220809185907
**********************
SITE DETAIL URL:  https://comicvine.gamespot.com/a-righteous-thirst-for-vengeance/4050-139442/CommandInvocation(Get-Variable): "Get-Variable"
>> ParameterBinding(Get-Variable): name="Scope"; value="Local"
**********************
Command start time: 20220809185907
**********************
SITE DETAIL URL:  https://comicvine.gamespot.com/a-righteous-thirst-for-vengeance/4050-139442/CommandInvocation(Get-Variable): "Get-Variable"
>> ParameterBinding(Get-Variable): name="Scope"; value="Local"
**********************
Command start time: 20220809185907
**********************
SITE DETAIL URL:  https://comicvine.gamespot.com/a-righteous-thirst-for-vengeance/4050-139442/CommandInvocation(Get-Variable): "Get-Variable"
>> ParameterBinding(Get-Variable): name="Scope"; value="Local"
**********************
Command start time: 20220809185907
**********************
SITE DETAIL URL:  https://comicvine.gamespot.com/a-righteous-thirst-for-vengeance/4050-139442/CommandInvocation(Get-Variable): "Get-Variable"
>> ParameterBinding(Get-Variable): name="Scope"; value="Local"
**********************
Command start time: 20220809185907
**********************
SITE DETAIL URL:  https://comicvine.gamespot.com/a-righteous-thirst-for-vengeance/4050-139442/CommandInvocation(Get-Variable): "Get-Variable"
>> ParameterBinding(Get-Variable): name="Scope"; value="Local"
**********************
Command start time: 20220809185907
**********************
SITE DETAIL URL:  https://comicvine.gamespot.com/a-righteous-thirst-for-vengeance/4050-139442/CommandInvocation(Get-Variable): "Get-Variable"
>> ParameterBinding(Get-Variable): name="Scope"; value="Local"
**********************
Command start time: 20220809185907
**********************
SITE DETAIL URL:  https://comicvine.gamespot.com/a-righteous-thirst-for-vengeance/4050-139442/CommandInvocation(Get-Variable): "Get-Variable"
>> ParameterBinding(Get-Variable): name="Scope"; value="Local"
**********************
Command start time: 20220809185907
**********************
SITE DETAIL URL:  https://comicvine.gamespot.com/a-righteous-thirst-for-vengeance/4050-139442/CommandInvocation(Get-Variable): "Get-Variable"
>> ParameterBinding(Get-Variable): name="Scope"; value="Local"
**********************
Command start time: 20220809185907
**********************
SITE DETAIL URL:  https://comicvine.gamespot.com/a-righteous-thirst-for-vengeance/4050-139442/CommandInvocation(Get-Variable): "Get-Variable"
>> ParameterBinding(Get-Variable): name="Scope"; value="Local"
**********************
Command start time: 20220809185907
**********************
SITE DETAIL URL:  https://comicvine.gamespot.com/a-righteous-thirst-for-vengeance/4050-139442/CommandInvocation(Get-Variable): "Get-Variable"
>> ParameterBinding(Get-Variable): name="Scope"; value="Local"
**********************
Command start time: 20220809185907
**********************
SITE DETAIL URL:  https://comicvine.gamespot.com/a-righteous-thirst-for-vengeance/4050-139442/CommandInvocation(Get-Variable): "Get-Variable"
>> ParameterBinding(Get-Variable): name="Scope"; value="Local"
**********************
Command start time: 20220809185907
**********************
SITE DETAIL URL:  https://comicvine.gamespot.com/a-righteous-thirst-for-vengeance/4050-139442/CommandInvocation(Get-Variable): "Get-Variable"
>> ParameterBinding(Get-Variable): name="Scope"; value="Local"
**********************
Command start time: 20220809185907
**********************
SITE DETAIL URL:  https://comicvine.gamespot.com/a-righteous-thirst-for-vengeance/4050-139442/CommandInvocation(Get-Variable): "Get-Variable"
>> ParameterBinding(Get-Variable): name="Scope"; value="Local"
**********************
Command start time: 20220809185907
**********************
SITE DETAIL URL:  https://comicvine.gamespot.com/a-righteous-thirst-for-vengeance/4050-139442/CommandInvocation(Get-Variable): "Get-Variable"
>> ParameterBinding(Get-Variable): name="Scope"; value="Local"
**********************
Command start time: 20220809185907
**********************
SITE DETAIL URL:  https://comicvine.gamespot.com/a-righteous-thirst-for-vengeance/4050-139442/CommandInvocation(Get-Variable): "Get-Variable"
>> ParameterBinding(Get-Variable): name="Scope"; value="Local"
**********************
Command start time: 20220809185907
**********************
SITE DETAIL URL:  https://comicvine.gamespot.com/a-righteous-thirst-for-vengeance/4050-139442/CommandInvocation(Get-Variable): "Get-Variable"
>> ParameterBinding(Get-Variable): name="Scope"; value="Local"
**********************
Command start time: 20220809185907
**********************
SITE DETAIL URL:  https://comicvine.gamespot.com/a-righteous-thirst-for-vengeance/4050-139442/CommandInvocation(Get-Variable): "Get-Variable"
>> ParameterBinding(Get-Variable): name="Scope"; value="Local"
BUSCANDO COMICS
A Righteous Thirst for Vengeance # 1  -    -  888679
A Righteous Thirst for Vengeance # 2  -    -  894193
A Righteous Thirst for Vengeance # 3  -    -  899153
A Righteous Thirst for Vengeance # 4  -    -  903598
A Righteous Thirst for Vengeance # 5  -    -  907418
A Righteous Thirst for Vengeance # 6  -    -  913211
A Righteous Thirst for Vengeance # 7  -    -  921207
A Righteous Thirst for Vengeance # 8  -    -  928857
A Righteous Thirst for Vengeance # 9  -    -  933153
A Righteous Thirst for Vengeance # 10  -    -  939181
**********************
Command start time: 20220809185911
**********************
SITE DETAIL URL:  https://comicvine.gamespot.com/a-righteous-thirst-for-vengeance/4050-139442/CommandInvocation(Get-Variable): "Get-Variable"
>> ParameterBinding(Get-Variable): name="Scope"; value="Global"
**********************
Command start time: 20220809185911
**********************
SITE DETAIL URL:  https://comicvine.gamespot.com/a-righteous-thirst-for-vengeance/4050-139442/CommandInvocation(Get-Variable): "Get-Variable"
>> ParameterBinding(Get-Variable): name="Scope"; value="Global"
**********************
Command start time: 20220809185911
**********************
SITE DETAIL URL:  https://comicvine.gamespot.com/a-righteous-thirst-for-vengeance/4050-139442/CommandInvocation(Get-Variable): "Get-Variable"
>> ParameterBinding(Get-Variable): name="Scope"; value="Global"
**********************
Command start time: 20220809185911
**********************
SITE DETAIL URL:  https://comicvine.gamespot.com/a-righteous-thirst-for-vengeance/4050-139442/CommandInvocation(Get-Variable): "Get-Variable"
>> ParameterBinding(Get-Variable): name="Scope"; value="Global"
**********************
Command start time: 20220809185911
**********************
SITE DETAIL URL:  https://comicvine.gamespot.com/a-righteous-thirst-for-vengeance/4050-139442/CommandInvocation(Get-Variable): "Get-Variable"
>> ParameterBinding(Get-Variable): name="Scope"; value="Global"
**********************
Command start time: 20220809185911
**********************
SITE DETAIL URL:  https://comicvine.gamespot.com/a-righteous-thirst-for-vengeance/4050-139442/CommandInvocation(Get-Variable): "Get-Variable"
>> ParameterBinding(Get-Variable): name="Scope"; value="Global"
**********************
Command start time: 20220809185911
**********************
SITE DETAIL URL:  https://comicvine.gamespot.com/a-righteous-thirst-for-vengeance/4050-139442/CommandInvocation(Get-Variable): "Get-Variable"
>> ParameterBinding(Get-Variable): name="Scope"; value="Global"
**********************
Command start time: 20220809185911
**********************
SITE DETAIL URL:  https://comicvine.gamespot.com/a-righteous-thirst-for-vengeance/4050-139442/CommandInvocation(Get-Variable): "Get-Variable"
>> ParameterBinding(Get-Variable): name="Scope"; value="Global"
**********************
Command start time: 20220809185911
**********************
SITE DETAIL URL:  https://comicvine.gamespot.com/a-righteous-thirst-for-vengeance/4050-139442/CommandInvocation(Get-Variable): "Get-Variable"
>> ParameterBinding(Get-Variable): name="Scope"; value="Global"
**********************
Command start time: 20220809185911
**********************
SITE DETAIL URL:  https://comicvine.gamespot.com/a-righteous-thirst-for-vengeance/4050-139442/CommandInvocation(Get-Variable): "Get-Variable"
>> ParameterBinding(Get-Variable): name="Scope"; value="Global"
**********************
Command start time: 20220809185911
**********************
SITE DETAIL URL:  https://comicvine.gamespot.com/a-righteous-thirst-for-vengeance/4050-139442/CommandInvocation(Get-Variable): "Get-Variable"
>> ParameterBinding(Get-Variable): name="Scope"; value="Global"
**********************
Command start time: 20220809185911
**********************
SITE DETAIL URL:  https://comicvine.gamespot.com/a-righteous-thirst-for-vengeance/4050-139442/CommandInvocation(Get-Variable): "Get-Variable"
>> ParameterBinding(Get-Variable): name="Scope"; value="Script"
**********************
Command start time: 20220809185911
**********************
SITE DETAIL URL:  https://comicvine.gamespot.com/a-righteous-thirst-for-vengeance/4050-139442/CommandInvocation(Get-Variable): "Get-Variable"
>> ParameterBinding(Get-Variable): name="Scope"; value="Script"
**********************
Command start time: 20220809185911
**********************
SITE DETAIL URL:  https://comicvine.gamespot.com/a-righteous-thirst-for-vengeance/4050-139442/CommandInvocation(Get-Variable): "Get-Variable"
>> ParameterBinding(Get-Variable): name="Scope"; value="Script"
**********************
Command start time: 20220809185911
**********************
SITE DETAIL URL:  https://comicvine.gamespot.com/a-righteous-thirst-for-vengeance/4050-139442/CommandInvocation(Get-Variable): "Get-Variable"
>> ParameterBinding(Get-Variable): name="Scope"; value="Script"
**********************
Command start time: 20220809185911
**********************
SITE DETAIL URL:  https://comicvine.gamespot.com/a-righteous-thirst-for-vengeance/4050-139442/CommandInvocation(Get-Variable): "Get-Variable"
>> ParameterBinding(Get-Variable): name="Scope"; value="Script"
**********************
Command start time: 20220809185911
**********************
SITE DETAIL URL:  https://comicvine.gamespot.com/a-righteous-thirst-for-vengeance/4050-139442/CommandInvocation(Get-Variable): "Get-Variable"
>> ParameterBinding(Get-Variable): name="Scope"; value="Script"
**********************
Command start time: 20220809185911
**********************
SITE DETAIL URL:  https://comicvine.gamespot.com/a-righteous-thirst-for-vengeance/4050-139442/CommandInvocation(Get-Variable): "Get-Variable"
>> ParameterBinding(Get-Variable): name="Scope"; value="Script"
**********************
Command start time: 20220809185911
**********************
SITE DETAIL URL:  https://comicvine.gamespot.com/a-righteous-thirst-for-vengeance/4050-139442/CommandInvocation(Get-Variable): "Get-Variable"
>> ParameterBinding(Get-Variable): name="Scope"; value="Script"
**********************
Command start time: 20220809185911
**********************
SITE DETAIL URL:  https://comicvine.gamespot.com/a-righteous-thirst-for-vengeance/4050-139442/CommandInvocation(Get-Variable): "Get-Variable"
>> ParameterBinding(Get-Variable): name="Scope"; value="Script"
**********************
Command start time: 20220809185911
**********************
SITE DETAIL URL:  https://comicvine.gamespot.com/a-righteous-thirst-for-vengeance/4050-139442/CommandInvocation(Get-Variable): "Get-Variable"
>> ParameterBinding(Get-Variable): name="Scope"; value="Script"
**********************
Command start time: 20220809185911
**********************
SITE DETAIL URL:  https://comicvine.gamespot.com/a-righteous-thirst-for-vengeance/4050-139442/CommandInvocation(Get-Variable): "Get-Variable"
>> ParameterBinding(Get-Variable): name="Scope"; value="Script"
**********************
Command start time: 20220809185911
**********************
SITE DETAIL URL:  https://comicvine.gamespot.com/a-righteous-thirst-for-vengeance/4050-139442/CommandInvocation(Get-Variable): "Get-Variable"
>> ParameterBinding(Get-Variable): name="Scope"; value="Local"
**********************
Command start time: 20220809185911
**********************
SITE DETAIL URL:  https://comicvine.gamespot.com/a-righteous-thirst-for-vengeance/4050-139442/CommandInvocation(Get-Variable): "Get-Variable"
>> ParameterBinding(Get-Variable): name="Scope"; value="Local"
**********************
Command start time: 20220809185911
**********************
SITE DETAIL URL:  https://comicvine.gamespot.com/a-righteous-thirst-for-vengeance/4050-139442/CommandInvocation(Get-Variable): "Get-Variable"
>> ParameterBinding(Get-Variable): name="Scope"; value="Local"
**********************
Command start time: 20220809185911
**********************
SITE DETAIL URL:  https://comicvine.gamespot.com/a-righteous-thirst-for-vengeance/4050-139442/CommandInvocation(Get-Variable): "Get-Variable"
>> ParameterBinding(Get-Variable): name="Scope"; value="Local"
**********************
Command start time: 20220809185911
**********************
SITE DETAIL URL:  https://comicvine.gamespot.com/a-righteous-thirst-for-vengeance/4050-139442/CommandInvocation(Get-Variable): "Get-Variable"
>> ParameterBinding(Get-Variable): name="Scope"; value="Local"
**********************
Command start time: 20220809185911
**********************
SITE DETAIL URL:  https://comicvine.gamespot.com/a-righteous-thirst-for-vengeance/4050-139442/CommandInvocation(Get-Variable): "Get-Variable"
>> ParameterBinding(Get-Variable): name="Scope"; value="Local"
**********************
Command start time: 20220809185911
**********************
SITE DETAIL URL:  https://comicvine.gamespot.com/a-righteous-thirst-for-vengeance/4050-139442/CommandInvocation(Get-Variable): "Get-Variable"
>> ParameterBinding(Get-Variable): name="Scope"; value="Local"
**********************
Command start time: 20220809185911
**********************
SITE DETAIL URL:  https://comicvine.gamespot.com/a-righteous-thirst-for-vengeance/4050-139442/CommandInvocation(Get-Variable): "Get-Variable"
>> ParameterBinding(Get-Variable): name="Scope"; value="Local"
**********************
Command start time: 20220809185911
**********************
SITE DETAIL URL:  https://comicvine.gamespot.com/a-righteous-thirst-for-vengeance/4050-139442/CommandInvocation(Get-Variable): "Get-Variable"
>> ParameterBinding(Get-Variable): name="Scope"; value="Local"
**********************
Command start time: 20220809185911
**********************
SITE DETAIL URL:  https://comicvine.gamespot.com/a-righteous-thirst-for-vengeance/4050-139442/CommandInvocation(Get-Variable): "Get-Variable"
>> ParameterBinding(Get-Variable): name="Scope"; value="Local"
**********************
Command start time: 20220809185911
**********************
SITE DETAIL URL:  https://comicvine.gamespot.com/a-righteous-thirst-for-vengeance/4050-139442/CommandInvocation(Get-Variable): "Get-Variable"
>> ParameterBinding(Get-Variable): name="Scope"; value="Local"
**********************
Command start time: 20220809185911
**********************
SITE DETAIL URL:  https://comicvine.gamespot.com/a-righteous-thirst-for-vengeance/4050-139442/CommandInvocation(Get-Variable): "Get-Variable"
>> ParameterBinding(Get-Variable): name="Scope"; value="Local"
**********************
Command start time: 20220809185911
**********************
SITE DETAIL URL:  https://comicvine.gamespot.com/a-righteous-thirst-for-vengeance/4050-139442/CommandInvocation(Get-Variable): "Get-Variable"
>> ParameterBinding(Get-Variable): name="Scope"; value="Local"
**********************
Command start time: 20220809185911
**********************
SITE DETAIL URL:  https://comicvine.gamespot.com/a-righteous-thirst-for-vengeance/4050-139442/CommandInvocation(Get-Variable): "Get-Variable"
>> ParameterBinding(Get-Variable): name="Scope"; value="Local"
**********************
Command start time: 20220809185911
**********************
SITE DETAIL URL:  https://comicvine.gamespot.com/a-righteous-thirst-for-vengeance/4050-139442/CommandInvocation(Get-Variable): "Get-Variable"
>> ParameterBinding(Get-Variable): name="Scope"; value="Local"
**********************
Command start time: 20220809185911
**********************
SITE DETAIL URL:  https://comicvine.gamespot.com/a-righteous-thirst-for-vengeance/4050-139442/CommandInvocation(Get-Variable): "Get-Variable"
>> ParameterBinding(Get-Variable): name="Scope"; value="Local"
**********************
Command start time: 20220809185911
**********************
SITE DETAIL URL:  https://comicvine.gamespot.com/a-righteous-thirst-for-vengeance/4050-139442/CommandInvocation(Get-Variable): "Get-Variable"
>> ParameterBinding(Get-Variable): name="Scope"; value="Local"
**********************
Command start time: 20220809185911
**********************
SITE DETAIL URL:  https://comicvine.gamespot.com/a-righteous-thirst-for-vengeance/4050-139442/CommandInvocation(Get-Variable): "Get-Variable"
>> ParameterBinding(Get-Variable): name="Scope"; value="Local"
**********************
Command start time: 20220809185911
**********************
SITE DETAIL URL:  https://comicvine.gamespot.com/a-righteous-thirst-for-vengeance/4050-139442/CommandInvocation(Get-Variable): "Get-Variable"
>> ParameterBinding(Get-Variable): name="Scope"; value="Local"
**********************
Command start time: 20220809185911
**********************
SITE DETAIL URL:  https://comicvine.gamespot.com/a-righteous-thirst-for-vengeance/4050-139442/CommandInvocation(Get-Variable): "Get-Variable"
>> ParameterBinding(Get-Variable): name="Scope"; value="Local"
**********************
Command start time: 20220809185911
**********************
SITE DETAIL URL:  https://comicvine.gamespot.com/a-righteous-thirst-for-vengeance/4050-139442/CommandInvocation(Get-Variable): "Get-Variable"
>> ParameterBinding(Get-Variable): name="Scope"; value="Local"
**********************
Command start time: 20220809185911
**********************
SITE DETAIL URL:  https://comicvine.gamespot.com/a-righteous-thirst-for-vengeance/4050-139442/CommandInvocation(Get-Variable): "Get-Variable"
>> ParameterBinding(Get-Variable): name="Scope"; value="Local"
**********************
Command start time: 20220809185922
**********************
SITE DETAIL URL:  https://comicvine.gamespot.com/a-righteous-thirst-for-vengeance/4050-139442/CommandInvocation(Get-Variable): "Get-Variable"
>> ParameterBinding(Get-Variable): name="Scope"; value="Global"
**********************
Command start time: 20220809185922
**********************
SITE DETAIL URL:  https://comicvine.gamespot.com/a-righteous-thirst-for-vengeance/4050-139442/CommandInvocation(Get-Variable): "Get-Variable"
>> ParameterBinding(Get-Variable): name="Scope"; value="Global"
**********************
Command start time: 20220809185922
**********************
SITE DETAIL URL:  https://comicvine.gamespot.com/a-righteous-thirst-for-vengeance/4050-139442/CommandInvocation(Get-Variable): "Get-Variable"
>> ParameterBinding(Get-Variable): name="Scope"; value="Global"
**********************
Command start time: 20220809185922
**********************
SITE DETAIL URL:  https://comicvine.gamespot.com/a-righteous-thirst-for-vengeance/4050-139442/CommandInvocation(Get-Variable): "Get-Variable"
>> ParameterBinding(Get-Variable): name="Scope"; value="Global"
**********************
Command start time: 20220809185922
**********************
SITE DETAIL URL:  https://comicvine.gamespot.com/a-righteous-thirst-for-vengeance/4050-139442/CommandInvocation(Get-Variable): "Get-Variable"
>> ParameterBinding(Get-Variable): name="Scope"; value="Global"
**********************
Command start time: 20220809185922
**********************
SITE DETAIL URL:  https://comicvine.gamespot.com/a-righteous-thirst-for-vengeance/4050-139442/CommandInvocation(Get-Variable): "Get-Variable"
>> ParameterBinding(Get-Variable): name="Scope"; value="Global"
**********************
Command start time: 20220809185922
**********************
SITE DETAIL URL:  https://comicvine.gamespot.com/a-righteous-thirst-for-vengeance/4050-139442/CommandInvocation(Get-Variable): "Get-Variable"
>> ParameterBinding(Get-Variable): name="Scope"; value="Global"
**********************
Command start time: 20220809185922
**********************
SITE DETAIL URL:  https://comicvine.gamespot.com/a-righteous-thirst-for-vengeance/4050-139442/CommandInvocation(Get-Variable): "Get-Variable"
>> ParameterBinding(Get-Variable): name="Scope"; value="Global"
**********************
Command start time: 20220809185922
**********************
SITE DETAIL URL:  https://comicvine.gamespot.com/a-righteous-thirst-for-vengeance/4050-139442/CommandInvocation(Get-Variable): "Get-Variable"
>> ParameterBinding(Get-Variable): name="Scope"; value="Global"
**********************
Command start time: 20220809185922
**********************
SITE DETAIL URL:  https://comicvine.gamespot.com/a-righteous-thirst-for-vengeance/4050-139442/CommandInvocation(Get-Variable): "Get-Variable"
>> ParameterBinding(Get-Variable): name="Scope"; value="Global"
**********************
Command start time: 20220809185922
**********************
SITE DETAIL URL:  https://comicvine.gamespot.com/a-righteous-thirst-for-vengeance/4050-139442/CommandInvocation(Get-Variable): "Get-Variable"
>> ParameterBinding(Get-Variable): name="Scope"; value="Global"
**********************
Command start time: 20220809185922
**********************
SITE DETAIL URL:  https://comicvine.gamespot.com/a-righteous-thirst-for-vengeance/4050-139442/CommandInvocation(Get-Variable): "Get-Variable"
>> ParameterBinding(Get-Variable): name="Scope"; value="Script"
**********************
Command start time: 20220809185922
**********************
SITE DETAIL URL:  https://comicvine.gamespot.com/a-righteous-thirst-for-vengeance/4050-139442/CommandInvocation(Get-Variable): "Get-Variable"
>> ParameterBinding(Get-Variable): name="Scope"; value="Script"
**********************
Command start time: 20220809185922
**********************
SITE DETAIL URL:  https://comicvine.gamespot.com/a-righteous-thirst-for-vengeance/4050-139442/CommandInvocation(Get-Variable): "Get-Variable"
>> ParameterBinding(Get-Variable): name="Scope"; value="Script"
**********************
Command start time: 20220809185922
**********************
SITE DETAIL URL:  https://comicvine.gamespot.com/a-righteous-thirst-for-vengeance/4050-139442/CommandInvocation(Get-Variable): "Get-Variable"
>> ParameterBinding(Get-Variable): name="Scope"; value="Script"
**********************
Command start time: 20220809185922
**********************
SITE DETAIL URL:  https://comicvine.gamespot.com/a-righteous-thirst-for-vengeance/4050-139442/CommandInvocation(Get-Variable): "Get-Variable"
>> ParameterBinding(Get-Variable): name="Scope"; value="Script"
**********************
Command start time: 20220809185922
**********************
SITE DETAIL URL:  https://comicvine.gamespot.com/a-righteous-thirst-for-vengeance/4050-139442/CommandInvocation(Get-Variable): "Get-Variable"
>> ParameterBinding(Get-Variable): name="Scope"; value="Script"
**********************
Command start time: 20220809185922
**********************
SITE DETAIL URL:  https://comicvine.gamespot.com/a-righteous-thirst-for-vengeance/4050-139442/CommandInvocation(Get-Variable): "Get-Variable"
>> ParameterBinding(Get-Variable): name="Scope"; value="Script"
**********************
Command start time: 20220809185922
**********************
SITE DETAIL URL:  https://comicvine.gamespot.com/a-righteous-thirst-for-vengeance/4050-139442/CommandInvocation(Get-Variable): "Get-Variable"
>> ParameterBinding(Get-Variable): name="Scope"; value="Script"
**********************
Command start time: 20220809185922
**********************
SITE DETAIL URL:  https://comicvine.gamespot.com/a-righteous-thirst-for-vengeance/4050-139442/CommandInvocation(Get-Variable): "Get-Variable"
>> ParameterBinding(Get-Variable): name="Scope"; value="Script"
**********************
Command start time: 20220809185922
**********************
SITE DETAIL URL:  https://comicvine.gamespot.com/a-righteous-thirst-for-vengeance/4050-139442/CommandInvocation(Get-Variable): "Get-Variable"
>> ParameterBinding(Get-Variable): name="Scope"; value="Script"
**********************
Command start time: 20220809185922
**********************
SITE DETAIL URL:  https://comicvine.gamespot.com/a-righteous-thirst-for-vengeance/4050-139442/CommandInvocation(Get-Variable): "Get-Variable"
>> ParameterBinding(Get-Variable): name="Scope"; value="Script"
**********************
Command start time: 20220809185922
**********************
SITE DETAIL URL:  https://comicvine.gamespot.com/a-righteous-thirst-for-vengeance/4050-139442/CommandInvocation(Get-Variable): "Get-Variable"
>> ParameterBinding(Get-Variable): name="Scope"; value="Local"
**********************
Command start time: 20220809185922
**********************
SITE DETAIL URL:  https://comicvine.gamespot.com/a-righteous-thirst-for-vengeance/4050-139442/CommandInvocation(Get-Variable): "Get-Variable"
>> ParameterBinding(Get-Variable): name="Scope"; value="Local"
**********************
Command start time: 20220809185922
**********************
SITE DETAIL URL:  https://comicvine.gamespot.com/a-righteous-thirst-for-vengeance/4050-139442/CommandInvocation(Get-Variable): "Get-Variable"
>> ParameterBinding(Get-Variable): name="Scope"; value="Local"
**********************
Command start time: 20220809185922
**********************
SITE DETAIL URL:  https://comicvine.gamespot.com/a-righteous-thirst-for-vengeance/4050-139442/CommandInvocation(Get-Variable): "Get-Variable"
>> ParameterBinding(Get-Variable): name="Scope"; value="Local"
**********************
Command start time: 20220809185922
**********************
SITE DETAIL URL:  https://comicvine.gamespot.com/a-righteous-thirst-for-vengeance/4050-139442/CommandInvocation(Get-Variable): "Get-Variable"
>> ParameterBinding(Get-Variable): name="Scope"; value="Local"
**********************
Command start time: 20220809185922
**********************
SITE DETAIL URL:  https://comicvine.gamespot.com/a-righteous-thirst-for-vengeance/4050-139442/CommandInvocation(Get-Variable): "Get-Variable"
>> ParameterBinding(Get-Variable): name="Scope"; value="Local"
**********************
Command start time: 20220809185922
**********************
SITE DETAIL URL:  https://comicvine.gamespot.com/a-righteous-thirst-for-vengeance/4050-139442/CommandInvocation(Get-Variable): "Get-Variable"
>> ParameterBinding(Get-Variable): name="Scope"; value="Local"
**********************
Command start time: 20220809185922
**********************
SITE DETAIL URL:  https://comicvine.gamespot.com/a-righteous-thirst-for-vengeance/4050-139442/CommandInvocation(Get-Variable): "Get-Variable"
>> ParameterBinding(Get-Variable): name="Scope"; value="Local"
**********************
Command start time: 20220809185922
**********************
SITE DETAIL URL:  https://comicvine.gamespot.com/a-righteous-thirst-for-vengeance/4050-139442/CommandInvocation(Get-Variable): "Get-Variable"
>> ParameterBinding(Get-Variable): name="Scope"; value="Local"
**********************
Command start time: 20220809185922
**********************
SITE DETAIL URL:  https://comicvine.gamespot.com/a-righteous-thirst-for-vengeance/4050-139442/CommandInvocation(Get-Variable): "Get-Variable"
>> ParameterBinding(Get-Variable): name="Scope"; value="Local"
**********************
Command start time: 20220809185922
**********************
SITE DETAIL URL:  https://comicvine.gamespot.com/a-righteous-thirst-for-vengeance/4050-139442/CommandInvocation(Get-Variable): "Get-Variable"
>> ParameterBinding(Get-Variable): name="Scope"; value="Local"
**********************
Command start time: 20220809185922
**********************
SITE DETAIL URL:  https://comicvine.gamespot.com/a-righteous-thirst-for-vengeance/4050-139442/CommandInvocation(Get-Variable): "Get-Variable"
>> ParameterBinding(Get-Variable): name="Scope"; value="Local"
**********************
Command start time: 20220809185922
**********************
SITE DETAIL URL:  https://comicvine.gamespot.com/a-righteous-thirst-for-vengeance/4050-139442/CommandInvocation(Get-Variable): "Get-Variable"
>> ParameterBinding(Get-Variable): name="Scope"; value="Local"
**********************
Command start time: 20220809185922
**********************
SITE DETAIL URL:  https://comicvine.gamespot.com/a-righteous-thirst-for-vengeance/4050-139442/CommandInvocation(Get-Variable): "Get-Variable"
>> ParameterBinding(Get-Variable): name="Scope"; value="Local"
**********************
Command start time: 20220809185922
**********************
SITE DETAIL URL:  https://comicvine.gamespot.com/a-righteous-thirst-for-vengeance/4050-139442/CommandInvocation(Get-Variable): "Get-Variable"
>> ParameterBinding(Get-Variable): name="Scope"; value="Local"
**********************
Command start time: 20220809185922
**********************
SITE DETAIL URL:  https://comicvine.gamespot.com/a-righteous-thirst-for-vengeance/4050-139442/CommandInvocation(Get-Variable): "Get-Variable"
>> ParameterBinding(Get-Variable): name="Scope"; value="Local"
**********************
Command start time: 20220809185922
**********************
SITE DETAIL URL:  https://comicvine.gamespot.com/a-righteous-thirst-for-vengeance/4050-139442/CommandInvocation(Get-Variable): "Get-Variable"
>> ParameterBinding(Get-Variable): name="Scope"; value="Local"
**********************
Command start time: 20220809185922
**********************
SITE DETAIL URL:  https://comicvine.gamespot.com/a-righteous-thirst-for-vengeance/4050-139442/CommandInvocation(Get-Variable): "Get-Variable"
>> ParameterBinding(Get-Variable): name="Scope"; value="Local"
**********************
Command start time: 20220809185922
**********************
SITE DETAIL URL:  https://comicvine.gamespot.com/a-righteous-thirst-for-vengeance/4050-139442/CommandInvocation(Get-Variable): "Get-Variable"
>> ParameterBinding(Get-Variable): name="Scope"; value="Local"
**********************
Command start time: 20220809185922
**********************
SITE DETAIL URL:  https://comicvine.gamespot.com/a-righteous-thirst-for-vengeance/4050-139442/CommandInvocation(Get-Variable): "Get-Variable"
>> ParameterBinding(Get-Variable): name="Scope"; value="Local"
**********************
Command start time: 20220809185922
**********************
SITE DETAIL URL:  https://comicvine.gamespot.com/a-righteous-thirst-for-vengeance/4050-139442/CommandInvocation(Get-Variable): "Get-Variable"
>> ParameterBinding(Get-Variable): name="Scope"; value="Local"
**********************
Command start time: 20220809185922
**********************
SITE DETAIL URL:  https://comicvine.gamespot.com/a-righteous-thirst-for-vengeance/4050-139442/CommandInvocation(Get-Variable): "Get-Variable"
>> ParameterBinding(Get-Variable): name="Scope"; value="Local"
**********************
Command start time: 20220809185932
**********************
SITE DETAIL URL:  https://comicvine.gamespot.com/a-righteous-thirst-for-vengeance/4050-139442/TerminatingError(): "The pipeline has been stopped."
>> TerminatingError(): "The pipeline has been stopped."
>> TerminatingError(): "The pipeline has been stopped."
**********************
Command start time: 20220809185938
**********************
PS C:\scripts\Folderwatch> . "c:\scripts\convierte\ask_comicvine.ps1"
**********************
Command start time: 20220809190415
**********************
PS C:\scripts\Folderwatch> . "c:\scripts\convierte\comic-convert.ps1"
PATH DEL SCRIPT = C:\scripts\convierte

**********************
PowerShell transcript end
End time: 20220809190415
**********************
