**********************
PowerShell transcript start
Start time: 20220809191418
Username: SERVER\server
RunAs User: SERVER\server
Configuration Name: 
Machine: SERVER (Microsoft Windows NT 10.0.19044.0)
Host Application: C:\Program Files\PowerShell\7\pwsh.dll -NoProfile -ExecutionPolicy Bypass -Command Import-Module 'c:\Users\server\.vscode\extensions\ms-vscode.powershell-2022.7.2\modules\PowerShellEditorServices\PowerShellEditorServices.psd1'; Start-EditorServices -HostName 'Visual Studio Code Host' -HostProfileId 'Microsoft.VSCode' -HostVersion '2022.7.2' -AdditionalModules @('PowerShellEditorServices.VSCode') -BundledModulesPath 'c:\Users\server\.vscode\extensions\ms-vscode.powershell-2022.7.2\modules' -EnableConsoleRepl -StartupBanner "PowerShell Extension v2022.7.2
Copyright (c) Microsoft Corporation.

https://aka.ms/vscode-powershell
Type 'help' to get help.
" -LogLevel 'Normal' -LogPath 'c:\Users\server\AppData\Roaming\Code\User\globalStorage\ms-vscode.powershell\logs\1660060903-dd3729fa-4dd4-439f-879f-e3d56200b0c21660060898929\EditorServices.log' -SessionDetailsPath 'c:\Users\server\AppData\Roaming\Code\User\globalStorage\ms-vscode.powershell\sessions\PSES-VSCode-19360-603308.json' -FeatureFlags @() 
Process ID: 20104
PSVersion: 7.2.5
PSEdition: Core
GitCommitId: 7.2.5
OS: Microsoft Windows 10.0.19044
Platform: Win32NT
PSCompatibleVersions: 1.0, 2.0, 3.0, 4.0, 5.0, 5.1.10032.0, 6.0.0, 6.1.0, 6.2.0, 7.0.0, 7.1.0, 7.2.5
PSRemotingProtocolVersion: 2.3
SerializationVersion: 1.1.0.1
WSManStackVersion: 3.0
**********************

#####################################################################################################
#### PROCESANDO NUEVA SERIE: A Righteous Thirst for Vengeance
#####################################################################################################

    >> Lista de ficheros a procesar:

Q:\PRUEBAS\A Righteous Thirst for Vengeance (Image)(2021)(comics 8 continua)\A Righteous Thirst for Vengeance #01.cbz
Q:\PRUEBAS\A Righteous Thirst for Vengeance (Image)(2021)(comics 8 continua)\A Righteous Thirst for Vengeance #02.cbr
Q:\PRUEBAS\A Righteous Thirst for Vengeance (Image)(2021)(comics 8 continua)\A Righteous Thirst for Vengeance #03.cbr
Q:\PRUEBAS\A Righteous Thirst for Vengeance (Image)(2021)(comics 8 continua)\A Righteous Thirst for Vengeance #04.cbr
Q:\PRUEBAS\A Righteous Thirst for Vengeance (Image)(2021)(comics 8 continua)\A Righteous Thirst for Vengeance #05.cbr
Q:\PRUEBAS\A Righteous Thirst for Vengeance (Image)(2021)(comics 8 continua)\A Righteous Thirst for Vengeance #06.cbr
Q:\PRUEBAS\A Righteous Thirst for Vengeance (Image)(2021)(comics 8 continua)\A Righteous Thirst for Vengeance #07.cbr
Q:\PRUEBAS\A Righteous Thirst for Vengeance (Image)(2021)(comics 8 continua)\A Righteous Thirst for Vengeance #08.cbr
Q:\PRUEBAS\A Righteous Thirst for Vengeance (Image)(2021)(comics 8 continua)\A Righteous Thirst for Vengeance #09.cbr

MUEVO TODOS LOS COMIS AL DIRECTORIO RAIZ DE LA SERIE Y BORRO DIRECTORIOS VACIOS RECURSIVAMENTE


LIMPIO EL NOMBRE DEL COMIC

#####################################################################################################
#### PROCESANDO NUEVO COMIC: Q:\PRUEBAS\A Righteous Thirst for Vengeance (Image)(2021)(comics 8 continua)\A Righteous Thirst for Vengeance #01.cbz
#####################################################################################################
DESCOMPRIMO EL COMIC
    >> Borro los directorios temporales
    >> Descomprimo el comic
    >> Cambio los atributos a los ficheros para poder tener acceso
EJECUTO UNA LIMPIEZA DEL COMIC
    >> Borro todos los ficheros menores de 5k que son thumbnais y los visores de comics no entienden
    >> Quito directorios de MACOSX
    >> Elimino todos los ficheros que nos son jpg, png, xml ó webp
CONVIERTO LOS FICHEROS DE IMAGENES DEL COMIC A UN FORMATO ADECUADO
    >> Convirtiendo imagenes.... ( ¡Espere!, este proceso puede durar varios minutos )
ELIMINO LAS IMAGENES DE CREDITOS
    >> Borro ciertas imagenes que añaden lo recopiladores
    >> Genero las ultimas 7 miniaturas en formato 32x32
    >> Buscando creditos en las 7 ultimas imagenes del comic
ENCONTRADO VOLUMEN:  A Righteous Thirst For Vengeance
CUMPLE TODOS LOS PARAMETROS
Identificador: 0
COMIC:  A Righteous Thirst For Vengeance
ISSUE: 001
AÑO:  2021
NUMERO DE COMICS:  10
EDITORIAL:  Image
ID:  139442
URL:  https://comicvine.gamespot.com/api/volume/4050-139442/
ID:  139442
(139442 , 4050-139442)(Image)(2021).jpg JPEG 1988x3056=>32x32 32x32+0+0 8-bit Grayscale Gray 627B 0.219u 0:00.226

**********************
Command start time: 20220809191459
**********************
PS C:\scripts\Folderwatch> CommandInvocation(Get-Variable): "Get-Variable"
>> ParameterBinding(Get-Variable): name="Scope"; value="Global"
**********************
Command start time: 20220809191459
**********************
PS C:\scripts\Folderwatch> CommandInvocation(Get-Variable): "Get-Variable"
>> ParameterBinding(Get-Variable): name="Scope"; value="Global"
**********************
Command start time: 20220809191459
**********************
PS C:\scripts\Folderwatch> CommandInvocation(Get-Variable): "Get-Variable"
>> ParameterBinding(Get-Variable): name="Scope"; value="Global"
**********************
Command start time: 20220809191459
**********************
PS C:\scripts\Folderwatch> CommandInvocation(Get-Variable): "Get-Variable"
>> ParameterBinding(Get-Variable): name="Scope"; value="Global"
**********************
Command start time: 20220809191459
**********************
PS C:\scripts\Folderwatch> CommandInvocation(Get-Variable): "Get-Variable"
>> ParameterBinding(Get-Variable): name="Scope"; value="Global"
**********************
Command start time: 20220809191459
**********************
PS C:\scripts\Folderwatch> CommandInvocation(Get-Variable): "Get-Variable"
>> ParameterBinding(Get-Variable): name="Scope"; value="Global"
**********************
Command start time: 20220809191459
**********************
PS C:\scripts\Folderwatch> CommandInvocation(Get-Variable): "Get-Variable"
>> ParameterBinding(Get-Variable): name="Scope"; value="Global"
**********************
Command start time: 20220809191459
**********************
PS C:\scripts\Folderwatch> CommandInvocation(Get-Variable): "Get-Variable"
>> ParameterBinding(Get-Variable): name="Scope"; value="Global"
**********************
Command start time: 20220809191459
**********************
PS C:\scripts\Folderwatch> CommandInvocation(Get-Variable): "Get-Variable"
>> ParameterBinding(Get-Variable): name="Scope"; value="Global"
**********************
Command start time: 20220809191459
**********************
PS C:\scripts\Folderwatch> CommandInvocation(Get-Variable): "Get-Variable"
>> ParameterBinding(Get-Variable): name="Scope"; value="Global"
**********************
Command start time: 20220809191459
**********************
PS C:\scripts\Folderwatch> CommandInvocation(Get-Variable): "Get-Variable"
>> ParameterBinding(Get-Variable): name="Scope"; value="Global"
**********************
Command start time: 20220809191459
**********************
PS C:\scripts\Folderwatch> CommandInvocation(Get-Variable): "Get-Variable"
>> ParameterBinding(Get-Variable): name="Scope"; value="Global"
**********************
Command start time: 20220809191459
**********************
PS C:\scripts\Folderwatch> CommandInvocation(Get-Variable): "Get-Variable"
>> ParameterBinding(Get-Variable): name="Scope"; value="Global"
**********************
Command start time: 20220809191459
**********************
PS C:\scripts\Folderwatch> CommandInvocation(Get-Variable): "Get-Variable"
>> ParameterBinding(Get-Variable): name="Scope"; value="Global"
**********************
Command start time: 20220809191459
**********************
PS C:\scripts\Folderwatch> CommandInvocation(Get-Variable): "Get-Variable"
>> ParameterBinding(Get-Variable): name="Scope"; value="Global"
**********************
Command start time: 20220809191459
**********************
PS C:\scripts\Folderwatch> CommandInvocation(Get-Variable): "Get-Variable"
>> ParameterBinding(Get-Variable): name="Scope"; value="Script"
**********************
Command start time: 20220809191459
**********************
PS C:\scripts\Folderwatch> CommandInvocation(Get-Variable): "Get-Variable"
>> ParameterBinding(Get-Variable): name="Scope"; value="Script"
**********************
Command start time: 20220809191459
**********************
PS C:\scripts\Folderwatch> CommandInvocation(Get-Variable): "Get-Variable"
>> ParameterBinding(Get-Variable): name="Scope"; value="Script"
**********************
Command start time: 20220809191459
**********************
PS C:\scripts\Folderwatch> CommandInvocation(Get-Variable): "Get-Variable"
>> ParameterBinding(Get-Variable): name="Scope"; value="Script"
**********************
Command start time: 20220809191459
**********************
PS C:\scripts\Folderwatch> CommandInvocation(Get-Variable): "Get-Variable"
>> ParameterBinding(Get-Variable): name="Scope"; value="Script"
**********************
Command start time: 20220809191459
**********************
PS C:\scripts\Folderwatch> CommandInvocation(Get-Variable): "Get-Variable"
>> ParameterBinding(Get-Variable): name="Scope"; value="Script"
**********************
Command start time: 20220809191459
**********************
PS C:\scripts\Folderwatch> CommandInvocation(Get-Variable): "Get-Variable"
>> ParameterBinding(Get-Variable): name="Scope"; value="Script"
**********************
Command start time: 20220809191459
**********************
PS C:\scripts\Folderwatch> CommandInvocation(Get-Variable): "Get-Variable"
>> ParameterBinding(Get-Variable): name="Scope"; value="Script"
**********************
Command start time: 20220809191459
**********************
PS C:\scripts\Folderwatch> CommandInvocation(Get-Variable): "Get-Variable"
>> ParameterBinding(Get-Variable): name="Scope"; value="Script"
**********************
Command start time: 20220809191459
**********************
PS C:\scripts\Folderwatch> CommandInvocation(Get-Variable): "Get-Variable"
>> ParameterBinding(Get-Variable): name="Scope"; value="Script"
**********************
Command start time: 20220809191459
**********************
PS C:\scripts\Folderwatch> CommandInvocation(Get-Variable): "Get-Variable"
>> ParameterBinding(Get-Variable): name="Scope"; value="Script"
**********************
Command start time: 20220809191459
**********************
PS C:\scripts\Folderwatch> CommandInvocation(Get-Variable): "Get-Variable"
>> ParameterBinding(Get-Variable): name="Scope"; value="Script"
**********************
Command start time: 20220809191459
**********************
PS C:\scripts\Folderwatch> CommandInvocation(Get-Variable): "Get-Variable"
>> ParameterBinding(Get-Variable): name="Scope"; value="Script"
**********************
Command start time: 20220809191459
**********************
PS C:\scripts\Folderwatch> CommandInvocation(Get-Variable): "Get-Variable"
>> ParameterBinding(Get-Variable): name="Scope"; value="Script"
**********************
Command start time: 20220809191459
**********************
PS C:\scripts\Folderwatch> CommandInvocation(Get-Variable): "Get-Variable"
>> ParameterBinding(Get-Variable): name="Scope"; value="Script"
**********************
Command start time: 20220809191459
**********************
PS C:\scripts\Folderwatch> CommandInvocation(Get-Variable): "Get-Variable"
>> ParameterBinding(Get-Variable): name="Scope"; value="Local"
**********************
Command start time: 20220809191459
**********************
PS C:\scripts\Folderwatch> CommandInvocation(Get-Variable): "Get-Variable"
>> ParameterBinding(Get-Variable): name="Scope"; value="Local"
**********************
Command start time: 20220809191459
**********************
PS C:\scripts\Folderwatch> CommandInvocation(Get-Variable): "Get-Variable"
>> ParameterBinding(Get-Variable): name="Scope"; value="Local"
**********************
Command start time: 20220809191459
**********************
PS C:\scripts\Folderwatch> CommandInvocation(Get-Variable): "Get-Variable"
>> ParameterBinding(Get-Variable): name="Scope"; value="Local"
**********************
Command start time: 20220809191459
**********************
PS C:\scripts\Folderwatch> CommandInvocation(Get-Variable): "Get-Variable"
>> ParameterBinding(Get-Variable): name="Scope"; value="Local"
**********************
Command start time: 20220809191459
**********************
PS C:\scripts\Folderwatch> CommandInvocation(Get-Variable): "Get-Variable"
>> ParameterBinding(Get-Variable): name="Scope"; value="Local"
**********************
Command start time: 20220809191459
**********************
PS C:\scripts\Folderwatch> CommandInvocation(Get-Variable): "Get-Variable"
>> ParameterBinding(Get-Variable): name="Scope"; value="Local"
**********************
Command start time: 20220809191459
**********************
PS C:\scripts\Folderwatch> CommandInvocation(Get-Variable): "Get-Variable"
>> ParameterBinding(Get-Variable): name="Scope"; value="Local"
**********************
Command start time: 20220809191459
**********************
PS C:\scripts\Folderwatch> CommandInvocation(Get-Variable): "Get-Variable"
>> ParameterBinding(Get-Variable): name="Scope"; value="Local"
**********************
Command start time: 20220809191459
**********************
PS C:\scripts\Folderwatch> CommandInvocation(Get-Variable): "Get-Variable"
>> ParameterBinding(Get-Variable): name="Scope"; value="Local"
**********************
Command start time: 20220809191459
**********************
PS C:\scripts\Folderwatch> CommandInvocation(Get-Variable): "Get-Variable"
>> ParameterBinding(Get-Variable): name="Scope"; value="Local"
**********************
Command start time: 20220809191459
**********************
PS C:\scripts\Folderwatch> CommandInvocation(Get-Variable): "Get-Variable"
>> ParameterBinding(Get-Variable): name="Scope"; value="Local"
**********************
Command start time: 20220809191459
**********************
PS C:\scripts\Folderwatch> CommandInvocation(Get-Variable): "Get-Variable"
>> ParameterBinding(Get-Variable): name="Scope"; value="Local"
**********************
Command start time: 20220809191459
**********************
PS C:\scripts\Folderwatch> CommandInvocation(Get-Variable): "Get-Variable"
>> ParameterBinding(Get-Variable): name="Scope"; value="Local"
**********************
Command start time: 20220809191459
**********************
PS C:\scripts\Folderwatch> CommandInvocation(Get-Variable): "Get-Variable"
>> ParameterBinding(Get-Variable): name="Scope"; value="Local"
**********************
Command start time: 20220809191459
**********************
PS C:\scripts\Folderwatch> CommandInvocation(Get-Variable): "Get-Variable"
>> ParameterBinding(Get-Variable): name="Scope"; value="Local"
**********************
Command start time: 20220809191459
**********************
PS C:\scripts\Folderwatch> CommandInvocation(Get-Variable): "Get-Variable"
>> ParameterBinding(Get-Variable): name="Scope"; value="Local"
**********************
Command start time: 20220809191459
**********************
PS C:\scripts\Folderwatch> CommandInvocation(Get-Variable): "Get-Variable"
>> ParameterBinding(Get-Variable): name="Scope"; value="Local"
**********************
Command start time: 20220809191459
**********************
PS C:\scripts\Folderwatch> CommandInvocation(Get-Variable): "Get-Variable"
>> ParameterBinding(Get-Variable): name="Scope"; value="Local"
**********************
Command start time: 20220809191459
**********************
PS C:\scripts\Folderwatch> CommandInvocation(Get-Variable): "Get-Variable"
>> ParameterBinding(Get-Variable): name="Scope"; value="Local"
**********************
Command start time: 20220809191459
**********************
PS C:\scripts\Folderwatch> CommandInvocation(Get-Variable): "Get-Variable"
>> ParameterBinding(Get-Variable): name="Scope"; value="Local"
**********************
Command start time: 20220809191459
**********************
PS C:\scripts\Folderwatch> CommandInvocation(Get-Variable): "Get-Variable"
>> ParameterBinding(Get-Variable): name="Scope"; value="Local"
**********************
Command start time: 20220809191459
**********************
PS C:\scripts\Folderwatch> CommandInvocation(Get-Variable): "Get-Variable"
>> ParameterBinding(Get-Variable): name="Scope"; value="Local"
**********************
Command start time: 20220809191459
**********************
PS C:\scripts\Folderwatch> CommandInvocation(Get-Variable): "Get-Variable"
>> ParameterBinding(Get-Variable): name="Scope"; value="Local"
**********************
Command start time: 20220809191459
**********************
PS C:\scripts\Folderwatch> CommandInvocation(Get-Variable): "Get-Variable"
>> ParameterBinding(Get-Variable): name="Scope"; value="Local"
**********************
Command start time: 20220809191459
**********************
PS C:\scripts\Folderwatch> CommandInvocation(Get-Variable): "Get-Variable"
>> ParameterBinding(Get-Variable): name="Scope"; value="Local"
**********************
Command start time: 20220809191459
**********************
PS C:\scripts\Folderwatch> CommandInvocation(Get-Variable): "Get-Variable"
>> ParameterBinding(Get-Variable): name="Scope"; value="Local"
**********************
Command start time: 20220809191459
**********************
PS C:\scripts\Folderwatch> CommandInvocation(Get-Variable): "Get-Variable"
>> ParameterBinding(Get-Variable): name="Scope"; value="Local"
**********************
Command start time: 20220809191459
**********************
PS C:\scripts\Folderwatch> CommandInvocation(Get-Variable): "Get-Variable"
>> ParameterBinding(Get-Variable): name="Scope"; value="Local"
**********************
Command start time: 20220809191459
**********************
PS C:\scripts\Folderwatch> CommandInvocation(Get-Variable): "Get-Variable"
>> ParameterBinding(Get-Variable): name="Scope"; value="Local"
**********************
Command start time: 20220809192752
**********************
PS C:\scripts\Folderwatch> CommandInvocation(Resolve-Path): "Resolve-Path"
>> ParameterBinding(Resolve-Path): name="ErrorAction"; value="Ignore"
>> ParameterBinding(Resolve-Path): name="WarningAction"; value="Ignore"
>> ParameterBinding(Resolve-Path): name="InformationAction"; value="Ignore"
>> ParameterBinding(Resolve-Path): name="Verbose"; value="False"
>> ParameterBinding(Resolve-Path): name="Debug"; value="False"
>> ParameterBinding(Resolve-Path): name="Path"; value="i*"
>> TerminatingError(): "The pipeline has been stopped."
**********************
Command start time: 20220809192752
**********************
PS C:\scripts\Folderwatch> TerminatingError(): "The pipeline has been stopped."
**********************
Command start time: 20220809192755
**********************
PS C:\scripts\Folderwatch> CommandInvocation(Get-Item): "Get-Item"
>> ParameterBinding(Get-Item): name="ErrorAction"; value="Ignore"
>> ParameterBinding(Get-Item): name="WarningAction"; value="Ignore"
>> ParameterBinding(Get-Item): name="InformationAction"; value="Ignore"
>> ParameterBinding(Get-Item): name="Verbose"; value="False"
>> ParameterBinding(Get-Item): name="Debug"; value="False"
>> ParameterBinding(Get-Item): name="Path"; value="variable:*"
>> CommandInvocation(Sort-Object): "Sort-Object"
>> ParameterBinding(Sort-Object): name="ErrorAction"; value="Ignore"
>> ParameterBinding(Sort-Object): name="WarningAction"; value="Ignore"
>> ParameterBinding(Sort-Object): name="InformationAction"; value="Ignore"
>> ParameterBinding(Sort-Object): name="Verbose"; value="False"
>> ParameterBinding(Sort-Object): name="Debug"; value="False"
>> ParameterBinding(Sort-Object): name="Property"; value="Name"
>> ParameterBinding(Sort-Object): name="InputObject"; value="System.Management.Automation.NullVariable"
>> ParameterBinding(Sort-Object): name="InputObject"; value="System.Management.Automation.PSVariable"
>> ParameterBinding(Sort-Object): name="InputObject"; value="System.Management.Automation.PSVariable"
>> ParameterBinding(Sort-Object): name="InputObject"; value="System.Management.Automation.PSVariable"
>> ParameterBinding(Sort-Object): name="InputObject"; value="System.Management.Automation.PSVariable"
>> ParameterBinding(Sort-Object): name="InputObject"; value="System.Management.Automation.PSVariable"
>> ParameterBinding(Sort-Object): name="InputObject"; value="System.Management.Automation.PSVariable"
>> ParameterBinding(Sort-Object): name="InputObject"; value="System.Management.Automation.PSVariable"
>> ParameterBinding(Sort-Object): name="InputObject"; value="System.Management.Automation.PSVariable"
>> ParameterBinding(Sort-Object): name="InputObject"; value="System.Management.Automation.PSVariable"
>> ParameterBinding(Sort-Object): name="InputObject"; value="System.Management.Automation.PSVariable"
>> ParameterBinding(Sort-Object): name="InputObject"; value="System.Management.Automation.PSVariable"
>> ParameterBinding(Sort-Object): name="InputObject"; value="System.Management.Automation.PSVariable"
>> ParameterBinding(Sort-Object): name="InputObject"; value="System.Management.Automation.PSCultureVariable"
>> ParameterBinding(Sort-Object): name="InputObject"; value="System.Management.Automation.PSUICultureVariable"
>> ParameterBinding(Sort-Object): name="InputObject"; value="System.Management.Automation.QuestionMarkVariable"
>> ParameterBinding(Sort-Object): name="InputObject"; value="System.Management.Automation.PSVariable"
>> ParameterBinding(Sort-Object): name="InputObject"; value="System.Management.Automation.PSVariable"
>> ParameterBinding(Sort-Object): name="InputObject"; value="System.Management.Automation.PSVariable"
>> ParameterBinding(Sort-Object): name="InputObject"; value="System.Management.Automation.PSVariable"
>> ParameterBinding(Sort-Object): name="InputObject"; value="System.Management.Automation.LocalVariable"
>> ParameterBinding(Sort-Object): name="InputObject"; value="System.Management.Automation.LocalVariable"
>> ParameterBinding(Sort-Object): name="InputObject"; value="System.Management.Automation.LocalVariable"
>> ParameterBinding(Sort-Object): name="InputObject"; value="System.Management.Automation.LocalVariable"
>> ParameterBinding(Sort-Object): name="InputObject"; value="System.Management.Automation.LocalVariable"
>> ParameterBinding(Sort-Object): name="InputObject"; value="System.Management.Automation.LocalVariable"
>> ParameterBinding(Sort-Object): name="InputObject"; value="System.Management.Automation.LocalVariable"
>> ParameterBinding(Sort-Object): name="InputObject"; value="System.Management.Automation.LocalVariable"
>> ParameterBinding(Sort-Object): name="InputObject"; value="System.Management.Automation.LocalVariable"
>> ParameterBinding(Sort-Object): name="InputObject"; value="System.Management.Automation.LocalVariable"
>> ParameterBinding(Sort-Object): name="InputObject"; value="System.Management.Automation.LocalVariable"
>> ParameterBinding(Sort-Object): name="InputObject"; value="System.Management.Automation.PSVariable"
>> ParameterBinding(Sort-Object): name="InputObject"; value="System.Management.Automation.PSVariable"
>> ParameterBinding(Sort-Object): name="InputObject"; value="System.Management.Automation.PSVariable"
>> ParameterBinding(Sort-Object): name="InputObject"; value="System.Management.Automation.PSVariable"
>> ParameterBinding(Sort-Object): name="InputObject"; value="System.Management.Automation.PSVariable"
>> ParameterBinding(Sort-Object): name="InputObject"; value="System.Management.Automation.PSVariable"
>> ParameterBinding(Sort-Object): name="InputObject"; value="System.Management.Automation.PSVariable"
>> ParameterBinding(Sort-Object): name="InputObject"; value="System.Management.Automation.PSVariable"
>> ParameterBinding(Sort-Object): name="InputObject"; value="System.Management.Automation.PSVariable"
>> ParameterBinding(Sort-Object): name="InputObject"; value="System.Management.Automation.PSVariable"
>> ParameterBinding(Sort-Object): name="InputObject"; value="System.Management.Automation.PSVariable"
>> ParameterBinding(Sort-Object): name="InputObject"; value="System.Management.Automation.PSVariable"
>> ParameterBinding(Sort-Object): name="InputObject"; value="System.Management.Automation.PSVariable"
>> ParameterBinding(Sort-Object): name="InputObject"; value="System.Management.Automation.PSVariable"
>> ParameterBinding(Sort-Object): name="InputObject"; value="System.Management.Automation.PSVariable"
>> ParameterBinding(Sort-Object): name="InputObject"; value="System.Management.Automation.PSVariable"
>> ParameterBinding(Sort-Object): name="InputObject"; value="System.Management.Automation.PSVariable"
>> ParameterBinding(Sort-Object): name="InputObject"; value="System.Management.Automation.PSVariable"
>> ParameterBinding(Sort-Object): name="InputObject"; value="System.Management.Automation.PSVariable"
>> ParameterBinding(Sort-Object): name="InputObject"; value="System.Management.Automation.PSVariable"
>> ParameterBinding(Sort-Object): name="InputObject"; value="System.Management.Automation.PSVariable"
>> ParameterBinding(Sort-Object): name="InputObject"; value="System.Management.Automation.PSVariable"
>> ParameterBinding(Sort-Object): name="InputObject"; value="System.Management.Automation.PSVariable"
>> ParameterBinding(Sort-Object): name="InputObject"; value="System.Management.Automation.PSVariable"
>> ParameterBinding(Sort-Object): name="InputObject"; value="System.Management.Automation.PSVariable"
>> ParameterBinding(Sort-Object): name="InputObject"; value="System.Management.Automation.PSVariable"
>> ParameterBinding(Sort-Object): name="InputObject"; value="System.Management.Automation.PSVariable"
>> ParameterBinding(Sort-Object): name="InputObject"; value="System.Management.Automation.PSVariable"
>> ParameterBinding(Sort-Object): name="InputObject"; value="System.Management.Automation.PSVariable"
>> ParameterBinding(Sort-Object): name="InputObject"; value="System.Management.Automation.PSVariable"
>> ParameterBinding(Sort-Object): name="InputObject"; value="System.Management.Automation.PSVariable"
>> ParameterBinding(Sort-Object): name="InputObject"; value="System.Management.Automation.PSVariable"
>> ParameterBinding(Sort-Object): name="InputObject"; value="System.Management.Automation.PSVariable"
>> ParameterBinding(Sort-Object): name="InputObject"; value="System.Management.Automation.PSVariable"
>> ParameterBinding(Sort-Object): name="InputObject"; value="System.Management.Automation.PSVariable"
>> ParameterBinding(Sort-Object): name="InputObject"; value="System.Management.Automation.PSVariable"
>> ParameterBinding(Sort-Object): name="InputObject"; value="System.Management.Automation.PSVariable"
>> ParameterBinding(Sort-Object): name="InputObject"; value="System.Management.Automation.PSVariable"
>> ParameterBinding(Sort-Object): name="InputObject"; value="System.Management.Automation.PSVariable"
>> ParameterBinding(Sort-Object): name="InputObject"; value="System.Management.Automation.PSVariable"
>> ParameterBinding(Sort-Object): name="InputObject"; value="System.Management.Automation.PSVariable"
>> ParameterBinding(Sort-Object): name="InputObject"; value="System.Management.Automation.PSVariable"
>> ParameterBinding(Sort-Object): name="InputObject"; value="System.Management.Automation.PSVariable"
>> ParameterBinding(Sort-Object): name="InputObject"; value="System.Management.Automation.PSVariable"
>> ParameterBinding(Sort-Object): name="InputObject"; value="System.Management.Automation.PSVariable"
>> ParameterBinding(Sort-Object): name="InputObject"; value="System.Management.Automation.PSVariable"
>> ParameterBinding(Sort-Object): name="InputObject"; value="System.Management.Automation.PSVariable"
>> ParameterBinding(Sort-Object): name="InputObject"; value="System.Management.Automation.PSVariable"
>> ParameterBinding(Sort-Object): name="InputObject"; value="System.Management.Automation.PSVariable"
>> ParameterBinding(Sort-Object): name="InputObject"; value="System.Management.Automation.PSVariable"
>> ParameterBinding(Sort-Object): name="InputObject"; value="System.Management.Automation.PSVariable"
>> ParameterBinding(Sort-Object): name="InputObject"; value="System.Management.Automation.PSVariable"
>> ParameterBinding(Sort-Object): name="InputObject"; value="System.Management.Automation.PSVariable"
>> ParameterBinding(Sort-Object): name="InputObject"; value="System.Management.Automation.PSVariable"
>> ParameterBinding(Sort-Object): name="InputObject"; value="System.Management.Automation.PSVariable"
>> ParameterBinding(Sort-Object): name="InputObject"; value="System.Management.Automation.PSVariable"
>> ParameterBinding(Sort-Object): name="InputObject"; value="System.Management.Automation.PSVariable"
>> ParameterBinding(Sort-Object): name="InputObject"; value="System.Management.Automation.PSVariable"
>> ParameterBinding(Sort-Object): name="InputObject"; value="System.Management.Automation.PSVariable"
>> ParameterBinding(Sort-Object): name="InputObject"; value="System.Management.Automation.PSVariable"
>> ParameterBinding(Sort-Object): name="InputObject"; value="System.Management.Automation.PSVariable"
>> ParameterBinding(Sort-Object): name="InputObject"; value="System.Management.Automation.PSVariable"
>> ParameterBinding(Sort-Object): name="InputObject"; value="System.Management.Automation.PSVariable"
>> ParameterBinding(Sort-Object): name="InputObject"; value="System.Management.Automation.PSVariable"
>> ParameterBinding(Sort-Object): name="InputObject"; value="System.Management.Automation.PSVariable"
>> ParameterBinding(Sort-Object): name="InputObject"; value="System.Management.Automation.PSVariable"
>> ParameterBinding(Sort-Object): name="InputObject"; value="System.Management.Automation.PSVariable"
>> ParameterBinding(Sort-Object): name="InputObject"; value="System.Management.Automation.PSVariable"
>> ParameterBinding(Sort-Object): name="InputObject"; value="System.Management.Automation.PSVariable"
>> ParameterBinding(Sort-Object): name="InputObject"; value="System.Management.Automation.PSVariable"
>> ParameterBinding(Sort-Object): name="InputObject"; value="System.Management.Automation.PSVariable"
>> ParameterBinding(Sort-Object): name="InputObject"; value="System.Management.Automation.PSVariable"
>> ParameterBinding(Sort-Object): name="InputObject"; value="System.Management.Automation.PSVariable"
>> ParameterBinding(Sort-Object): name="InputObject"; value="System.Management.Automation.PSVariable"
>> ParameterBinding(Sort-Object): name="InputObject"; value="System.Management.Automation.PSVariable"
>> ParameterBinding(Sort-Object): name="InputObject"; value="System.Management.Automation.PSVariable"
>> ParameterBinding(Sort-Object): name="InputObject"; value="System.Management.Automation.PSVariable"
>> ParameterBinding(Sort-Object): name="InputObject"; value="System.Management.Automation.PSVariable"
>> ParameterBinding(Sort-Object): name="InputObject"; value="System.Management.Automation.PSVariable"
>> ParameterBinding(Sort-Object): name="InputObject"; value="System.Management.Automation.PSVariable"
>> ParameterBinding(Sort-Object): name="InputObject"; value="System.Management.Automation.PSVariable"
>> ParameterBinding(Sort-Object): name="InputObject"; value="System.Management.Automation.PSVariable"
>> ParameterBinding(Sort-Object): name="InputObject"; value="System.Management.Automation.PSVariable"
>> ParameterBinding(Sort-Object): name="InputObject"; value="System.Management.Automation.PSVariable"
>> ParameterBinding(Sort-Object): name="InputObject"; value="System.Management.Automation.PSVariable"
>> ParameterBinding(Sort-Object): name="InputObject"; value="System.Management.Automation.PSVariable"
>> ParameterBinding(Sort-Object): name="InputObject"; value="System.Management.Automation.PSVariable"
>> ParameterBinding(Sort-Object): name="InputObject"; value="System.Management.Automation.PSVariable"
>> ParameterBinding(Sort-Object): name="InputObject"; value="System.Management.Automation.PSVariable"
>> ParameterBinding(Sort-Object): name="InputObject"; value="System.Management.Automation.PSVariable"
>> ParameterBinding(Sort-Object): name="InputObject"; value="System.Management.Automation.PSVariable"
>> ParameterBinding(Sort-Object): name="InputObject"; value="System.Management.Automation.PSVariable"
>> ParameterBinding(Sort-Object): name="InputObject"; value="System.Management.Automation.PSVariable"
>> ParameterBinding(Sort-Object): name="InputObject"; value="System.Management.Automation.PSVariable"
>> ParameterBinding(Sort-Object): name="InputObject"; value="System.Management.Automation.PSVariable"
>> ParameterBinding(Sort-Object): name="InputObject"; value="System.Management.Automation.PSVariable"
>> ParameterBinding(Sort-Object): name="InputObject"; value="System.Management.Automation.PSVariable"
>> ParameterBinding(Sort-Object): name="InputObject"; value="System.Management.Automation.PSVariable"
>> ParameterBinding(Sort-Object): name="InputObject"; value="System.Management.Automation.PSVariable"
>> ParameterBinding(Sort-Object): name="InputObject"; value="System.Management.Automation.PSVariable"
>> ParameterBinding(Sort-Object): name="InputObject"; value="System.Management.Automation.PSVariable"
>> ParameterBinding(Sort-Object): name="InputObject"; value="System.Management.Automation.PSVariable"
>> ParameterBinding(Sort-Object): name="InputObject"; value="System.Management.Automation.PSVariable"
>> ParameterBinding(Sort-Object): name="InputObject"; value="System.Management.Automation.PSVariable"
>> ParameterBinding(Sort-Object): name="InputObject"; value="System.Management.Automation.PSVariable"
>> ParameterBinding(Sort-Object): name="InputObject"; value="System.Management.Automation.PSVariable"
>> ParameterBinding(Sort-Object): name="InputObject"; value="System.Management.Automation.PSVariable"
>> ParameterBinding(Sort-Object): name="InputObject"; value="System.Management.Automation.PSVariable"
>> ParameterBinding(Sort-Object): name="InputObject"; value="System.Management.Automation.PSVariable"
>> ParameterBinding(Sort-Object): name="InputObject"; value="System.Management.Automation.PSVariable"
>> ParameterBinding(Sort-Object): name="InputObject"; value="System.Management.Automation.PSVariable"
>> ParameterBinding(Sort-Object): name="InputObject"; value="System.Management.Automation.PSVariable"
>> ParameterBinding(Sort-Object): name="InputObject"; value="System.Management.Automation.PSVariable"
>> ParameterBinding(Sort-Object): name="InputObject"; value="System.Management.Automation.PSVariable"
>> ParameterBinding(Sort-Object): name="InputObject"; value="System.Management.Automation.PSVariable"
>> ParameterBinding(Sort-Object): name="InputObject"; value="System.Management.Automation.PSVariable"
>> ParameterBinding(Sort-Object): name="InputObject"; value="System.Management.Automation.PSVariable"
>> ParameterBinding(Sort-Object): name="InputObject"; value="System.Management.Automation.PSVariable"
>> ParameterBinding(Sort-Object): name="InputObject"; value="System.Management.Automation.PSVariable"
>> ParameterBinding(Sort-Object): name="InputObject"; value="System.Management.Automation.PSVariable"
>> ParameterBinding(Sort-Object): name="InputObject"; value="System.Management.Automation.PSVariable"
>> ParameterBinding(Sort-Object): name="InputObject"; value="System.Management.Automation.PSVariable"
>> ParameterBinding(Sort-Object): name="InputObject"; value="System.Management.Automation.PSVariable"
>> ParameterBinding(Sort-Object): name="InputObject"; value="System.Management.Automation.PSVariable"
>> ParameterBinding(Sort-Object): name="InputObject"; value="System.Management.Automation.PSVariable"
>> ParameterBinding(Sort-Object): name="InputObject"; value="System.Management.Automation.PSVariable"
>> ParameterBinding(Sort-Object): name="InputObject"; value="System.Management.Automation.PSVariable"
>> ParameterBinding(Sort-Object): name="InputObject"; value="System.Management.Automation.PSVariable"
>> ParameterBinding(Sort-Object): name="InputObject"; value="System.Management.Automation.PSVariable"
>> ParameterBinding(Sort-Object): name="InputObject"; value="System.Management.Automation.PSVariable"
>> ParameterBinding(Sort-Object): name="InputObject"; value="System.Management.Automation.PSVariable"
>> ParameterBinding(Sort-Object): name="InputObject"; value="System.Management.Automation.PSVariable"
>> ParameterBinding(Sort-Object): name="InputObject"; value="System.Management.Automation.PSVariable"
>> ParameterBinding(Sort-Object): name="InputObject"; value="System.Management.Automation.PSVariable"
>> ParameterBinding(Sort-Object): name="InputObject"; value="System.Management.Automation.PSVariable"
>> ParameterBinding(Sort-Object): name="InputObject"; value="System.Management.Automation.PSVariable"
>> ParameterBinding(Sort-Object): name="InputObject"; value="System.Management.Automation.PSVariable"
>> ParameterBinding(Sort-Object): name="InputObject"; value="System.Management.Automation.PSVariable"
>> ParameterBinding(Sort-Object): name="InputObject"; value="System.Management.Automation.PSVariable"
>> ParameterBinding(Sort-Object): name="InputObject"; value="System.Management.Automation.PSVariable"
>> ParameterBinding(Sort-Object): name="InputObject"; value="System.Management.Automation.PSVariable"
>> ParameterBinding(Sort-Object): name="InputObject"; value="System.Management.Automation.LocalVariable"
**********************
Command start time: 20220809192755
**********************
PS C:\scripts\Folderwatch> CommandInvocation(Get-Item): "Get-Item"
>> ParameterBinding(Get-Item): name="ErrorAction"; value="Ignore"
>> ParameterBinding(Get-Item): name="WarningAction"; value="Ignore"
>> ParameterBinding(Get-Item): name="InformationAction"; value="Ignore"
>> ParameterBinding(Get-Item): name="Verbose"; value="False"
>> ParameterBinding(Get-Item): name="Debug"; value="False"
>> ParameterBinding(Get-Item): name="Path"; value="env:*"
>> CommandInvocation(Sort-Object): "Sort-Object"
>> ParameterBinding(Sort-Object): name="ErrorAction"; value="Ignore"
>> ParameterBinding(Sort-Object): name="WarningAction"; value="Ignore"
>> ParameterBinding(Sort-Object): name="InformationAction"; value="Ignore"
>> ParameterBinding(Sort-Object): name="Verbose"; value="False"
>> ParameterBinding(Sort-Object): name="Debug"; value="False"
>> ParameterBinding(Sort-Object): name="Property"; value="Key"
>> ParameterBinding(Sort-Object): name="InputObject"; value="System.Collections.DictionaryEntry"
>> ParameterBinding(Sort-Object): name="InputObject"; value="System.Collections.DictionaryEntry"
>> ParameterBinding(Sort-Object): name="InputObject"; value="System.Collections.DictionaryEntry"
>> ParameterBinding(Sort-Object): name="InputObject"; value="System.Collections.DictionaryEntry"
>> ParameterBinding(Sort-Object): name="InputObject"; value="System.Collections.DictionaryEntry"
>> ParameterBinding(Sort-Object): name="InputObject"; value="System.Collections.DictionaryEntry"
>> ParameterBinding(Sort-Object): name="InputObject"; value="System.Collections.DictionaryEntry"
>> ParameterBinding(Sort-Object): name="InputObject"; value="System.Collections.DictionaryEntry"
>> ParameterBinding(Sort-Object): name="InputObject"; value="System.Collections.DictionaryEntry"
>> ParameterBinding(Sort-Object): name="InputObject"; value="System.Collections.DictionaryEntry"
>> ParameterBinding(Sort-Object): name="InputObject"; value="System.Collections.DictionaryEntry"
>> ParameterBinding(Sort-Object): name="InputObject"; value="System.Collections.DictionaryEntry"
>> ParameterBinding(Sort-Object): name="InputObject"; value="System.Collections.DictionaryEntry"
>> ParameterBinding(Sort-Object): name="InputObject"; value="System.Collections.DictionaryEntry"
>> ParameterBinding(Sort-Object): name="InputObject"; value="System.Collections.DictionaryEntry"
>> ParameterBinding(Sort-Object): name="InputObject"; value="System.Collections.DictionaryEntry"
>> ParameterBinding(Sort-Object): name="InputObject"; value="System.Collections.DictionaryEntry"
>> ParameterBinding(Sort-Object): name="InputObject"; value="System.Collections.DictionaryEntry"
>> ParameterBinding(Sort-Object): name="InputObject"; value="System.Collections.DictionaryEntry"
>> ParameterBinding(Sort-Object): name="InputObject"; value="System.Collections.DictionaryEntry"
>> ParameterBinding(Sort-Object): name="InputObject"; value="System.Collections.DictionaryEntry"
>> ParameterBinding(Sort-Object): name="InputObject"; value="System.Collections.DictionaryEntry"
>> ParameterBinding(Sort-Object): name="InputObject"; value="System.Collections.DictionaryEntry"
>> ParameterBinding(Sort-Object): name="InputObject"; value="System.Collections.DictionaryEntry"
>> ParameterBinding(Sort-Object): name="InputObject"; value="System.Collections.DictionaryEntry"
>> ParameterBinding(Sort-Object): name="InputObject"; value="System.Collections.DictionaryEntry"
>> ParameterBinding(Sort-Object): name="InputObject"; value="System.Collections.DictionaryEntry"
>> ParameterBinding(Sort-Object): name="InputObject"; value="System.Collections.DictionaryEntry"
>> ParameterBinding(Sort-Object): name="InputObject"; value="System.Collections.DictionaryEntry"
>> ParameterBinding(Sort-Object): name="InputObject"; value="System.Collections.DictionaryEntry"
>> ParameterBinding(Sort-Object): name="InputObject"; value="System.Collections.DictionaryEntry"
>> ParameterBinding(Sort-Object): name="InputObject"; value="System.Collections.DictionaryEntry"
>> ParameterBinding(Sort-Object): name="InputObject"; value="System.Collections.DictionaryEntry"
>> ParameterBinding(Sort-Object): name="InputObject"; value="System.Collections.DictionaryEntry"
>> ParameterBinding(Sort-Object): name="InputObject"; value="System.Collections.DictionaryEntry"
>> ParameterBinding(Sort-Object): name="InputObject"; value="System.Collections.DictionaryEntry"
>> ParameterBinding(Sort-Object): name="InputObject"; value="System.Collections.DictionaryEntry"
>> ParameterBinding(Sort-Object): name="InputObject"; value="System.Collections.DictionaryEntry"
>> ParameterBinding(Sort-Object): name="InputObject"; value="System.Collections.DictionaryEntry"
>> ParameterBinding(Sort-Object): name="InputObject"; value="System.Collections.DictionaryEntry"
>> ParameterBinding(Sort-Object): name="InputObject"; value="System.Collections.DictionaryEntry"
>> ParameterBinding(Sort-Object): name="InputObject"; value="System.Collections.DictionaryEntry"
>> ParameterBinding(Sort-Object): name="InputObject"; value="System.Collections.DictionaryEntry"
>> ParameterBinding(Sort-Object): name="InputObject"; value="System.Collections.DictionaryEntry"
>> ParameterBinding(Sort-Object): name="InputObject"; value="System.Collections.DictionaryEntry"
>> ParameterBinding(Sort-Object): name="InputObject"; value="System.Collections.DictionaryEntry"
>> ParameterBinding(Sort-Object): name="InputObject"; value="System.Collections.DictionaryEntry"
>> ParameterBinding(Sort-Object): name="InputObject"; value="System.Collections.DictionaryEntry"
>> ParameterBinding(Sort-Object): name="InputObject"; value="System.Collections.DictionaryEntry"
>> ParameterBinding(Sort-Object): name="InputObject"; value="System.Collections.DictionaryEntry"
>> ParameterBinding(Sort-Object): name="InputObject"; value="System.Collections.DictionaryEntry"
>> ParameterBinding(Sort-Object): name="InputObject"; value="System.Collections.DictionaryEntry"
>> ParameterBinding(Sort-Object): name="InputObject"; value="System.Collections.DictionaryEntry"
>> ParameterBinding(Sort-Object): name="InputObject"; value="System.Collections.DictionaryEntry"
>> ParameterBinding(Sort-Object): name="InputObject"; value="System.Collections.DictionaryEntry"
>> ParameterBinding(Sort-Object): name="InputObject"; value="System.Collections.DictionaryEntry"
>> ParameterBinding(Sort-Object): name="InputObject"; value="System.Collections.DictionaryEntry"
>> ParameterBinding(Sort-Object): name="InputObject"; value="System.Collections.DictionaryEntry"
**********************
Command start time: 20220809192755
**********************
PS C:\scripts\Folderwatch> CommandInvocation(Get-PSDrive): "Get-PSDrive"
>> ParameterBinding(Get-PSDrive): name="ErrorAction"; value="Ignore"
>> ParameterBinding(Get-PSDrive): name="WarningAction"; value="Ignore"
>> ParameterBinding(Get-PSDrive): name="InformationAction"; value="Ignore"
>> ParameterBinding(Get-PSDrive): name="Verbose"; value="False"
>> ParameterBinding(Get-PSDrive): name="Debug"; value="False"
>> ParameterBinding(Get-PSDrive): name="Name"; value="*"
>> CommandInvocation(Sort-Object): "Sort-Object"
>> ParameterBinding(Sort-Object): name="ErrorAction"; value="Ignore"
>> ParameterBinding(Sort-Object): name="WarningAction"; value="Ignore"
>> ParameterBinding(Sort-Object): name="InformationAction"; value="Ignore"
>> ParameterBinding(Sort-Object): name="Verbose"; value="False"
>> ParameterBinding(Sort-Object): name="Debug"; value="False"
>> ParameterBinding(Sort-Object): name="Property"; value="Name"
**********************
Command start time: 20220809192755
**********************
PS C:\scripts\Folderwatch> ParameterBinding(Sort-Object): name="InputObject"; value="Alias"
>> ParameterBinding(Sort-Object): name="InputObject"; value="C"
>> ParameterBinding(Sort-Object): name="InputObject"; value="Cert"
>> ParameterBinding(Sort-Object): name="InputObject"; value="D"
>> ParameterBinding(Sort-Object): name="InputObject"; value="E"
>> ParameterBinding(Sort-Object): name="InputObject"; value="Env"
>> ParameterBinding(Sort-Object): name="InputObject"; value="F"
>> ParameterBinding(Sort-Object): name="InputObject"; value="Function"
>> ParameterBinding(Sort-Object): name="InputObject"; value="G"
>> ParameterBinding(Sort-Object): name="InputObject"; value="H"
>> ParameterBinding(Sort-Object): name="InputObject"; value="HKCU"
>> ParameterBinding(Sort-Object): name="InputObject"; value="HKLM"
>> ParameterBinding(Sort-Object): name="InputObject"; value="I"
>> ParameterBinding(Sort-Object): name="InputObject"; value="J"
>> ParameterBinding(Sort-Object): name="InputObject"; value="K"
>> ParameterBinding(Sort-Object): name="InputObject"; value="L"
>> ParameterBinding(Sort-Object): name="InputObject"; value="M"
>> ParameterBinding(Sort-Object): name="InputObject"; value="N"
>> ParameterBinding(Sort-Object): name="InputObject"; value="O"
>> ParameterBinding(Sort-Object): name="InputObject"; value="P"
>> ParameterBinding(Sort-Object): name="InputObject"; value="Q"
>> ParameterBinding(Sort-Object): name="InputObject"; value="R"
>> ParameterBinding(Sort-Object): name="InputObject"; value="S"
>> ParameterBinding(Sort-Object): name="InputObject"; value="T"
>> ParameterBinding(Sort-Object): name="InputObject"; value="Temp"
>> ParameterBinding(Sort-Object): name="InputObject"; value="U"
>> ParameterBinding(Sort-Object): name="InputObject"; value="V"
>> ParameterBinding(Sort-Object): name="InputObject"; value="Variable"
>> ParameterBinding(Sort-Object): name="InputObject"; value="W"
>> ParameterBinding(Sort-Object): name="InputObject"; value="WSMan"
>> ParameterBinding(Sort-Object): name="InputObject"; value="X"
>> ParameterBinding(Sort-Object): name="InputObject"; value="Y"
**********************
Command start time: 20220809192755
**********************
PS C:\scripts\Folderwatch> CommandInvocation(Get-Item): "Get-Item"
>> ParameterBinding(Get-Item): name="ErrorAction"; value="Ignore"
>> ParameterBinding(Get-Item): name="WarningAction"; value="Ignore"
>> ParameterBinding(Get-Item): name="InformationAction"; value="Ignore"
>> ParameterBinding(Get-Item): name="Verbose"; value="False"
>> ParameterBinding(Get-Item): name="Debug"; value="False"
>> ParameterBinding(Get-Item): name="Path"; value="variable:v*"
>> CommandInvocation(Sort-Object): "Sort-Object"
>> ParameterBinding(Sort-Object): name="ErrorAction"; value="Ignore"
>> ParameterBinding(Sort-Object): name="WarningAction"; value="Ignore"
>> ParameterBinding(Sort-Object): name="InformationAction"; value="Ignore"
>> ParameterBinding(Sort-Object): name="Verbose"; value="False"
>> ParameterBinding(Sort-Object): name="Debug"; value="False"
>> ParameterBinding(Sort-Object): name="Property"; value="Name"
>> ParameterBinding(Sort-Object): name="InputObject"; value="System.Management.Automation.PSVariable"
>> ParameterBinding(Sort-Object): name="InputObject"; value="System.Management.Automation.PSVariable"
>> ParameterBinding(Sort-Object): name="InputObject"; value="System.Management.Automation.PSVariable"
>> ParameterBinding(Sort-Object): name="InputObject"; value="System.Management.Automation.PSVariable"
>> ParameterBinding(Sort-Object): name="InputObject"; value="System.Management.Automation.PSVariable"
>> ParameterBinding(Sort-Object): name="InputObject"; value="System.Management.Automation.PSVariable"
>> ParameterBinding(Sort-Object): name="InputObject"; value="System.Management.Automation.PSVariable"
>> ParameterBinding(Sort-Object): name="InputObject"; value="System.Management.Automation.PSVariable"
>> ParameterBinding(Sort-Object): name="InputObject"; value="System.Management.Automation.PSVariable"
>> ParameterBinding(Sort-Object): name="InputObject"; value="System.Management.Automation.PSVariable"
>> ParameterBinding(Sort-Object): name="InputObject"; value="System.Management.Automation.PSVariable"
>> ParameterBinding(Sort-Object): name="InputObject"; value="System.Management.Automation.PSVariable"
**********************
Command start time: 20220809192755
**********************
PS C:\scripts\Folderwatch> CommandInvocation(Get-PSDrive): "Get-PSDrive"
>> ParameterBinding(Get-PSDrive): name="ErrorAction"; value="Ignore"
>> ParameterBinding(Get-PSDrive): name="WarningAction"; value="Ignore"
>> ParameterBinding(Get-PSDrive): name="InformationAction"; value="Ignore"
>> ParameterBinding(Get-PSDrive): name="Verbose"; value="False"
>> ParameterBinding(Get-PSDrive): name="Debug"; value="False"
>> ParameterBinding(Get-PSDrive): name="Name"; value="v*"
>> CommandInvocation(Sort-Object): "Sort-Object"
>> ParameterBinding(Sort-Object): name="ErrorAction"; value="Ignore"
>> ParameterBinding(Sort-Object): name="WarningAction"; value="Ignore"
>> ParameterBinding(Sort-Object): name="InformationAction"; value="Ignore"
>> ParameterBinding(Sort-Object): name="Verbose"; value="False"
>> ParameterBinding(Sort-Object): name="Debug"; value="False"
>> ParameterBinding(Sort-Object): name="Property"; value="Name"
**********************
Command start time: 20220809192755
**********************
PS C:\scripts\Folderwatch> ParameterBinding(Sort-Object): name="InputObject"; value="V"
>> ParameterBinding(Sort-Object): name="InputObject"; value="Variable"
**********************
Command start time: 20220809192756
**********************
PS C:\scripts\Folderwatch> CommandInvocation(Get-Item): "Get-Item"
>> ParameterBinding(Get-Item): name="ErrorAction"; value="Ignore"
>> ParameterBinding(Get-Item): name="WarningAction"; value="Ignore"
>> ParameterBinding(Get-Item): name="InformationAction"; value="Ignore"
>> ParameterBinding(Get-Item): name="Verbose"; value="False"
>> ParameterBinding(Get-Item): name="Debug"; value="False"
>> ParameterBinding(Get-Item): name="Path"; value="variable:vi*"
>> CommandInvocation(Sort-Object): "Sort-Object"
>> ParameterBinding(Sort-Object): name="ErrorAction"; value="Ignore"
>> ParameterBinding(Sort-Object): name="WarningAction"; value="Ignore"
>> ParameterBinding(Sort-Object): name="InformationAction"; value="Ignore"
>> ParameterBinding(Sort-Object): name="Verbose"; value="False"
>> ParameterBinding(Sort-Object): name="Debug"; value="False"
>> ParameterBinding(Sort-Object): name="Property"; value="Name"
>> ParameterBinding(Sort-Object): name="InputObject"; value="System.Management.Automation.PSVariable"
>> ParameterBinding(Sort-Object): name="InputObject"; value="System.Management.Automation.PSVariable"
>> ParameterBinding(Sort-Object): name="InputObject"; value="System.Management.Automation.PSVariable"
>> ParameterBinding(Sort-Object): name="InputObject"; value="System.Management.Automation.PSVariable"
>> ParameterBinding(Sort-Object): name="InputObject"; value="System.Management.Automation.PSVariable"
>> ParameterBinding(Sort-Object): name="InputObject"; value="System.Management.Automation.PSVariable"
**********************
Command start time: 20220809192756
**********************
PS C:\scripts\Folderwatch> CommandInvocation(Get-PSDrive): "Get-PSDrive"
>> ParameterBinding(Get-PSDrive): name="ErrorAction"; value="Ignore"
>> ParameterBinding(Get-PSDrive): name="WarningAction"; value="Ignore"
>> ParameterBinding(Get-PSDrive): name="InformationAction"; value="Ignore"
>> ParameterBinding(Get-PSDrive): name="Verbose"; value="False"
>> ParameterBinding(Get-PSDrive): name="Debug"; value="False"
>> ParameterBinding(Get-PSDrive): name="Name"; value="vi*"
>> CommandInvocation(Sort-Object): "Sort-Object"
>> ParameterBinding(Sort-Object): name="ErrorAction"; value="Ignore"
>> ParameterBinding(Sort-Object): name="WarningAction"; value="Ignore"
>> ParameterBinding(Sort-Object): name="InformationAction"; value="Ignore"
>> ParameterBinding(Sort-Object): name="Verbose"; value="False"
>> ParameterBinding(Sort-Object): name="Debug"; value="False"
>> ParameterBinding(Sort-Object): name="Property"; value="Name"
**********************
Command start time: 20220809192802
**********************
PS C:\scripts\Folderwatch> CommandInvocation(Get-Item): "Get-Item"
>> ParameterBinding(Get-Item): name="ErrorAction"; value="Ignore"
>> ParameterBinding(Get-Item): name="WarningAction"; value="Ignore"
>> ParameterBinding(Get-Item): name="InformationAction"; value="Ignore"
>> ParameterBinding(Get-Item): name="Verbose"; value="False"
>> ParameterBinding(Get-Item): name="Debug"; value="False"
>> ParameterBinding(Get-Item): name="Path"; value="variable:vine_*"
>> CommandInvocation(Sort-Object): "Sort-Object"
>> ParameterBinding(Sort-Object): name="ErrorAction"; value="Ignore"
>> ParameterBinding(Sort-Object): name="WarningAction"; value="Ignore"
>> ParameterBinding(Sort-Object): name="InformationAction"; value="Ignore"
>> ParameterBinding(Sort-Object): name="Verbose"; value="False"
>> ParameterBinding(Sort-Object): name="Debug"; value="False"
>> ParameterBinding(Sort-Object): name="Property"; value="Name"
>> ParameterBinding(Sort-Object): name="InputObject"; value="System.Management.Automation.PSVariable"
>> ParameterBinding(Sort-Object): name="InputObject"; value="System.Management.Automation.PSVariable"
>> ParameterBinding(Sort-Object): name="InputObject"; value="System.Management.Automation.PSVariable"
>> ParameterBinding(Sort-Object): name="InputObject"; value="System.Management.Automation.PSVariable"
>> ParameterBinding(Sort-Object): name="InputObject"; value="System.Management.Automation.PSVariable"
>> ParameterBinding(Sort-Object): name="InputObject"; value="System.Management.Automation.PSVariable"
**********************
Command start time: 20220809192802
**********************
PS C:\scripts\Folderwatch> CommandInvocation(Get-PSDrive): "Get-PSDrive"
>> ParameterBinding(Get-PSDrive): name="ErrorAction"; value="Ignore"
>> ParameterBinding(Get-PSDrive): name="WarningAction"; value="Ignore"
>> ParameterBinding(Get-PSDrive): name="InformationAction"; value="Ignore"
>> ParameterBinding(Get-PSDrive): name="Verbose"; value="False"
>> ParameterBinding(Get-PSDrive): name="Debug"; value="False"
>> ParameterBinding(Get-PSDrive): name="Name"; value="vine_*"
>> CommandInvocation(Sort-Object): "Sort-Object"
>> ParameterBinding(Sort-Object): name="ErrorAction"; value="Ignore"
>> ParameterBinding(Sort-Object): name="WarningAction"; value="Ignore"
>> ParameterBinding(Sort-Object): name="InformationAction"; value="Ignore"
>> ParameterBinding(Sort-Object): name="Verbose"; value="False"
>> ParameterBinding(Sort-Object): name="Debug"; value="False"
>> ParameterBinding(Sort-Object): name="Property"; value="Name"
**********************
Command start time: 20220809192820
**********************
PS C:\scripts\Folderwatch> CommandInvocation(Get-Command): "Get-Command"
>> ParameterBinding(Get-Command): name="ListImported"; value="True"
>> ParameterBinding(Get-Command): name="CommandType"; value="Alias"
**********************
Command start time: 20220809192822
**********************
PS C:\scripts\Folderwatch> CommandInvocation(Get-Command): "Get-Command"
>> ParameterBinding(Get-Command): name="ListImported"; value="True"
>> ParameterBinding(Get-Command): name="CommandType"; value="Alias"
**********************
Command start time: 20220809192822
**********************
PS C:\scripts\Folderwatch> CommandInvocation(Get-Command): "Get-Command"
>> ParameterBinding(Get-Command): name="ListImported"; value="True"
>> ParameterBinding(Get-Command): name="CommandType"; value="Alias"
**********************
Command start time: 20220809192829
**********************
PS C:\scripts\Folderwatch> CommandInvocation(Get-Command): "Get-Command"
>> ParameterBinding(Get-Command): name="ListImported"; value="True"
>> ParameterBinding(Get-Command): name="CommandType"; value="Alias"
**********************
Command start time: 20220809193051
**********************
PS C:\scripts\Folderwatch> get-compareImage "A Righteous Thirst For Vengeance #1 de 10 (139442 , 4050-139442)(Image)(2021).jpg" "A_Righteous_Thirst_for_Vengeance_01_01_Ash_Gb_Williams.Arsenio_Lupín.jpg"
>> CommandInvocation(Out-String): "Out-String"
>> ParameterBinding(Out-String): name="Stream"; value="True"
**********************
Command start time: 20220809193051
**********************

InvalidArgument: C:\scripts\convierte\compara_imagenes.ps1:25:1
Line |
  25 |  [int]$valor_comparacion = [int](($comp -split '\(')[0]) * 100 / 65535
     |  ~~~~~~~~~~~~~~~~~~~~~~~~~~~~~~~~~~~~~~~~~~~~~~~~~~~~~~~~~~~~~~~~~~~~~
     | Cannot convert value "compare.exe: unable to open image 'A Righteous Thirst For Vengeance #1 de 10 " to type "System.Int32". Error: "Input string was not in a correct format."

ParameterBinding(Out-String): name="InputObject"; value="Cannot convert value "compare.exe: unable to open image 'A Righteous Thirst For Vengeance #1 de 10 " to type "System.Int32". Error: "Input string was not in a correct format.""
**********************
Command start time: 20220809193051
**********************
[0mParameterBinding(Out-String): name="InputObject"; value="0"
**********************
Command start time: 20220809193134
**********************
0get-compareImage 'A Righteous Thirst For Vengeance #1 de 10 (139442 , 4050-139442)(Image)(2021).jpg' 'A_Righteous_Thirst_for_Vengeance_01_01_Ash_Gb_Williams.Arsenio_Lupín.jpg'
>> CommandInvocation(Out-String): "Out-String"
>> ParameterBinding(Out-String): name="Stream"; value="True"
**********************
Command start time: 20220809193134
**********************

InvalidArgument: C:\scripts\convierte\compara_imagenes.ps1:25:1
Line |
  25 |  [int]$valor_comparacion = [int](($comp -split '\(')[0]) * 100 / 65535
     |  ~~~~~~~~~~~~~~~~~~~~~~~~~~~~~~~~~~~~~~~~~~~~~~~~~~~~~~~~~~~~~~~~~~~~~
     | Cannot convert value "compare.exe: unable to open image 'A Righteous Thirst For Vengeance #1 de 10 " to type "System.Int32". Error: "Input string was not in a correct format."

ParameterBinding(Out-String): name="InputObject"; value="Cannot convert value "compare.exe: unable to open image 'A Righteous Thirst For Vengeance #1 de 10 " to type "System.Int32". Error: "Input string was not in a correct format.""
**********************
Command start time: 20220809193134
**********************
[0mParameterBinding(Out-String): name="InputObject"; value="0"
**********************
Command start time: 20220809193210
**********************
0TerminatingError(): "The pipeline has been stopped."
>> TerminatingError(): "The pipeline has been stopped."
>> TerminatingError(): "The pipeline has been stopped."
**********************
Command start time: 20220809193222
**********************
PS C:\scripts\Folderwatch> . "c:\scripts\convierte\comic-convert.ps1"
PATH DEL SCRIPT = C:\scripts\convierte

**********************
PowerShell transcript end
End time: 20220809193223
**********************
