
7-Zip 22.01 (x64) : Copyright (c) 1999-2022 Igor Pavlov : 2022-07-15

Scanning the drive:
33 files, 12241639 bytes (12 MiB)

Creating archive: Q:\PRUEBAS\A Righteous Thirst for Vengeance (Image)(2021)(comics 8 continua)\A Righteous Thirst for Vengeance #01.cbz

Add new data to archive: 33 files, 12241639 bytes (12 MiB)

+ A_Righteous_Thirst_for_Vengeance_01_01_Ash_Gb_Williams.Arsenio_Lup¡n.jpg
+ A_Righteous_Thirst_for_Vengeance_01_02_Ash_Gb_Williams.Arsenio_Lup¡n.jpg
+ A_Righteous_Thirst_for_Vengeance_01_03_Ash_Gb_Williams.Arsenio_Lup¡n.jpg
+ A_Righteous_Thirst_for_Vengeance_01_04_Ash_Gb_Williams.Arsenio_Lup¡n.jpg
+ A_Righteous_Thirst_for_Vengeance_01_05_Ash_Gb_Williams.Arsenio_Lup¡n.jpg
+ A_Righteous_Thirst_for_Vengeance_01_06_Ash_Gb_Williams.Arsenio_Lup¡n.jpg
+ A_Righteous_Thirst_for_Vengeance_01_07_Ash_Gb_Williams.Arsenio_Lup¡n.jpg
+ A_Righteous_Thirst_for_Vengeance_01_08_Ash_Gb_Williams.Arsenio_Lup¡n.jpg
+ A_Righteous_Thirst_for_Vengeance_01_09_Ash_Gb_Williams.Arsenio_Lup¡n.jpg
+ A_Righteous_Thirst_for_Vengeance_01_10_Ash_Gb_Williams.Arsenio_Lup¡n.jpg
+ A_Righteous_Thirst_for_Vengeance_01_11_Ash_Gb_Williams.Arsenio_Lup¡n.jpg
+ A_Righteous_Thirst_for_Vengeance_01_12_Ash_Gb_Williams.Arsenio_Lup¡n.jpg
+ A_Righteous_Thirst_for_Vengeance_01_13_Ash_Gb_Williams.Arsenio_Lup¡n.jpg
+ A_Righteous_Thirst_for_Vengeance_01_14_Ash_Gb_Williams.Arsenio_Lup¡n.jpg
+ A_Righteous_Thirst_for_Vengeance_01_15_Ash_Gb_Williams.Arsenio_Lup¡n.jpg
+ A_Righteous_Thirst_for_Vengeance_01_16_Ash_Gb_Williams.Arsenio_Lup¡n.jpg
+ A_Righteous_Thirst_for_Vengeance_01_17_Ash_Gb_Williams.Arsenio_Lup¡n.jpg
+ A_Righteous_Thirst_for_Vengeance_01_18_Ash_Gb_Williams.Arsenio_Lup¡n.jpg
+ A_Righteous_Thirst_for_Vengeance_01_19_Ash_Gb_Williams.Arsenio_Lup¡n.jpg
+ A_Righteous_Thirst_for_Vengeance_01_20_Ash_Gb_Williams.Arsenio_Lup¡n.jpg
+ A_Righteous_Thirst_for_Vengeance_01_21_Ash_Gb_Williams.Arsenio_Lup¡n.jpg
+ A_Righteous_Thirst_for_Vengeance_01_22_Ash_Gb_Williams.Arsenio_Lup¡n.jpg
+ A_Righteous_Thirst_for_Vengeance_01_23_Ash_Gb_Williams.Arsenio_Lup¡n.jpg
+ A_Righteous_Thirst_for_Vengeance_01_24_Ash_Gb_Williams.Arsenio_Lup¡n.jpg
+ A_Righteous_Thirst_for_Vengeance_01_25_Ash_Gb_Williams.Arsenio_Lup¡n.jpg
+ A_Righteous_Thirst_for_Vengeance_01_26_Ash_Gb_Williams.Arsenio_Lup¡n.jpg
+ A_Righteous_Thirst_for_Vengeance_01_27_Ash_Gb_Williams.Arsenio_Lup¡n.jpg
+ A_Righteous_Thirst_for_Vengeance_01_28_Ash_Gb_Williams.Arsenio_Lup¡n.jpg
+ A_Righteous_Thirst_for_Vengeance_01_29_Ash_Gb_Williams.Arsenio_Lup¡n.jpg
+ A_Righteous_Thirst_for_Vengeance_01_30_Ash_Gb_Williams.Arsenio_Lup¡n.jpg
+ A_Righteous_Thirst_for_Vengeance_01_31_Ash_Gb_Williams.Arsenio_Lup¡n.jpg
+ A_Righteous_Thirst_for_Vengeance_01_33_Ash_Gb_Williams.Arsenio_Lup¡n.jpg
+ A_Righteous_Thirst_for_Vengeance_01_34_Ash_Gb_Williams.Arsenio_Lup¡n.jpg

Files read from disk: 33
Archive size: 12255521 bytes (12 MiB)
Everything is Ok
