**********************
PowerShell transcript start
Start time: 20220807203539
Username: SERVER\server
RunAs User: SERVER\server
Configuration Name: 
Machine: SERVER (Microsoft Windows NT 10.0.19044.0)
Host Application: C:\Program Files\PowerShell\7\pwsh.dll -NoProfile -ExecutionPolicy Bypass -Command Import-Module 'c:\Users\server\.vscode\extensions\ms-vscode.powershell-2022.7.2\modules\PowerShellEditorServices\PowerShellEditorServices.psd1'; Start-EditorServices -HostName 'Visual Studio Code Host' -HostProfileId 'Microsoft.VSCode' -HostVersion '2022.7.2' -AdditionalModules @('PowerShellEditorServices.VSCode') -BundledModulesPath 'c:\Users\server\.vscode\extensions\ms-vscode.powershell-2022.7.2\modules' -EnableConsoleRepl -StartupBanner "PowerShell Extension v2022.7.2
Copyright (c) Microsoft Corporation.

https://aka.ms/vscode-powershell
Type 'help' to get help.
" -LogLevel 'Normal' -LogPath 'c:\Users\server\AppData\Roaming\Code\User\globalStorage\ms-vscode.powershell\logs\1659895993-0bcda2fe-4671-4f92-b0ac-1d21c8d90a5f1659895989767\EditorServices.log' -SessionDetailsPath 'c:\Users\server\AppData\Roaming\Code\User\globalStorage\ms-vscode.powershell\sessions\PSES-VSCode-1424-105698.json' -FeatureFlags @() 
Process ID: 7124
PSVersion: 7.2.5
PSEdition: Core
GitCommitId: 7.2.5
OS: Microsoft Windows 10.0.19044
Platform: Win32NT
PSCompatibleVersions: 1.0, 2.0, 3.0, 4.0, 5.0, 5.1.10032.0, 6.0.0, 6.1.0, 6.2.0, 7.0.0, 7.1.0, 7.2.5
PSRemotingProtocolVersion: 2.3
SerializationVersion: 1.1.0.1
WSManStackVersion: 3.0
**********************

#####################################################################################################
#### PROCESANDO NUEVA SERIE: Outcast
#####################################################################################################

    >> Lista de ficheros a procesar:

Q:\PRUEBAS\Outcast (Delcourt)(2016)(comics 1 de 2)\Outcast #02.cbr
Q:\PRUEBAS\Outcast (Delcourt)(2016)(comics 1 de 2)\Outcast #03.cbr
Q:\PRUEBAS\Outcast (Delcourt)(2016)(comics 1 de 2)\Outcast #04.cbr
Q:\PRUEBAS\Outcast (Delcourt)(2016)(comics 1 de 2)\Outcast #05.cbr
Q:\PRUEBAS\Outcast (Delcourt)(2016)(comics 1 de 2)\Outcast #06.cbr
Q:\PRUEBAS\Outcast (Delcourt)(2016)(comics 1 de 2)\Outcast #07.cbr
Q:\PRUEBAS\Outcast (Delcourt)(2016)(comics 1 de 2)\Outcast #08.cbr
Q:\PRUEBAS\Outcast (Delcourt)(2016)(comics 1 de 2)\Outcast #09.cbr
Q:\PRUEBAS\Outcast (Delcourt)(2016)(comics 1 de 2)\Outcast #10.cbr
Q:\PRUEBAS\Outcast (Delcourt)(2016)(comics 1 de 2)\Outcast V.2015 #001 - Possession.cbz

MUEVO TODOS LOS COMIS AL DIRECTORIO RAIZ DE LA SERIE Y BORRO DIRECTORIOS VACIOS RECURSIVAMENTE


LIMPIO EL NOMBRE DEL COMIC

#####################################################################################################
#### PROCESANDO NUEVO COMIC: Q:\PRUEBAS\Outcast (Delcourt)(2016)(comics 1 de 2)\Outcast #02.cbr
#####################################################################################################
DESCOMPRIMO EL COMIC
    >> Borro los directorios temporales
    >> Descomprimo el comic
    >> Cambio los atributos a los ficheros para poder tener acceso
EJECUTO UNA LIMPIEZA DEL COMIC
    >> Borro todos los ficheros menores de 5k que son thumbnais y los visores de comics no entienden
    >> Quito directorios de MACOSX
    >> Elimino todos los ficheros que nos son jpg, png, xml ó webp
CONVIERTO LOS FICHEROS DE IMAGENES DEL COMIC A UN FORMATO ADECUADO
    >> Convirtiendo imagenes.... ( ¡Espere!, este proceso puede durar varios minutos )
ELIMINO LAS IMAGENES DE CREDITOS
    >> Borro ciertas imagenes que añaden lo recopiladores
    >> Genero las ultimas 7 miniaturas en formato 32x32
    >> Buscando creditos en las 7 ultimas imagenes del comic
CREO EL NUEVO NOMBRE
    >> Creo el nuevo nombre del comic:  Q:\PRUEBAS\Outcast (Delcourt)(2016)(comics 1 de 2)\Outcast #02.cbz
HAGO UNA COPIA DE SEGURIDAD DEL COMIC
    >> Borro la copia de seguridad antes de crearla por si existe
    >> Creo la copia de seguridad por si fallase algun proceso despues
COMPRIMO EL NUEVO COMIC
COMPRUEBO EL NUEVO COMIC
    >> EL COMIC ES CORRECTO
    >> Borro el backup
HAGO UN SCRAPPING DEL COMIC CON COMICTAGGER
========================================================
=================== DATOS OBTENIDOS ====================
Serie: Outcast
Numero: 2
Comic: Q:\PRUEBAS\Outcast (Delcourt)(2016)(comics 1 de 2)\Outcast #02.cbz
Año de la serie:  2016
========================================================
========================================================

BUSCANDO DATOS (SCRAPPING) DEL COMIC
**********************
Command start time: 20220807203633
**********************
PS C:\scripts> CommandInvocation(Get-Variable): "Get-Variable"
>> ParameterBinding(Get-Variable): name="Scope"; value="Global"
**********************
Command start time: 20220807203633
**********************
PS C:\scripts> CommandInvocation(Get-Variable): "Get-Variable"
>> ParameterBinding(Get-Variable): name="Scope"; value="Global"
**********************
Command start time: 20220807203633
**********************
PS C:\scripts> CommandInvocation(Get-Variable): "Get-Variable"
>> ParameterBinding(Get-Variable): name="Scope"; value="Global"
**********************
Command start time: 20220807203633
**********************
PS C:\scripts> CommandInvocation(Get-Variable): "Get-Variable"
>> ParameterBinding(Get-Variable): name="Scope"; value="Global"
**********************
Command start time: 20220807203633
**********************
PS C:\scripts> CommandInvocation(Get-Variable): "Get-Variable"
>> ParameterBinding(Get-Variable): name="Scope"; value="Global"
**********************
Command start time: 20220807203633
**********************
PS C:\scripts> CommandInvocation(Get-Variable): "Get-Variable"
>> ParameterBinding(Get-Variable): name="Scope"; value="Global"
**********************
Command start time: 20220807203633
**********************
PS C:\scripts> CommandInvocation(Get-Variable): "Get-Variable"
>> ParameterBinding(Get-Variable): name="Scope"; value="Script"
**********************
Command start time: 20220807203633
**********************
PS C:\scripts> CommandInvocation(Get-Variable): "Get-Variable"
>> ParameterBinding(Get-Variable): name="Scope"; value="Script"
**********************
Command start time: 20220807203633
**********************
PS C:\scripts> CommandInvocation(Get-Variable): "Get-Variable"
>> ParameterBinding(Get-Variable): name="Scope"; value="Script"
**********************
Command start time: 20220807203633
**********************
PS C:\scripts> CommandInvocation(Get-Variable): "Get-Variable"
>> ParameterBinding(Get-Variable): name="Scope"; value="Script"
**********************
Command start time: 20220807203633
**********************
PS C:\scripts> CommandInvocation(Get-Variable): "Get-Variable"
>> ParameterBinding(Get-Variable): name="Scope"; value="Script"
**********************
Command start time: 20220807203633
**********************
PS C:\scripts> CommandInvocation(Get-Variable): "Get-Variable"
>> ParameterBinding(Get-Variable): name="Scope"; value="Script"
**********************
Command start time: 20220807203633
**********************
PS C:\scripts> CommandInvocation(Get-Variable): "Get-Variable"
>> ParameterBinding(Get-Variable): name="Scope"; value="Local"
**********************
Command start time: 20220807203633
**********************
PS C:\scripts> CommandInvocation(Get-Variable): "Get-Variable"
>> ParameterBinding(Get-Variable): name="Scope"; value="Local"
**********************
Command start time: 20220807203633
**********************
PS C:\scripts> CommandInvocation(Get-Variable): "Get-Variable"
>> ParameterBinding(Get-Variable): name="Scope"; value="Local"
**********************
Command start time: 20220807203633
**********************
PS C:\scripts> CommandInvocation(Get-Variable): "Get-Variable"
>> ParameterBinding(Get-Variable): name="Scope"; value="Local"
**********************
Command start time: 20220807203633
**********************
PS C:\scripts> CommandInvocation(Get-Variable): "Get-Variable"
>> ParameterBinding(Get-Variable): name="Scope"; value="Local"
**********************
Command start time: 20220807203633
**********************
PS C:\scripts> CommandInvocation(Get-Variable): "Get-Variable"
>> ParameterBinding(Get-Variable): name="Scope"; value="Local"
**********************
Command start time: 20220807203633
**********************
PS C:\scripts> CommandInvocation(Get-Variable): "Get-Variable"
>> ParameterBinding(Get-Variable): name="Scope"; value="Local"
**********************
Command start time: 20220807203633
**********************
PS C:\scripts> CommandInvocation(Get-Variable): "Get-Variable"
>> ParameterBinding(Get-Variable): name="Scope"; value="Local"
**********************
Command start time: 20220807203633
**********************
PS C:\scripts> CommandInvocation(Get-Variable): "Get-Variable"
>> ParameterBinding(Get-Variable): name="Scope"; value="Local"
**********************
Command start time: 20220807203633
**********************
PS C:\scripts> CommandInvocation(Get-Variable): "Get-Variable"
>> ParameterBinding(Get-Variable): name="Scope"; value="Local"
**********************
Command start time: 20220807203633
**********************
PS C:\scripts> CommandInvocation(Get-Variable): "Get-Variable"
>> ParameterBinding(Get-Variable): name="Scope"; value="Local"
**********************
Command start time: 20220807203633
**********************
PS C:\scripts> CommandInvocation(Get-Variable): "Get-Variable"
>> ParameterBinding(Get-Variable): name="Scope"; value="Local"
    >> Escribiendo metadatos
    >> Buscando datos online del comic
2022-08-07T20:36:50 | comictaggerlib.cli | ERROR | Online search: Low confidence match. Save aborted
SCRAPPING FALLIDO. ERROR:  Archives with low-confidence matches:
   >> Buscando comic SERIE: Outcast  | ISSUE: 2 | AÑO: 2016 | COMIC: Q:\PRUEBAS\Outcast (Delcourt)(2016)(comics 1 de 2)\Outcast #02.cbz | IDIOMA: ingles
    >> Escribiendo metadatos
    >> Buscando datos online del comic
2022-08-07T20:37:00 | comictaggerlib.cli | ERROR | Online search: Low confidence match. Save aborted
SCRAPPING FALLIDO. ERROR:  Archives with low-confidence matches:
   >> Buscando comic SERIE: Outcast  | ISSUE: 2 | AÑO: 2016 | COMIC: Q:\PRUEBAS\Outcast (Delcourt)(2016)(comics 1 de 2)\Outcast #02.cbz | IDIOMA: español
    >> Escribiendo metadatos
    >> Buscando datos online del comic
2022-08-07T20:37:09 | comictaggerlib.cli | ERROR | Online search: Low confidence match. Save aborted
SCRAPPING FALLIDO. ERROR:  Archives with low-confidence matches:
   >> Buscando comic SERIE: Outcast  | ISSUE: 2 | AÑO: 2016 | COMIC: Q:\PRUEBAS\Outcast (Delcourt)(2016)(comics 1 de 2)\Outcast #02.cbz | IDIOMA: ingles
    >> Escribiendo metadatos
    >> Buscando datos online del comic
2022-08-07T20:37:19 | comictaggerlib.cli | ERROR | Online search: Low confidence match. Save aborted
SCRAPPING FALLIDO. ERROR:  Archives with low-confidence matches:
   >> Buscando comic SERIE: Outcast  | ISSUE: 2 | AÑO: 2015 | COMIC: Q:\PRUEBAS\Outcast (Delcourt)(2016)(comics 1 de 2)\Outcast #02.cbz | IDIOMA: español
    >> Escribiendo metadatos
    >> Buscando datos online del comic
2022-08-07T20:37:29 | comictaggerlib.cli | ERROR | Online search: Low confidence match. Save aborted
SCRAPPING FALLIDO. ERROR:  Archives with low-confidence matches:
   >> Buscando comic SERIE: Outcast  | ISSUE: 2 | AÑO: 2015 | COMIC: Q:\PRUEBAS\Outcast (Delcourt)(2016)(comics 1 de 2)\Outcast #02.cbz | IDIOMA: ingles
    >> Escribiendo metadatos
    >> Buscando datos online del comic
2022-08-07T20:37:39 | comictaggerlib.cli | ERROR | Online search: Low confidence match. Save aborted
SCRAPPING FALLIDO. ERROR:  Archives with low-confidence matches:
   >> Buscando comic SERIE: Outcast  | ISSUE: 2 | AÑO: 2015 | COMIC: Q:\PRUEBAS\Outcast (Delcourt)(2016)(comics 1 de 2)\Outcast #02.cbz | IDIOMA: español
    >> Escribiendo metadatos
    >> Buscando datos online del comic
2022-08-07T20:37:48 | comictaggerlib.cli | ERROR | Online search: Low confidence match. Save aborted
SCRAPPING FALLIDO. ERROR:  Archives with low-confidence matches:
   >> Buscando comic SERIE: Outcast  | ISSUE: 2 | AÑO: 2015 | COMIC: Q:\PRUEBAS\Outcast (Delcourt)(2016)(comics 1 de 2)\Outcast #02.cbz | IDIOMA: ingles
    >> Escribiendo metadatos
    >> Buscando datos online del comic
2022-08-07T20:37:58 | comictaggerlib.cli | ERROR | Online search: Low confidence match. Save aborted
SCRAPPING FALLIDO. ERROR:  Archives with low-confidence matches:
   >> Buscando comic SERIE: Outcast  | ISSUE: 2 | AÑO: 20161 | COMIC: Q:\PRUEBAS\Outcast (Delcourt)(2016)(comics 1 de 2)\Outcast #02.cbz | IDIOMA: español
    >> Escribiendo metadatos
    >> Buscando datos online del comic
2022-08-07T20:38:07 | comictaggerlib.cli | ERROR | Online search: No match found. Save aborted
SCRAPPING FALLIDO. ERROR:  No matches:
   >> Buscando comic SERIE: Outcast  | ISSUE: 2 | AÑO: 20161 | COMIC: Q:\PRUEBAS\Outcast (Delcourt)(2016)(comics 1 de 2)\Outcast #02.cbz | IDIOMA: ingles
    >> Escribiendo metadatos
    >> Buscando datos online del comic
2022-08-07T20:38:16 | comictaggerlib.cli | ERROR | Online search: No match found. Save aborted
SCRAPPING FALLIDO. ERROR:  No matches:
   >> Buscando comic SERIE: Outcast  | ISSUE: 2 | AÑO: 20161 | COMIC: Q:\PRUEBAS\Outcast (Delcourt)(2016)(comics 1 de 2)\Outcast #02.cbz | IDIOMA: español
    >> Escribiendo metadatos
    >> Buscando datos online del comic
2022-08-07T20:38:25 | comictaggerlib.cli | ERROR | Online search: No match found. Save aborted
SCRAPPING FALLIDO. ERROR:  No matches:
   >> Buscando comic SERIE: Outcast  | ISSUE: 2 | AÑO: 20161 | COMIC: Q:\PRUEBAS\Outcast (Delcourt)(2016)(comics 1 de 2)\Outcast #02.cbz | IDIOMA: ingles
    >> Escribiendo metadatos
    >> Buscando datos online del comic
**********************
Command start time: 20220807203830
**********************
   >> Buscando comic SERIE: Outcast  | ISSUE: 2 | AÑO: 2016 | COMIC: Q:\PRUEBAS\Outcast (Delcourt)(2016)(comics 1 de 2)\Outcast #02.cbz | IDIOMA: españolTerminatingError(): "The pipeline has been stopped."
>> TerminatingError(): "The pipeline has been stopped."
>> TerminatingError(): "The pipeline has been stopped."
>> TerminatingError(): "The pipeline has been stopped."
>> TerminatingError(): "The pipeline has been stopped."
**********************
Command start time: 20220807204749
**********************
PS C:\scripts> CommandInvocation(Get-Command): "Get-Command"
>> ParameterBinding(Get-Command): name="ListImported"; value="True"
>> ParameterBinding(Get-Command): name="CommandType"; value="Alias"

CommandType     Name                                               Version    Source
-----------     ----                                               -------    ------
Alias           % -> ForEach-Object
Alias           ? -> Where-Object
Alias           ac -> Add-Content
Alias           cat -> Get-Content
Alias           cd -> Set-Location
Alias           chdir -> Set-Location
Alias           clc -> Clear-Content
Alias           clear -> Clear-Host
Alias           clhy -> Clear-History
Alias           cli -> Clear-Item
Alias           clp -> Clear-ItemProperty
Alias           cls -> Clear-Host
Alias           clv -> Clear-Variable
Alias           cnsn -> Connect-PSSession
Alias           compare -> Compare-Object
Alias           copy -> Copy-Item
Alias           cp -> Copy-Item
Alias           cpi -> Copy-Item
Alias           cpp -> Copy-ItemProperty
Alias           cvpa -> Convert-Path
Alias           dbp -> Disable-PSBreakpoint
Alias           del -> Remove-Item
Alias           diff -> Compare-Object
Alias           dir -> Get-ChildItem
Alias           dnsn -> Disconnect-PSSession
Alias           ebp -> Enable-PSBreakpoint
Alias           echo -> Write-Output
Alias           epal -> Export-Alias
Alias           epcsv -> Export-Csv
Alias           erase -> Remove-Item
Alias           etsn -> Enter-PSSession
Alias           exsn -> Exit-PSSession
Alias           fc -> Format-Custom
Alias           fhx -> Format-Hex                                  7.0.0.0    Microsoft.PowerShell.Utility
Alias           fl -> Format-List
Alias           foreach -> ForEach-Object
Alias           ft -> Format-Table
Alias           fw -> Format-Wide
Alias           gal -> Get-Alias
Alias           gbp -> Get-PSBreakpoint
Alias           gc -> Get-Content
Alias           gcb -> Get-Clipboard                               7.0.0.0    Microsoft.PowerShell.Management
Alias           gci -> Get-ChildItem
Alias           gcm -> Get-Command
Alias           gcs -> Get-PSCallStack
Alias           gdr -> Get-PSDrive
Alias           gerr -> Get-Error
Alias           ghy -> Get-History
Alias           gi -> Get-Item
Alias           gin -> Get-ComputerInfo                            7.0.0.0    Microsoft.PowerShell.Management
Alias           gjb -> Get-Job
Alias           gl -> Get-Location
Alias           gm -> Get-Member
Alias           gmo -> Get-Module
Alias           gp -> Get-ItemProperty
Alias           gps -> Get-Process
Alias           gpv -> Get-ItemPropertyValue
Alias           group -> Group-Object
Alias           gsn -> Get-PSSession
Alias           gsv -> Get-Service
Alias           gtz -> Get-TimeZone                                7.0.0.0    Microsoft.PowerShell.Management
Alias           gu -> Get-Unique
Alias           gv -> Get-Variable
Alias           h -> Get-History
Alias           history -> Get-History
Alias           icm -> Invoke-Command
Alias           iex -> Invoke-Expression
Alias           ihy -> Invoke-History
Alias           ii -> Invoke-Item
Alias           ipal -> Import-Alias
Alias           ipcsv -> Import-Csv
Alias           ipmo -> Import-Module
Alias           irm -> Invoke-RestMethod
Alias           iwr -> Invoke-WebRequest
Alias           kill -> Stop-Process
Alias           ls -> Get-ChildItem
Alias           man -> help
Alias           md -> mkdir
Alias           measure -> Measure-Object
Alias           mi -> Move-Item
Alias           mount -> New-PSDrive
Alias           move -> Move-Item
Alias           mp -> Move-ItemProperty
Alias           mv -> Move-Item
Alias           nal -> New-Alias
Alias           ndr -> New-PSDrive
Alias           ni -> New-Item
Alias           nmo -> New-Module
Alias           nsn -> New-PSSession
Alias           nv -> New-Variable
Alias           ogv -> Out-GridView
Alias           oh -> Out-Host
Alias           popd -> Pop-Location
Alias           ps -> Get-Process
Alias           psedit -> Open-EditorFile                          0.2.0      PowerShellEditorServices.Commands
Alias           pushd -> Push-Location
Alias           pwd -> Get-Location
Alias           r -> Invoke-History
Alias           rbp -> Remove-PSBreakpoint
Alias           rcjb -> Receive-Job
Alias           rcsn -> Receive-PSSession
Alias           rd -> Remove-Item
Alias           rdr -> Remove-PSDrive
Alias           ren -> Rename-Item
Alias           ri -> Remove-Item
Alias           rjb -> Remove-Job
Alias           rm -> Remove-Item
Alias           rmdir -> Remove-Item
Alias           rmo -> Remove-Module
Alias           rni -> Rename-Item
Alias           rnp -> Rename-ItemProperty
Alias           rp -> Remove-ItemProperty
Alias           rsn -> Remove-PSSession
Alias           rv -> Remove-Variable
Alias           rvpa -> Resolve-Path
Alias           sajb -> Start-Job
Alias           sal -> Set-Alias
Alias           saps -> Start-Process
Alias           sasv -> Start-Service
Alias           sbp -> Set-PSBreakpoint
Alias           scb -> Set-Clipboard                               7.0.0.0    Microsoft.PowerShell.Management
Alias           select -> Select-Object
Alias           set -> Set-Variable
Alias           shcm -> Show-Command
Alias           si -> Set-Item
Alias           sl -> Set-Location
Alias           sleep -> Start-Sleep
Alias           sls -> Select-String
Alias           sort -> Sort-Object
Alias           sp -> Set-ItemProperty
Alias           spjb -> Stop-Job
Alias           spps -> Stop-Process
Alias           spsv -> Stop-Service
Alias           start -> Start-Process
Alias           stz -> Set-TimeZone                                7.0.0.0    Microsoft.PowerShell.Management
Alias           sv -> Set-Variable
Alias           tee -> Tee-Object
Alias           type -> Get-Content
Alias           where -> Where-Object
Alias           wjb -> Wait-Job
Alias           write -> Write-Output

**********************
Command start time: 20220807204752
**********************
PS C:\scripts> CommandInvocation(Get-Command): "Get-Command"
>> ParameterBinding(Get-Command): name="ListImported"; value="True"
>> ParameterBinding(Get-Command): name="CommandType"; value="Alias"

CommandType     Name                                               Version    Source
-----------     ----                                               -------    ------
Alias           % -> ForEach-Object
Alias           ? -> Where-Object
Alias           ac -> Add-Content
Alias           cat -> Get-Content
Alias           cd -> Set-Location
Alias           chdir -> Set-Location
Alias           clc -> Clear-Content
Alias           clear -> Clear-Host
Alias           clhy -> Clear-History
Alias           cli -> Clear-Item
Alias           clp -> Clear-ItemProperty
Alias           cls -> Clear-Host
Alias           clv -> Clear-Variable
Alias           cnsn -> Connect-PSSession
Alias           compare -> Compare-Object
Alias           copy -> Copy-Item
Alias           cp -> Copy-Item
Alias           cpi -> Copy-Item
Alias           cpp -> Copy-ItemProperty
Alias           cvpa -> Convert-Path
Alias           dbp -> Disable-PSBreakpoint
Alias           del -> Remove-Item
Alias           diff -> Compare-Object
Alias           dir -> Get-ChildItem
Alias           dnsn -> Disconnect-PSSession
Alias           ebp -> Enable-PSBreakpoint
Alias           echo -> Write-Output
Alias           epal -> Export-Alias
Alias           epcsv -> Export-Csv
Alias           erase -> Remove-Item
Alias           etsn -> Enter-PSSession
Alias           exsn -> Exit-PSSession
Alias           fc -> Format-Custom
Alias           fhx -> Format-Hex                                  7.0.0.0    Microsoft.PowerShell.Utility
Alias           fl -> Format-List
Alias           foreach -> ForEach-Object
Alias           ft -> Format-Table
Alias           fw -> Format-Wide
Alias           gal -> Get-Alias
Alias           gbp -> Get-PSBreakpoint
Alias           gc -> Get-Content
Alias           gcb -> Get-Clipboard                               7.0.0.0    Microsoft.PowerShell.Management
Alias           gci -> Get-ChildItem
Alias           gcm -> Get-Command
Alias           gcs -> Get-PSCallStack
Alias           gdr -> Get-PSDrive
Alias           gerr -> Get-Error
Alias           ghy -> Get-History
Alias           gi -> Get-Item
Alias           gin -> Get-ComputerInfo                            7.0.0.0    Microsoft.PowerShell.Management
Alias           gjb -> Get-Job
Alias           gl -> Get-Location
Alias           gm -> Get-Member
Alias           gmo -> Get-Module
Alias           gp -> Get-ItemProperty
Alias           gps -> Get-Process
Alias           gpv -> Get-ItemPropertyValue
Alias           group -> Group-Object
Alias           gsn -> Get-PSSession
Alias           gsv -> Get-Service
Alias           gtz -> Get-TimeZone                                7.0.0.0    Microsoft.PowerShell.Management
Alias           gu -> Get-Unique
Alias           gv -> Get-Variable
Alias           h -> Get-History
Alias           history -> Get-History
Alias           icm -> Invoke-Command
Alias           iex -> Invoke-Expression
Alias           ihy -> Invoke-History
Alias           ii -> Invoke-Item
Alias           ipal -> Import-Alias
Alias           ipcsv -> Import-Csv
Alias           ipmo -> Import-Module
Alias           irm -> Invoke-RestMethod
Alias           iwr -> Invoke-WebRequest
Alias           kill -> Stop-Process
Alias           ls -> Get-ChildItem
Alias           man -> help
Alias           md -> mkdir
Alias           measure -> Measure-Object
Alias           mi -> Move-Item
Alias           mount -> New-PSDrive
Alias           move -> Move-Item
Alias           mp -> Move-ItemProperty
Alias           mv -> Move-Item
Alias           nal -> New-Alias
Alias           ndr -> New-PSDrive
Alias           ni -> New-Item
Alias           nmo -> New-Module
Alias           nsn -> New-PSSession
Alias           nv -> New-Variable
Alias           ogv -> Out-GridView
Alias           oh -> Out-Host
Alias           popd -> Pop-Location
Alias           ps -> Get-Process
Alias           psedit -> Open-EditorFile                          0.2.0      PowerShellEditorServices.Commands
Alias           pushd -> Push-Location
Alias           pwd -> Get-Location
Alias           r -> Invoke-History
Alias           rbp -> Remove-PSBreakpoint
Alias           rcjb -> Receive-Job
Alias           rcsn -> Receive-PSSession
Alias           rd -> Remove-Item
Alias           rdr -> Remove-PSDrive
Alias           ren -> Rename-Item
Alias           ri -> Remove-Item
Alias           rjb -> Remove-Job
Alias           rm -> Remove-Item
Alias           rmdir -> Remove-Item
Alias           rmo -> Remove-Module
Alias           rni -> Rename-Item
Alias           rnp -> Rename-ItemProperty
Alias           rp -> Remove-ItemProperty
Alias           rsn -> Remove-PSSession
Alias           rv -> Remove-Variable
Alias           rvpa -> Resolve-Path
Alias           sajb -> Start-Job
Alias           sal -> Set-Alias
Alias           saps -> Start-Process
Alias           sasv -> Start-Service
Alias           sbp -> Set-PSBreakpoint
Alias           scb -> Set-Clipboard                               7.0.0.0    Microsoft.PowerShell.Management
Alias           select -> Select-Object
Alias           set -> Set-Variable
Alias           shcm -> Show-Command
Alias           si -> Set-Item
Alias           sl -> Set-Location
Alias           sleep -> Start-Sleep
Alias           sls -> Select-String
Alias           sort -> Sort-Object
Alias           sp -> Set-ItemProperty
Alias           spjb -> Stop-Job
Alias           spps -> Stop-Process
Alias           spsv -> Stop-Service
Alias           start -> Start-Process
Alias           stz -> Set-TimeZone                                7.0.0.0    Microsoft.PowerShell.Management
Alias           sv -> Set-Variable
Alias           tee -> Tee-Object
Alias           type -> Get-Content
Alias           where -> Where-Object
Alias           wjb -> Wait-Job
Alias           write -> Write-Output

**********************
Command start time: 20220807204753
**********************
PS C:\scripts> CommandInvocation(Get-Command): "Get-Command"
>> ParameterBinding(Get-Command): name="ListImported"; value="True"
>> ParameterBinding(Get-Command): name="CommandType"; value="Alias"

CommandType     Name                                               Version    Source
-----------     ----                                               -------    ------
Alias           % -> ForEach-Object
Alias           ? -> Where-Object
Alias           ac -> Add-Content
Alias           cat -> Get-Content
Alias           cd -> Set-Location
Alias           chdir -> Set-Location
Alias           clc -> Clear-Content
Alias           clear -> Clear-Host
Alias           clhy -> Clear-History
Alias           cli -> Clear-Item
Alias           clp -> Clear-ItemProperty
Alias           cls -> Clear-Host
Alias           clv -> Clear-Variable
Alias           cnsn -> Connect-PSSession
Alias           compare -> Compare-Object
Alias           copy -> Copy-Item
Alias           cp -> Copy-Item
Alias           cpi -> Copy-Item
Alias           cpp -> Copy-ItemProperty
Alias           cvpa -> Convert-Path
Alias           dbp -> Disable-PSBreakpoint
Alias           del -> Remove-Item
Alias           diff -> Compare-Object
Alias           dir -> Get-ChildItem
Alias           dnsn -> Disconnect-PSSession
Alias           ebp -> Enable-PSBreakpoint
Alias           echo -> Write-Output
Alias           epal -> Export-Alias
Alias           epcsv -> Export-Csv
Alias           erase -> Remove-Item
Alias           etsn -> Enter-PSSession
Alias           exsn -> Exit-PSSession
Alias           fc -> Format-Custom
Alias           fhx -> Format-Hex                                  7.0.0.0    Microsoft.PowerShell.Utility
Alias           fl -> Format-List
Alias           foreach -> ForEach-Object
Alias           ft -> Format-Table
Alias           fw -> Format-Wide
Alias           gal -> Get-Alias
Alias           gbp -> Get-PSBreakpoint
Alias           gc -> Get-Content
Alias           gcb -> Get-Clipboard                               7.0.0.0    Microsoft.PowerShell.Management
Alias           gci -> Get-ChildItem
Alias           gcm -> Get-Command
Alias           gcs -> Get-PSCallStack
Alias           gdr -> Get-PSDrive
Alias           gerr -> Get-Error
Alias           ghy -> Get-History
Alias           gi -> Get-Item
Alias           gin -> Get-ComputerInfo                            7.0.0.0    Microsoft.PowerShell.Management
Alias           gjb -> Get-Job
Alias           gl -> Get-Location
Alias           gm -> Get-Member
Alias           gmo -> Get-Module
Alias           gp -> Get-ItemProperty
Alias           gps -> Get-Process
Alias           gpv -> Get-ItemPropertyValue
Alias           group -> Group-Object
Alias           gsn -> Get-PSSession
Alias           gsv -> Get-Service
Alias           gtz -> Get-TimeZone                                7.0.0.0    Microsoft.PowerShell.Management
Alias           gu -> Get-Unique
Alias           gv -> Get-Variable
Alias           h -> Get-History
Alias           history -> Get-History
Alias           icm -> Invoke-Command
Alias           iex -> Invoke-Expression
Alias           ihy -> Invoke-History
Alias           ii -> Invoke-Item
Alias           ipal -> Import-Alias
Alias           ipcsv -> Import-Csv
Alias           ipmo -> Import-Module
Alias           irm -> Invoke-RestMethod
Alias           iwr -> Invoke-WebRequest
Alias           kill -> Stop-Process
Alias           ls -> Get-ChildItem
Alias           man -> help
Alias           md -> mkdir
Alias           measure -> Measure-Object
Alias           mi -> Move-Item
Alias           mount -> New-PSDrive
Alias           move -> Move-Item
Alias           mp -> Move-ItemProperty
Alias           mv -> Move-Item
Alias           nal -> New-Alias
Alias           ndr -> New-PSDrive
Alias           ni -> New-Item
Alias           nmo -> New-Module
Alias           nsn -> New-PSSession
Alias           nv -> New-Variable
Alias           ogv -> Out-GridView
Alias           oh -> Out-Host
Alias           popd -> Pop-Location
Alias           ps -> Get-Process
Alias           psedit -> Open-EditorFile                          0.2.0      PowerShellEditorServices.Commands
Alias           pushd -> Push-Location
Alias           pwd -> Get-Location
Alias           r -> Invoke-History
Alias           rbp -> Remove-PSBreakpoint
Alias           rcjb -> Receive-Job
Alias           rcsn -> Receive-PSSession
Alias           rd -> Remove-Item
Alias           rdr -> Remove-PSDrive
Alias           ren -> Rename-Item
Alias           ri -> Remove-Item
Alias           rjb -> Remove-Job
Alias           rm -> Remove-Item
Alias           rmdir -> Remove-Item
Alias           rmo -> Remove-Module
Alias           rni -> Rename-Item
Alias           rnp -> Rename-ItemProperty
Alias           rp -> Remove-ItemProperty
Alias           rsn -> Remove-PSSession
Alias           rv -> Remove-Variable
Alias           rvpa -> Resolve-Path
Alias           sajb -> Start-Job
Alias           sal -> Set-Alias
Alias           saps -> Start-Process
Alias           sasv -> Start-Service
Alias           sbp -> Set-PSBreakpoint
Alias           scb -> Set-Clipboard                               7.0.0.0    Microsoft.PowerShell.Management
Alias           select -> Select-Object
Alias           set -> Set-Variable
Alias           shcm -> Show-Command
Alias           si -> Set-Item
Alias           sl -> Set-Location
Alias           sleep -> Start-Sleep
Alias           sls -> Select-String
Alias           sort -> Sort-Object
Alias           sp -> Set-ItemProperty
Alias           spjb -> Stop-Job
Alias           spps -> Stop-Process
Alias           spsv -> Stop-Service
Alias           start -> Start-Process
Alias           stz -> Set-TimeZone                                7.0.0.0    Microsoft.PowerShell.Management
Alias           sv -> Set-Variable
Alias           tee -> Tee-Object
Alias           type -> Get-Content
Alias           where -> Where-Object
Alias           wjb -> Wait-Job
Alias           write -> Write-Output

**********************
Command start time: 20220807204842
**********************
PS C:\scripts> . "c:\scripts\convierte\comic-convert.ps1"
PATH DEL SCRIPT = C:\scripts\convierte

**********************
PowerShell transcript end
End time: 20220807204843
**********************
