**********************
PowerShell transcript start
Start time: 20220807201355
Username: SERVER\server
RunAs User: SERVER\server
Configuration Name: 
Machine: SERVER (Microsoft Windows NT 10.0.19044.0)
Host Application: C:\Program Files\PowerShell\7\pwsh.dll -NoProfile -ExecutionPolicy Bypass -Command Import-Module 'c:\Users\server\.vscode\extensions\ms-vscode.powershell-2022.7.2\modules\PowerShellEditorServices\PowerShellEditorServices.psd1'; Start-EditorServices -HostName 'Visual Studio Code Host' -HostProfileId 'Microsoft.VSCode' -HostVersion '2022.7.2' -AdditionalModules @('PowerShellEditorServices.VSCode') -BundledModulesPath 'c:\Users\server\.vscode\extensions\ms-vscode.powershell-2022.7.2\modules' -EnableConsoleRepl -StartupBanner "PowerShell Extension v2022.7.2
Copyright (c) Microsoft Corporation.

https://aka.ms/vscode-powershell
Type 'help' to get help.
" -LogLevel 'Normal' -LogPath 'c:\Users\server\AppData\Roaming\Code\User\globalStorage\ms-vscode.powershell\logs\1659895993-0bcda2fe-4671-4f92-b0ac-1d21c8d90a5f1659895989767\EditorServices.log' -SessionDetailsPath 'c:\Users\server\AppData\Roaming\Code\User\globalStorage\ms-vscode.powershell\sessions\PSES-VSCode-1424-105698.json' -FeatureFlags @() 
Process ID: 7124
PSVersion: 7.2.5
PSEdition: Core
GitCommitId: 7.2.5
OS: Microsoft Windows 10.0.19044
Platform: Win32NT
PSCompatibleVersions: 1.0, 2.0, 3.0, 4.0, 5.0, 5.1.10032.0, 6.0.0, 6.1.0, 6.2.0, 7.0.0, 7.1.0, 7.2.5
PSRemotingProtocolVersion: 2.3
SerializationVersion: 1.1.0.1
WSManStackVersion: 3.0
**********************

#####################################################################################################
#### PROCESANDO NUEVA SERIE: Outcast
#####################################################################################################

    >> Lista de ficheros a procesar:

Q:\PRUEBAS\Outcast (Delcourt)(2016)(comics 1 de 2)\Outcast 01 (2014).cbr
Q:\PRUEBAS\Outcast (Delcourt)(2016)(comics 1 de 2)\Outcast 02 (2014).cbr
Q:\PRUEBAS\Outcast (Delcourt)(2016)(comics 1 de 2)\Outcast 03 (2014).cbr
Q:\PRUEBAS\Outcast (Delcourt)(2016)(comics 1 de 2)\Outcast 04 (2014).cbr
Q:\PRUEBAS\Outcast (Delcourt)(2016)(comics 1 de 2)\Outcast 05 (2014).cbr
Q:\PRUEBAS\Outcast (Delcourt)(2016)(comics 1 de 2)\Outcast 06 (2014).cbr
Q:\PRUEBAS\Outcast (Delcourt)(2016)(comics 1 de 2)\Outcast 07 (2015).cbr
Q:\PRUEBAS\Outcast (Delcourt)(2016)(comics 1 de 2)\Outcast 08 (2015).cbr
Q:\PRUEBAS\Outcast (Delcourt)(2016)(comics 1 de 2)\Outcast 09 (2015).cbr
Q:\PRUEBAS\Outcast (Delcourt)(2016)(comics 1 de 2)\Outcast 10 (2015).cbr

MUEVO TODOS LOS COMIS AL DIRECTORIO RAIZ DE LA SERIE Y BORRO DIRECTORIOS VACIOS RECURSIVAMENTE


LIMPIO EL NOMBRE DEL COMIC

#####################################################################################################
#### PROCESANDO NUEVO COMIC: Q:\PRUEBAS\Outcast (Delcourt)(2016)(comics 1 de 2)\Outcast #01.cbr
#####################################################################################################
DESCOMPRIMO EL COMIC
    >> Borro los directorios temporales
    >> Descomprimo el comic
    >> Cambio los atributos a los ficheros para poder tener acceso
EJECUTO UNA LIMPIEZA DEL COMIC
    >> Borro todos los ficheros menores de 5k que son thumbnais y los visores de comics no entienden
    >> Quito directorios de MACOSX
    >> Elimino todos los ficheros que nos son jpg, png, xml ó webp
CONVIERTO LOS FICHEROS DE IMAGENES DEL COMIC A UN FORMATO ADECUADO
    >> Convirtiendo imagenes.... ( ¡Espere!, este proceso puede durar varios minutos )
ELIMINO LAS IMAGENES DE CREDITOS
    >> Borro ciertas imagenes que añaden lo recopiladores
    >> Genero las ultimas 7 miniaturas en formato 32x32
    >> Buscando creditos en las 7 ultimas imagenes del comic
CREO EL NUEVO NOMBRE
    >> Creo el nuevo nombre del comic:  Q:\PRUEBAS\Outcast (Delcourt)(2016)(comics 1 de 2)\Outcast #01.cbz
HAGO UNA COPIA DE SEGURIDAD DEL COMIC
    >> Borro la copia de seguridad antes de crearla por si existe
    >> Creo la copia de seguridad por si fallase algun proceso despues
COMPRIMO EL NUEVO COMIC
COMPRUEBO EL NUEVO COMIC
    >> EL COMIC ES CORRECTO
    >> Borro el backup
HAGO UN SCRAPPING DEL COMIC CON COMICTAGGER
**********************
Command start time: 20220807201455
**********************
PS>CommandInvocation(Get-Variable): "Get-Variable"
>> ParameterBinding(Get-Variable): name="Scope"; value="Global"
**********************
Command start time: 20220807201455
**********************
PS>CommandInvocation(Get-Variable): "Get-Variable"
>> ParameterBinding(Get-Variable): name="Scope"; value="Script"
**********************
Command start time: 20220807201455
**********************
PS>CommandInvocation(Get-Variable): "Get-Variable"
>> ParameterBinding(Get-Variable): name="Scope"; value="Local"
**********************
Command start time: 20220807201455
**********************
PS>CommandInvocation(Get-Variable): "Get-Variable"
>> ParameterBinding(Get-Variable): name="Scope"; value="Local"
========================================================
=================== DATOS OBTENIDOS ====================
Serie: Outcast
Numero: 1
Comic: Q:\PRUEBAS\Outcast (Delcourt)(2016)(comics 1 de 2)\Outcast #01.cbz
Año serie: 2016
========================================================
========================================================

BUSCANDO DATOS (SCRAPPING) DEL COMIC
**********************
Command start time: 20220807201502
**********************
PS>CommandInvocation(Get-Variable): "Get-Variable"
>> ParameterBinding(Get-Variable): name="Scope"; value="Global"
**********************
Command start time: 20220807201502
**********************
PS>CommandInvocation(Get-Variable): "Get-Variable"
>> ParameterBinding(Get-Variable): name="Scope"; value="Script"
**********************
Command start time: 20220807201502
**********************
PS>CommandInvocation(Get-Variable): "Get-Variable"
>> ParameterBinding(Get-Variable): name="Scope"; value="Local"
**********************
Command start time: 20220807201502
**********************
PS>CommandInvocation(Get-Variable): "Get-Variable"
>> ParameterBinding(Get-Variable): name="Scope"; value="Local"
**********************
Command start time: 20220807201510
**********************
PS>CommandInvocation(Get-Variable): "Get-Variable"
>> ParameterBinding(Get-Variable): name="Scope"; value="Global"
**********************
Command start time: 20220807201510
**********************
PS>CommandInvocation(Get-Variable): "Get-Variable"
>> ParameterBinding(Get-Variable): name="Scope"; value="Script"
**********************
Command start time: 20220807201510
**********************
PS>CommandInvocation(Get-Variable): "Get-Variable"
>> ParameterBinding(Get-Variable): name="Scope"; value="Local"
**********************
Command start time: 20220807201510
**********************
PS>CommandInvocation(Get-Variable): "Get-Variable"
>> ParameterBinding(Get-Variable): name="Scope"; value="Local"
**********************
Command start time: 20220807201516
**********************
PS>CommandInvocation(Get-Variable): "Get-Variable"
>> ParameterBinding(Get-Variable): name="Scope"; value="Global"
**********************
Command start time: 20220807201516
**********************
PS>CommandInvocation(Get-Variable): "Get-Variable"
>> ParameterBinding(Get-Variable): name="Scope"; value="Script"
**********************
Command start time: 20220807201516
**********************
PS>CommandInvocation(Get-Variable): "Get-Variable"
>> ParameterBinding(Get-Variable): name="Scope"; value="Local"
**********************
Command start time: 20220807201516
**********************
PS>CommandInvocation(Get-Variable): "Get-Variable"
>> ParameterBinding(Get-Variable): name="Scope"; value="Local"
**********************
Command start time: 20220807201518
**********************
PS>CommandInvocation(Get-Variable): "Get-Variable"
>> ParameterBinding(Get-Variable): name="Scope"; value="Global"
**********************
Command start time: 20220807201518
**********************
PS>CommandInvocation(Get-Variable): "Get-Variable"
>> ParameterBinding(Get-Variable): name="Scope"; value="Script"
**********************
Command start time: 20220807201518
**********************
PS>CommandInvocation(Get-Variable): "Get-Variable"
>> ParameterBinding(Get-Variable): name="Scope"; value="Local"
**********************
Command start time: 20220807201518
**********************
PS>CommandInvocation(Get-Variable): "Get-Variable"
>> ParameterBinding(Get-Variable): name="Scope"; value="Local"
**********************
Command start time: 20220807201547
**********************
PS>TerminatingError(): "The pipeline has been stopped."
>> TerminatingError(): "The pipeline has been stopped."
>> TerminatingError(): "The pipeline has been stopped."
**********************
Command start time: 20220807201549
**********************
PS C:\scripts> . "c:\scripts\convierte\scrapping.ps1"
**********************
Command start time: 20220807201552
**********************
PS C:\scripts> . "c:\scripts\convierte\comic-convert.ps1"
PATH DEL SCRIPT = C:\scripts\convierte

**********************
PowerShell transcript end
End time: 20220807201552
**********************
