**********************
PowerShell transcript start
Start time: 20220807205447
Username: SERVER\server
RunAs User: SERVER\server
Configuration Name: 
Machine: SERVER (Microsoft Windows NT 10.0.19044.0)
Host Application: C:\Program Files\PowerShell\7\pwsh.dll -NoProfile -ExecutionPolicy Bypass -Command Import-Module 'c:\Users\server\.vscode\extensions\ms-vscode.powershell-2022.7.2\modules\PowerShellEditorServices\PowerShellEditorServices.psd1'; Start-EditorServices -HostName 'Visual Studio Code Host' -HostProfileId 'Microsoft.VSCode' -HostVersion '2022.7.2' -AdditionalModules @('PowerShellEditorServices.VSCode') -BundledModulesPath 'c:\Users\server\.vscode\extensions\ms-vscode.powershell-2022.7.2\modules' -EnableConsoleRepl -StartupBanner "PowerShell Extension v2022.7.2
Copyright (c) Microsoft Corporation.

https://aka.ms/vscode-powershell
Type 'help' to get help.
" -LogLevel 'Normal' -LogPath 'c:\Users\server\AppData\Roaming\Code\User\globalStorage\ms-vscode.powershell\logs\1659895993-0bcda2fe-4671-4f92-b0ac-1d21c8d90a5f1659895989767\EditorServices.log' -SessionDetailsPath 'c:\Users\server\AppData\Roaming\Code\User\globalStorage\ms-vscode.powershell\sessions\PSES-VSCode-1424-105698.json' -FeatureFlags @() 
Process ID: 7124
PSVersion: 7.2.5
PSEdition: Core
GitCommitId: 7.2.5
OS: Microsoft Windows 10.0.19044
Platform: Win32NT
PSCompatibleVersions: 1.0, 2.0, 3.0, 4.0, 5.0, 5.1.10032.0, 6.0.0, 6.1.0, 6.2.0, 7.0.0, 7.1.0, 7.2.5
PSRemotingProtocolVersion: 2.3
SerializationVersion: 1.1.0.1
WSManStackVersion: 3.0
**********************

#####################################################################################################
#### PROCESANDO NUEVA SERIE: Outcast
#####################################################################################################

    >> Lista de ficheros a procesar:

Q:\PRUEBAS\Outcast (Delcourt)(2016)(comics 1 de 2)\Outcast #001 - Possession.cbz
Q:\PRUEBAS\Outcast (Delcourt)(2016)(comics 1 de 2)\Outcast #02.cbz
Q:\PRUEBAS\Outcast (Delcourt)(2016)(comics 1 de 2)\Outcast #03.cbr
Q:\PRUEBAS\Outcast (Delcourt)(2016)(comics 1 de 2)\Outcast #04.cbr
Q:\PRUEBAS\Outcast (Delcourt)(2016)(comics 1 de 2)\Outcast #05.cbr
Q:\PRUEBAS\Outcast (Delcourt)(2016)(comics 1 de 2)\Outcast #06.cbr
Q:\PRUEBAS\Outcast (Delcourt)(2016)(comics 1 de 2)\Outcast #07.cbr
Q:\PRUEBAS\Outcast (Delcourt)(2016)(comics 1 de 2)\Outcast #08.cbr
Q:\PRUEBAS\Outcast (Delcourt)(2016)(comics 1 de 2)\Outcast #09.cbr
Q:\PRUEBAS\Outcast (Delcourt)(2016)(comics 1 de 2)\Outcast #10.cbr

MUEVO TODOS LOS COMIS AL DIRECTORIO RAIZ DE LA SERIE Y BORRO DIRECTORIOS VACIOS RECURSIVAMENTE


LIMPIO EL NOMBRE DEL COMIC

#####################################################################################################
#### PROCESANDO NUEVO COMIC: Q:\PRUEBAS\Outcast (Delcourt)(2016)(comics 1 de 2)\Outcast #001 - Possession.cbz
#####################################################################################################
DESCOMPRIMO EL COMIC
    >> Borro los directorios temporales
    >> Descomprimo el comic
    >> Cambio los atributos a los ficheros para poder tener acceso
EJECUTO UNA LIMPIEZA DEL COMIC
    >> Borro todos los ficheros menores de 5k que son thumbnais y los visores de comics no entienden
    >> Quito directorios de MACOSX
    >> Elimino todos los ficheros que nos son jpg, png, xml ó webp
CONVIERTO LOS FICHEROS DE IMAGENES DEL COMIC A UN FORMATO ADECUADO
    >> Convirtiendo imagenes.... ( ¡Espere!, este proceso puede durar varios minutos )
ELIMINO LAS IMAGENES DE CREDITOS
    >> Borro ciertas imagenes que añaden lo recopiladores
    >> Genero las ultimas 7 miniaturas en formato 32x32
    >> Buscando creditos en las 7 ultimas imagenes del comic
CREO EL NUEVO NOMBRE
    >> Creo el nuevo nombre del comic:  Q:\PRUEBAS\Outcast (Delcourt)(2016)(comics 1 de 2)\Outcast #001 - Possession.cbz
HAGO UNA COPIA DE SEGURIDAD DEL COMIC
    >> Borro la copia de seguridad antes de crearla por si existe
    >> Creo la copia de seguridad por si fallase algun proceso despues
COMPRIMO EL NUEVO COMIC
COMPRUEBO EL NUEVO COMIC
    >> EL COMIC ES CORRECTO
    >> Borro el backup
HAGO UN SCRAPPING DEL COMIC CON COMICTAGGER
========================================================
=================== DATOS OBTENIDOS ====================
Serie: Outcast
Numero: 1
Comic: Q:\PRUEBAS\Outcast (Delcourt)(2016)(comics 1 de 2)\Outcast #001 - Possession.cbz
Año de la serie:  2016
========================================================
========================================================

BUSCANDO DATOS (SCRAPPING) DEL COMIC
   >> Buscando comic SERIE: Outcast  | ISSUE: 1 | AÑO: 2016 | COMIC: Q:\PRUEBAS\Outcast (Delcourt)(2016)(comics 1 de 2)\Outcast #001 - Possession.cbz | IDIOMA: español
**********************
Command start time: 20220807205539
**********************
PS C:\scripts> CommandInvocation(Get-Variable): "Get-Variable"
>> ParameterBinding(Get-Variable): name="Scope"; value="Global"
**********************
Command start time: 20220807205539
**********************
PS C:\scripts> CommandInvocation(Get-Variable): "Get-Variable"
>> ParameterBinding(Get-Variable): name="Scope"; value="Global"
**********************
Command start time: 20220807205539
**********************
PS C:\scripts> CommandInvocation(Get-Variable): "Get-Variable"
>> ParameterBinding(Get-Variable): name="Scope"; value="Global"
**********************
Command start time: 20220807205539
**********************
PS C:\scripts> CommandInvocation(Get-Variable): "Get-Variable"
>> ParameterBinding(Get-Variable): name="Scope"; value="Global"
**********************
Command start time: 20220807205539
**********************
PS C:\scripts> CommandInvocation(Get-Variable): "Get-Variable"
>> ParameterBinding(Get-Variable): name="Scope"; value="Global"
**********************
Command start time: 20220807205539
**********************
PS C:\scripts> CommandInvocation(Get-Variable): "Get-Variable"
>> ParameterBinding(Get-Variable): name="Scope"; value="Global"
**********************
Command start time: 20220807205539
**********************
PS C:\scripts> CommandInvocation(Get-Variable): "Get-Variable"
>> ParameterBinding(Get-Variable): name="Scope"; value="Global"
**********************
Command start time: 20220807205539
**********************
PS C:\scripts> CommandInvocation(Get-Variable): "Get-Variable"
>> ParameterBinding(Get-Variable): name="Scope"; value="Global"
**********************
Command start time: 20220807205539
**********************
PS C:\scripts> CommandInvocation(Get-Variable): "Get-Variable"
>> ParameterBinding(Get-Variable): name="Scope"; value="Script"
**********************
Command start time: 20220807205539
**********************
PS C:\scripts> CommandInvocation(Get-Variable): "Get-Variable"
>> ParameterBinding(Get-Variable): name="Scope"; value="Script"
**********************
Command start time: 20220807205539
**********************
PS C:\scripts> CommandInvocation(Get-Variable): "Get-Variable"
>> ParameterBinding(Get-Variable): name="Scope"; value="Script"
**********************
Command start time: 20220807205539
**********************
PS C:\scripts> CommandInvocation(Get-Variable): "Get-Variable"
>> ParameterBinding(Get-Variable): name="Scope"; value="Script"
**********************
Command start time: 20220807205539
**********************
PS C:\scripts> CommandInvocation(Get-Variable): "Get-Variable"
>> ParameterBinding(Get-Variable): name="Scope"; value="Script"
**********************
Command start time: 20220807205539
**********************
PS C:\scripts> CommandInvocation(Get-Variable): "Get-Variable"
>> ParameterBinding(Get-Variable): name="Scope"; value="Script"
**********************
Command start time: 20220807205539
**********************
PS C:\scripts> CommandInvocation(Get-Variable): "Get-Variable"
>> ParameterBinding(Get-Variable): name="Scope"; value="Script"
**********************
Command start time: 20220807205539
**********************
PS C:\scripts> CommandInvocation(Get-Variable): "Get-Variable"
>> ParameterBinding(Get-Variable): name="Scope"; value="Script"
**********************
Command start time: 20220807205539
**********************
PS C:\scripts> CommandInvocation(Get-Variable): "Get-Variable"
>> ParameterBinding(Get-Variable): name="Scope"; value="Local"
**********************
Command start time: 20220807205539
**********************
PS C:\scripts> CommandInvocation(Get-Variable): "Get-Variable"
>> ParameterBinding(Get-Variable): name="Scope"; value="Local"
**********************
Command start time: 20220807205539
**********************
PS C:\scripts> CommandInvocation(Get-Variable): "Get-Variable"
>> ParameterBinding(Get-Variable): name="Scope"; value="Local"
**********************
Command start time: 20220807205539
**********************
PS C:\scripts> CommandInvocation(Get-Variable): "Get-Variable"
>> ParameterBinding(Get-Variable): name="Scope"; value="Local"
**********************
Command start time: 20220807205539
**********************
PS C:\scripts> CommandInvocation(Get-Variable): "Get-Variable"
>> ParameterBinding(Get-Variable): name="Scope"; value="Local"
**********************
Command start time: 20220807205539
**********************
PS C:\scripts> CommandInvocation(Get-Variable): "Get-Variable"
>> ParameterBinding(Get-Variable): name="Scope"; value="Local"
**********************
Command start time: 20220807205539
**********************
PS C:\scripts> CommandInvocation(Get-Variable): "Get-Variable"
>> ParameterBinding(Get-Variable): name="Scope"; value="Local"
**********************
Command start time: 20220807205539
**********************
PS C:\scripts> CommandInvocation(Get-Variable): "Get-Variable"
>> ParameterBinding(Get-Variable): name="Scope"; value="Local"
**********************
Command start time: 20220807205539
**********************
PS C:\scripts> CommandInvocation(Get-Variable): "Get-Variable"
>> ParameterBinding(Get-Variable): name="Scope"; value="Local"
**********************
Command start time: 20220807205539
**********************
PS C:\scripts> CommandInvocation(Get-Variable): "Get-Variable"
>> ParameterBinding(Get-Variable): name="Scope"; value="Local"
**********************
Command start time: 20220807205539
**********************
PS C:\scripts> CommandInvocation(Get-Variable): "Get-Variable"
>> ParameterBinding(Get-Variable): name="Scope"; value="Local"
**********************
Command start time: 20220807205539
**********************
PS C:\scripts> CommandInvocation(Get-Variable): "Get-Variable"
>> ParameterBinding(Get-Variable): name="Scope"; value="Local"
**********************
Command start time: 20220807205539
**********************
PS C:\scripts> CommandInvocation(Get-Variable): "Get-Variable"
>> ParameterBinding(Get-Variable): name="Scope"; value="Local"
**********************
Command start time: 20220807205539
**********************
PS C:\scripts> CommandInvocation(Get-Variable): "Get-Variable"
>> ParameterBinding(Get-Variable): name="Scope"; value="Local"
**********************
Command start time: 20220807205539
**********************
PS C:\scripts> CommandInvocation(Get-Variable): "Get-Variable"
>> ParameterBinding(Get-Variable): name="Scope"; value="Local"
**********************
Command start time: 20220807205539
**********************
PS C:\scripts> CommandInvocation(Get-Variable): "Get-Variable"
>> ParameterBinding(Get-Variable): name="Scope"; value="Local"
    >> Buscando datos online del comic
2022-08-07T20:55:52 | comictaggerlib.cli | ERROR | Online search: No match found. Save aborted
SCRAPPING FALLIDO. ERROR:  No matches:
   >> Buscando comic SERIE: Outcast  | ISSUE: 1 | AÑO: 2016 | COMIC: Q:\PRUEBAS\Outcast (Delcourt)(2016)(comics 1 de 2)\Outcast #001 - Possession.cbz | IDIOMA: ingles
    >> Escribiendo metadatos
    >> Buscando datos online del comic
2022-08-07T20:56:02 | comictaggerlib.cli | ERROR | Online search: No match found. Save aborted
SCRAPPING FALLIDO. ERROR:  No matches:
   >> Buscando comic SERIE: Outcast  | ISSUE: 1 | AÑO: 2016 | COMIC: Q:\PRUEBAS\Outcast (Delcourt)(2016)(comics 1 de 2)\Outcast #001 - Possession.cbz | IDIOMA: español
    >> Escribiendo metadatos
    >> Buscando datos online del comic
2022-08-07T20:56:11 | comictaggerlib.cli | ERROR | Online search: No match found. Save aborted
SCRAPPING FALLIDO. ERROR:  No matches:
   >> Buscando comic SERIE: Outcast  | ISSUE: 1 | AÑO: 2016 | COMIC: Q:\PRUEBAS\Outcast (Delcourt)(2016)(comics 1 de 2)\Outcast #001 - Possession.cbz | IDIOMA: ingles
    >> Escribiendo metadatos
    >> Buscando datos online del comic
2022-08-07T20:56:21 | comictaggerlib.cli | ERROR | Online search: No match found. Save aborted
SCRAPPING FALLIDO. ERROR:  No matches:
   >> Buscando comic SERIE: Outcast  | ISSUE: 1 | AÑO: 2015 | COMIC: Q:\PRUEBAS\Outcast (Delcourt)(2016)(comics 1 de 2)\Outcast #001 - Possession.cbz | IDIOMA: español
    >> Escribiendo metadatos
    >> Buscando datos online del comic
SCRAPPING EXITOSO
Filename is already good!
LIMPIO DIRECTORIOS TEMPORALES Y DE LOGS


#####################################################################################################
#### PROCESANDO NUEVO COMIC: Q:\PRUEBAS\Outcast (Delcourt)(2016)(comics 1 de 2)\Outcast #02.cbz
#####################################################################################################
DESCOMPRIMO EL COMIC
    >> Borro los directorios temporales
    >> Descomprimo el comic
    >> Cambio los atributos a los ficheros para poder tener acceso
EJECUTO UNA LIMPIEZA DEL COMIC
    >> Borro todos los ficheros menores de 5k que son thumbnais y los visores de comics no entienden
    >> Quito directorios de MACOSX
    >> Elimino todos los ficheros que nos son jpg, png, xml ó webp
CONVIERTO LOS FICHEROS DE IMAGENES DEL COMIC A UN FORMATO ADECUADO
    >> Convirtiendo imagenes.... ( ¡Espere!, este proceso puede durar varios minutos )
ELIMINO LAS IMAGENES DE CREDITOS
    >> Borro ciertas imagenes que añaden lo recopiladores
    >> Genero las ultimas 7 miniaturas en formato 32x32
    >> Buscando creditos en las 7 ultimas imagenes del comic
CREO EL NUEVO NOMBRE
    >> Creo el nuevo nombre del comic:  Q:\PRUEBAS\Outcast (Delcourt)(2016)(comics 1 de 2)\Outcast #02.cbz
HAGO UNA COPIA DE SEGURIDAD DEL COMIC
    >> Borro la copia de seguridad antes de crearla por si existe
    >> Creo la copia de seguridad por si fallase algun proceso despues
COMPRIMO EL NUEVO COMIC
COMPRUEBO EL NUEVO COMIC
    >> EL COMIC ES CORRECTO
    >> Borro el backup
HAGO UN SCRAPPING DEL COMIC CON COMICTAGGER
========================================================
=================== DATOS OBTENIDOS ====================
Serie: Outcast
Numero: 2
Comic: Q:\PRUEBAS\Outcast (Delcourt)(2016)(comics 1 de 2)\Outcast #02.cbz
Año de la serie:  2016
========================================================
========================================================

BUSCANDO DATOS (SCRAPPING) DEL COMIC
   >> Buscando comic SERIE: Outcast  | ISSUE: 2 | AÑO: 2016 | COMIC: Q:\PRUEBAS\Outcast (Delcourt)(2016)(comics 1 de 2)\Outcast #02.cbz | IDIOMA: español
    >> Escribiendo metadatos
    >> Buscando datos online del comic
2022-08-07T20:57:35 | comictaggerlib.cli | ERROR | Online search: Low confidence match. Save aborted
SCRAPPING FALLIDO. ERROR:  Archives with low-confidence matches:
   >> Buscando comic SERIE: Outcast  | ISSUE: 2 | AÑO: 2016 | COMIC: Q:\PRUEBAS\Outcast (Delcourt)(2016)(comics 1 de 2)\Outcast #02.cbz | IDIOMA: ingles
    >> Escribiendo metadatos
    >> Buscando datos online del comic
2022-08-07T20:57:44 | comictaggerlib.cli | ERROR | Online search: Low confidence match. Save aborted
SCRAPPING FALLIDO. ERROR:  Archives with low-confidence matches:
   >> Buscando comic SERIE: Outcast  | ISSUE: 2 | AÑO: 2016 | COMIC: Q:\PRUEBAS\Outcast (Delcourt)(2016)(comics 1 de 2)\Outcast #02.cbz | IDIOMA: español
    >> Escribiendo metadatos
    >> Buscando datos online del comic
2022-08-07T20:57:55 | comictaggerlib.cli | ERROR | Online search: Low confidence match. Save aborted
SCRAPPING FALLIDO. ERROR:  Archives with low-confidence matches:
   >> Buscando comic SERIE: Outcast  | ISSUE: 2 | AÑO: 2016 | COMIC: Q:\PRUEBAS\Outcast (Delcourt)(2016)(comics 1 de 2)\Outcast #02.cbz | IDIOMA: ingles
    >> Escribiendo metadatos
    >> Buscando datos online del comic
2022-08-07T20:58:04 | comictaggerlib.cli | ERROR | Online search: Low confidence match. Save aborted
SCRAPPING FALLIDO. ERROR:  Archives with low-confidence matches:
   >> Buscando comic SERIE: Outcast  | ISSUE: 2 | AÑO: 2015 | COMIC: Q:\PRUEBAS\Outcast (Delcourt)(2016)(comics 1 de 2)\Outcast #02.cbz | IDIOMA: español
    >> Escribiendo metadatos
    >> Buscando datos online del comic
2022-08-07T20:58:13 | comictaggerlib.cli | ERROR | Online search: Low confidence match. Save aborted
SCRAPPING FALLIDO. ERROR:  Archives with low-confidence matches:
   >> Buscando comic SERIE: Outcast  | ISSUE: 2 | AÑO: 2015 | COMIC: Q:\PRUEBAS\Outcast (Delcourt)(2016)(comics 1 de 2)\Outcast #02.cbz | IDIOMA: ingles
    >> Escribiendo metadatos
    >> Buscando datos online del comic
2022-08-07T20:58:23 | comictaggerlib.cli | ERROR | Online search: Low confidence match. Save aborted
SCRAPPING FALLIDO. ERROR:  Archives with low-confidence matches:
   >> Buscando comic SERIE: Outcast  | ISSUE: 2 | AÑO: 2015 | COMIC: Q:\PRUEBAS\Outcast (Delcourt)(2016)(comics 1 de 2)\Outcast #02.cbz | IDIOMA: español
    >> Escribiendo metadatos
    >> Buscando datos online del comic
2022-08-07T20:58:32 | comictaggerlib.cli | ERROR | Online search: Low confidence match. Save aborted
SCRAPPING FALLIDO. ERROR:  Archives with low-confidence matches:
   >> Buscando comic SERIE: Outcast  | ISSUE: 2 | AÑO: 2015 | COMIC: Q:\PRUEBAS\Outcast (Delcourt)(2016)(comics 1 de 2)\Outcast #02.cbz | IDIOMA: ingles
    >> Escribiendo metadatos
    >> Buscando datos online del comic
2022-08-07T20:58:41 | comictaggerlib.cli | ERROR | Online search: Low confidence match. Save aborted
SCRAPPING FALLIDO. ERROR:  Archives with low-confidence matches:
   >> Buscando comic SERIE: Outcast  | ISSUE: 2 | AÑO: 2017 | COMIC: Q:\PRUEBAS\Outcast (Delcourt)(2016)(comics 1 de 2)\Outcast #02.cbz | IDIOMA: español
    >> Escribiendo metadatos
    >> Buscando datos online del comic
2022-08-07T20:58:50 | comictaggerlib.cli | ERROR | Online search: No match found. Save aborted
SCRAPPING FALLIDO. ERROR:  No matches:
   >> Buscando comic SERIE: Outcast  | ISSUE: 2 | AÑO: 2017 | COMIC: Q:\PRUEBAS\Outcast (Delcourt)(2016)(comics 1 de 2)\Outcast #02.cbz | IDIOMA: ingles
    >> Escribiendo metadatos
    >> Buscando datos online del comic
2022-08-07T20:58:59 | comictaggerlib.cli | ERROR | Online search: No match found. Save aborted
SCRAPPING FALLIDO. ERROR:  No matches:
   >> Buscando comic SERIE: Outcast  | ISSUE: 2 | AÑO: 2017 | COMIC: Q:\PRUEBAS\Outcast (Delcourt)(2016)(comics 1 de 2)\Outcast #02.cbz | IDIOMA: español
    >> Escribiendo metadatos
    >> Buscando datos online del comic
2022-08-07T20:59:09 | comictaggerlib.cli | ERROR | Online search: No match found. Save aborted
SCRAPPING FALLIDO. ERROR:  No matches:
   >> Buscando comic SERIE: Outcast  | ISSUE: 2 | AÑO: 2017 | COMIC: Q:\PRUEBAS\Outcast (Delcourt)(2016)(comics 1 de 2)\Outcast #02.cbz | IDIOMA: ingles
    >> Escribiendo metadatos
    >> Buscando datos online del comic
2022-08-07T20:59:18 | comictaggerlib.cli | ERROR | Online search: No match found. Save aborted
SCRAPPING FALLIDO. ERROR:  No matches:
LIMPIO DIRECTORIOS TEMPORALES Y DE LOGS


#####################################################################################################
#### PROCESANDO NUEVO COMIC: Q:\PRUEBAS\Outcast (Delcourt)(2016)(comics 1 de 2)\Outcast #03.cbr
#####################################################################################################
DESCOMPRIMO EL COMIC
    >> Borro los directorios temporales
    >> Descomprimo el comic
    >> Cambio los atributos a los ficheros para poder tener acceso
EJECUTO UNA LIMPIEZA DEL COMIC
    >> Borro todos los ficheros menores de 5k que son thumbnais y los visores de comics no entienden
    >> Quito directorios de MACOSX
    >> Elimino todos los ficheros que nos son jpg, png, xml ó webp
CONVIERTO LOS FICHEROS DE IMAGENES DEL COMIC A UN FORMATO ADECUADO
    >> Convirtiendo imagenes.... ( ¡Espere!, este proceso puede durar varios minutos )
ELIMINO LAS IMAGENES DE CREDITOS
    >> Borro ciertas imagenes que añaden lo recopiladores
    >> Genero las ultimas 7 miniaturas en formato 32x32
    >> Buscando creditos en las 7 ultimas imagenes del comic
CREO EL NUEVO NOMBRE
    >> Creo el nuevo nombre del comic:  Q:\PRUEBAS\Outcast (Delcourt)(2016)(comics 1 de 2)\Outcast #03.cbz
HAGO UNA COPIA DE SEGURIDAD DEL COMIC
    >> Borro la copia de seguridad antes de crearla por si existe
    >> Creo la copia de seguridad por si fallase algun proceso despues
COMPRIMO EL NUEVO COMIC
COMPRUEBO EL NUEVO COMIC
    >> EL COMIC ES CORRECTO
    >> Borro el backup
HAGO UN SCRAPPING DEL COMIC CON COMICTAGGER
========================================================
=================== DATOS OBTENIDOS ====================
Serie: Outcast
Numero: 3
Comic: Q:\PRUEBAS\Outcast (Delcourt)(2016)(comics 1 de 2)\Outcast #03.cbz
Año de la serie:  2016
========================================================
========================================================

BUSCANDO DATOS (SCRAPPING) DEL COMIC
   >> Buscando comic SERIE: Outcast  | ISSUE: 3 | AÑO: 2016 | COMIC: Q:\PRUEBAS\Outcast (Delcourt)(2016)(comics 1 de 2)\Outcast #03.cbz | IDIOMA: español
    >> Escribiendo metadatos
    >> Buscando datos online del comic
2022-08-07T21:00:22 | comictaggerlib.cli | ERROR | Online search: Multiple low confidence matches. Save aborted
SCRAPPING FALLIDO. ERROR:  Archives with low-confidence matches:
   >> Buscando comic SERIE: Outcast  | ISSUE: 3 | AÑO: 2016 | COMIC: Q:\PRUEBAS\Outcast (Delcourt)(2016)(comics 1 de 2)\Outcast #03.cbz | IDIOMA: ingles
    >> Escribiendo metadatos
    >> Buscando datos online del comic
2022-08-07T21:00:31 | comictaggerlib.cli | ERROR | Online search: Multiple low confidence matches. Save aborted
SCRAPPING FALLIDO. ERROR:  Archives with low-confidence matches:
   >> Buscando comic SERIE: Outcast  | ISSUE: 3 | AÑO: 2016 | COMIC: Q:\PRUEBAS\Outcast (Delcourt)(2016)(comics 1 de 2)\Outcast #03.cbz | IDIOMA: español
    >> Escribiendo metadatos
    >> Buscando datos online del comic
2022-08-07T21:00:41 | comictaggerlib.cli | ERROR | Online search: Multiple low confidence matches. Save aborted
SCRAPPING FALLIDO. ERROR:  Archives with low-confidence matches:
   >> Buscando comic SERIE: Outcast  | ISSUE: 3 | AÑO: 2016 | COMIC: Q:\PRUEBAS\Outcast (Delcourt)(2016)(comics 1 de 2)\Outcast #03.cbz | IDIOMA: ingles
    >> Escribiendo metadatos
    >> Buscando datos online del comic
2022-08-07T21:00:51 | comictaggerlib.cli | ERROR | Online search: Multiple low confidence matches. Save aborted
SCRAPPING FALLIDO. ERROR:  Archives with low-confidence matches:
   >> Buscando comic SERIE: Outcast  | ISSUE: 3 | AÑO: 2015 | COMIC: Q:\PRUEBAS\Outcast (Delcourt)(2016)(comics 1 de 2)\Outcast #03.cbz | IDIOMA: español
    >> Escribiendo metadatos
    >> Buscando datos online del comic
2022-08-07T21:01:02 | comictaggerlib.cli | ERROR | Online search: No match found. Save aborted
SCRAPPING FALLIDO. ERROR:  No matches:
   >> Buscando comic SERIE: Outcast  | ISSUE: 3 | AÑO: 2015 | COMIC: Q:\PRUEBAS\Outcast (Delcourt)(2016)(comics 1 de 2)\Outcast #03.cbz | IDIOMA: ingles
    >> Escribiendo metadatos
    >> Buscando datos online del comic
2022-08-07T21:01:11 | comictaggerlib.cli | ERROR | Online search: No match found. Save aborted
SCRAPPING FALLIDO. ERROR:  No matches:
   >> Buscando comic SERIE: Outcast  | ISSUE: 3 | AÑO: 2015 | COMIC: Q:\PRUEBAS\Outcast (Delcourt)(2016)(comics 1 de 2)\Outcast #03.cbz | IDIOMA: español
    >> Escribiendo metadatos
    >> Buscando datos online del comic
2022-08-07T21:01:20 | comictaggerlib.cli | ERROR | Online search: No match found. Save aborted
SCRAPPING FALLIDO. ERROR:  No matches:
   >> Buscando comic SERIE: Outcast  | ISSUE: 3 | AÑO: 2015 | COMIC: Q:\PRUEBAS\Outcast (Delcourt)(2016)(comics 1 de 2)\Outcast #03.cbz | IDIOMA: ingles
    >> Escribiendo metadatos
    >> Buscando datos online del comic
2022-08-07T21:01:29 | comictaggerlib.cli | ERROR | Online search: No match found. Save aborted
SCRAPPING FALLIDO. ERROR:  No matches:
   >> Buscando comic SERIE: Outcast  | ISSUE: 3 | AÑO: 2017 | COMIC: Q:\PRUEBAS\Outcast (Delcourt)(2016)(comics 1 de 2)\Outcast #03.cbz | IDIOMA: español
    >> Escribiendo metadatos
    >> Buscando datos online del comic
2022-08-07T21:01:38 | comictaggerlib.cli | ERROR | Online search: No match found. Save aborted
SCRAPPING FALLIDO. ERROR:  No matches:
   >> Buscando comic SERIE: Outcast  | ISSUE: 3 | AÑO: 2017 | COMIC: Q:\PRUEBAS\Outcast (Delcourt)(2016)(comics 1 de 2)\Outcast #03.cbz | IDIOMA: ingles
    >> Escribiendo metadatos
    >> Buscando datos online del comic
2022-08-07T21:01:47 | comictaggerlib.cli | ERROR | Online search: No match found. Save aborted
SCRAPPING FALLIDO. ERROR:  No matches:
   >> Buscando comic SERIE: Outcast  | ISSUE: 3 | AÑO: 2017 | COMIC: Q:\PRUEBAS\Outcast (Delcourt)(2016)(comics 1 de 2)\Outcast #03.cbz | IDIOMA: español
    >> Escribiendo metadatos
    >> Buscando datos online del comic
2022-08-07T21:01:56 | comictaggerlib.cli | ERROR | Online search: No match found. Save aborted
SCRAPPING FALLIDO. ERROR:  No matches:
   >> Buscando comic SERIE: Outcast  | ISSUE: 3 | AÑO: 2017 | COMIC: Q:\PRUEBAS\Outcast (Delcourt)(2016)(comics 1 de 2)\Outcast #03.cbz | IDIOMA: ingles
    >> Escribiendo metadatos
    >> Buscando datos online del comic
2022-08-07T21:02:06 | comictaggerlib.cli | ERROR | Online search: No match found. Save aborted
SCRAPPING FALLIDO. ERROR:  No matches:
LIMPIO DIRECTORIOS TEMPORALES Y DE LOGS


#####################################################################################################
#### PROCESANDO NUEVO COMIC: Q:\PRUEBAS\Outcast (Delcourt)(2016)(comics 1 de 2)\Outcast #04.cbr
#####################################################################################################
DESCOMPRIMO EL COMIC
    >> Borro los directorios temporales
    >> Descomprimo el comic
    >> Cambio los atributos a los ficheros para poder tener acceso
EJECUTO UNA LIMPIEZA DEL COMIC
    >> Borro todos los ficheros menores de 5k que son thumbnais y los visores de comics no entienden
    >> Quito directorios de MACOSX
    >> Elimino todos los ficheros que nos son jpg, png, xml ó webp
CONVIERTO LOS FICHEROS DE IMAGENES DEL COMIC A UN FORMATO ADECUADO
    >> Convirtiendo imagenes.... ( ¡Espere!, este proceso puede durar varios minutos )
ELIMINO LAS IMAGENES DE CREDITOS
    >> Borro ciertas imagenes que añaden lo recopiladores
    >> Genero las ultimas 7 miniaturas en formato 32x32
    >> Buscando creditos en las 7 ultimas imagenes del comic
CREO EL NUEVO NOMBRE
    >> Creo el nuevo nombre del comic:  Q:\PRUEBAS\Outcast (Delcourt)(2016)(comics 1 de 2)\Outcast #04.cbz
HAGO UNA COPIA DE SEGURIDAD DEL COMIC
    >> Borro la copia de seguridad antes de crearla por si existe
    >> Creo la copia de seguridad por si fallase algun proceso despues
COMPRIMO EL NUEVO COMIC
COMPRUEBO EL NUEVO COMIC
    >> EL COMIC ES CORRECTO
    >> Borro el backup
HAGO UN SCRAPPING DEL COMIC CON COMICTAGGER
========================================================
=================== DATOS OBTENIDOS ====================
Serie: Outcast
Numero: 4
Comic: Q:\PRUEBAS\Outcast (Delcourt)(2016)(comics 1 de 2)\Outcast #04.cbz
Año de la serie:  2016
========================================================
========================================================

BUSCANDO DATOS (SCRAPPING) DEL COMIC
   >> Buscando comic SERIE: Outcast  | ISSUE: 4 | AÑO: 2016 | COMIC: Q:\PRUEBAS\Outcast (Delcourt)(2016)(comics 1 de 2)\Outcast #04.cbz | IDIOMA: español
    >> Escribiendo metadatos
    >> Buscando datos online del comic
2022-08-07T21:03:07 | comictaggerlib.cli | ERROR | Online search: No match found. Save aborted
SCRAPPING FALLIDO. ERROR:  No matches:
   >> Buscando comic SERIE: Outcast  | ISSUE: 4 | AÑO: 2016 | COMIC: Q:\PRUEBAS\Outcast (Delcourt)(2016)(comics 1 de 2)\Outcast #04.cbz | IDIOMA: ingles
    >> Escribiendo metadatos
    >> Buscando datos online del comic
2022-08-07T21:03:17 | comictaggerlib.cli | ERROR | Online search: No match found. Save aborted
SCRAPPING FALLIDO. ERROR:  No matches:
   >> Buscando comic SERIE: Outcast  | ISSUE: 4 | AÑO: 2016 | COMIC: Q:\PRUEBAS\Outcast (Delcourt)(2016)(comics 1 de 2)\Outcast #04.cbz | IDIOMA: español
    >> Escribiendo metadatos
    >> Buscando datos online del comic
2022-08-07T21:03:26 | comictaggerlib.cli | ERROR | Online search: No match found. Save aborted
SCRAPPING FALLIDO. ERROR:  No matches:
   >> Buscando comic SERIE: Outcast  | ISSUE: 4 | AÑO: 2016 | COMIC: Q:\PRUEBAS\Outcast (Delcourt)(2016)(comics 1 de 2)\Outcast #04.cbz | IDIOMA: ingles
    >> Escribiendo metadatos
    >> Buscando datos online del comic
2022-08-07T21:03:36 | comictaggerlib.cli | ERROR | Online search: No match found. Save aborted
SCRAPPING FALLIDO. ERROR:  No matches:
   >> Buscando comic SERIE: Outcast  | ISSUE: 4 | AÑO: 2015 | COMIC: Q:\PRUEBAS\Outcast (Delcourt)(2016)(comics 1 de 2)\Outcast #04.cbz | IDIOMA: español
    >> Escribiendo metadatos
    >> Buscando datos online del comic
2022-08-07T21:03:45 | comictaggerlib.cli | ERROR | Online search: No match found. Save aborted
SCRAPPING FALLIDO. ERROR:  No matches:
   >> Buscando comic SERIE: Outcast  | ISSUE: 4 | AÑO: 2015 | COMIC: Q:\PRUEBAS\Outcast (Delcourt)(2016)(comics 1 de 2)\Outcast #04.cbz | IDIOMA: ingles
    >> Escribiendo metadatos
    >> Buscando datos online del comic
2022-08-07T21:03:55 | comictaggerlib.cli | ERROR | Online search: No match found. Save aborted
SCRAPPING FALLIDO. ERROR:  No matches:
   >> Buscando comic SERIE: Outcast  | ISSUE: 4 | AÑO: 2015 | COMIC: Q:\PRUEBAS\Outcast (Delcourt)(2016)(comics 1 de 2)\Outcast #04.cbz | IDIOMA: español
    >> Escribiendo metadatos
    >> Buscando datos online del comic
2022-08-07T21:04:04 | comictaggerlib.cli | ERROR | Online search: No match found. Save aborted
SCRAPPING FALLIDO. ERROR:  No matches:
   >> Buscando comic SERIE: Outcast  | ISSUE: 4 | AÑO: 2015 | COMIC: Q:\PRUEBAS\Outcast (Delcourt)(2016)(comics 1 de 2)\Outcast #04.cbz | IDIOMA: ingles
    >> Escribiendo metadatos
    >> Buscando datos online del comic
2022-08-07T21:04:14 | comictaggerlib.cli | ERROR | Online search: No match found. Save aborted
SCRAPPING FALLIDO. ERROR:  No matches:
   >> Buscando comic SERIE: Outcast  | ISSUE: 4 | AÑO: 2017 | COMIC: Q:\PRUEBAS\Outcast (Delcourt)(2016)(comics 1 de 2)\Outcast #04.cbz | IDIOMA: español
    >> Escribiendo metadatos
    >> Buscando datos online del comic
2022-08-07T21:04:27 | comictaggerlib.cli | ERROR | Online search: Multiple low confidence matches. Save aborted
SCRAPPING FALLIDO. ERROR:  Archives with low-confidence matches:
   >> Buscando comic SERIE: Outcast  | ISSUE: 4 | AÑO: 2017 | COMIC: Q:\PRUEBAS\Outcast (Delcourt)(2016)(comics 1 de 2)\Outcast #04.cbz | IDIOMA: ingles
    >> Escribiendo metadatos
    >> Buscando datos online del comic
2022-08-07T21:04:37 | comictaggerlib.cli | ERROR | Online search: Multiple low confidence matches. Save aborted
SCRAPPING FALLIDO. ERROR:  Archives with low-confidence matches:
   >> Buscando comic SERIE: Outcast  | ISSUE: 4 | AÑO: 2017 | COMIC: Q:\PRUEBAS\Outcast (Delcourt)(2016)(comics 1 de 2)\Outcast #04.cbz | IDIOMA: español
    >> Escribiendo metadatos
    >> Buscando datos online del comic
2022-08-07T21:04:46 | comictaggerlib.cli | ERROR | Online search: Multiple low confidence matches. Save aborted
SCRAPPING FALLIDO. ERROR:  Archives with low-confidence matches:
   >> Buscando comic SERIE: Outcast  | ISSUE: 4 | AÑO: 2017 | COMIC: Q:\PRUEBAS\Outcast (Delcourt)(2016)(comics 1 de 2)\Outcast #04.cbz | IDIOMA: ingles
    >> Escribiendo metadatos
    >> Buscando datos online del comic
**********************
Command start time: 20220807210452
**********************
    >> Escribiendo metadatosTerminatingError(): "The pipeline has been stopped."
>> TerminatingError(): "The pipeline has been stopped."
>> TerminatingError(): "The pipeline has been stopped."
>> TerminatingError(): "The pipeline has been stopped."
>> TerminatingError(): "The pipeline has been stopped."
**********************
Command start time: 20220807210812
**********************
PS C:\scripts> . "c:\scripts\convierte\comic-convert.ps1"
PATH DEL SCRIPT = C:\scripts\convierte

**********************
PowerShell transcript end
End time: 20220807210812
**********************
